<?xml version="1.0" encoding="UTF-8"?>
<testsuite name="Utest World" tests="1" skipped="0" failures="1" errors="0" timestamp="2021-12-22T14:01:16" hostname="ASUS" time="53.235">
  <properties/>
  <testcase name="Register in uTest community" classname="Utest World" time="53.235">
    <failure message="java.lang.AssertionError: no such element: Unable to locate element: {&quot;method&quot;:&quot;xpath&quot;,&quot;selector&quot;:&quot;/html/body/ui-view/unauthenticated-container/div/div/div/ui-view/div/div/div/div[1]/div/h1&quot;}&#10;  (Session info: chrome=96.0.4664.110)&#10;For documentation on this error, please visit: https://www.seleniumhq.org/exceptions/no_such_element.html&#10;Build info: version: '3.141.59', revision: 'e82be7d358', time: '2018-11-14T08:17:03'&#10;System info: host: 'ASUS', ip: '192.168.1.3', os.name: 'Windows 8.1', os.arch: 'amd64', os.version: '6.3', java.version: '1.8.0_121'&#10;Driver info: org.openqa.selenium.chrome.ChromeDriver&#10;Capabilities {acceptInsecureCerts: false, browserName: chrome, browserVersion: 96.0.4664.110, chrome: {chromedriverVersion: 96.0.4664.45 (76e4c1bb2ab46..., userDataDir: C:\Users\USER\AppData\Local...}, goog:chromeOptions: {debuggerAddress: localhost:57777}, javascriptEnabled: true, networkConnectionEnabled: false, pageLoadStrategy: normal, platform: WINDOWS, platformName: WINDOWS, proxy: Proxy(), setWindowRect: true, strictFileInteractability: false, timeouts: {implicit: 0, pageLoad: 300000, script: 30000}, unhandledPromptBehavior: dismiss and notify, webauthn:extension:credBlob: true, webauthn:extension:largeBlob: true, webauthn:virtualAuthenticators: true}&#10;Session ID: 36f9e380e70888c6381102da4252875d&#10;*** Element info: {Using=xpath, value=/html/body/ui-view/unauthenticated-container/div/div/div/ui-view/div/div/div/div[1]/div/h1}" type="java.lang.AssertionError">java.lang.AssertionError: no such element: Unable to locate element: {&quot;method&quot;:&quot;xpath&quot;,&quot;selector&quot;:&quot;/html/body/ui-view/unauthenticated-container/div/div/div/ui-view/div/div/div/div[1]/div/h1&quot;}
  (Session info: chrome=96.0.4664.110)
For documentation on this error, please visit: https://www.seleniumhq.org/exceptions/no_such_element.html
Build info: version: '3.141.59', revision: 'e82be7d358', time: '2018-11-14T08:17:03'
System info: host: 'ASUS', ip: '192.168.1.3', os.name: 'Windows 8.1', os.arch: 'amd64', os.version: '6.3', java.version: '1.8.0_121'
Driver info: org.openqa.selenium.chrome.ChromeDriver
Capabilities {acceptInsecureCerts: false, browserName: chrome, browserVersion: 96.0.4664.110, chrome: {chromedriverVersion: 96.0.4664.45 (76e4c1bb2ab46..., userDataDir: C:\Users\USER\AppData\Local...}, goog:chromeOptions: {debuggerAddress: localhost:57777}, javascriptEnabled: true, networkConnectionEnabled: false, pageLoadStrategy: normal, platform: WINDOWS, platformName: WINDOWS, proxy: Proxy(), setWindowRect: true, strictFileInteractability: false, timeouts: {implicit: 0, pageLoad: 300000, script: 30000}, unhandledPromptBehavior: dismiss and notify, webauthn:extension:credBlob: true, webauthn:extension:largeBlob: true, webauthn:virtualAuthenticators: true}
Session ID: 36f9e380e70888c6381102da4252875d
*** Element info: {Using=xpath, value=/html/body/ui-view/unauthenticated-container/div/div/div/ui-view/div/div/div/div[1]/div/h1}
	at net.serenitybdd.screenplay.ErrorTally.throwSummaryExceptionFrom(ErrorTally.java:36)
	at net.serenitybdd.screenplay.ErrorTally.reportAnyErrors(ErrorTally.java:30)
	at net.serenitybdd.screenplay.Actor.should(Actor.java:301)
	at co.com.choucair.certification.utestproject.stepdefinitions.WorldUtestStepDefinitions.heRegistersHisInformationAndSeeTheAccountRegisterConfirmation(WorldUtestStepDefinitions.java:33)
	at ✽.he registers his information and see the account register confirmation(src/test/resources/features/utestWorld.feature:9)
</failure>
  </testcase>
  <system-out><![CDATA[]]></system-out>
  <system-err><![CDATA[[Test worker] WARN net.thucydides.core.steps.BaseStepListener - stepStarted: net.thucydides.core.steps.ExecutedStepDescription@6642a882
[Test worker] WARN net.thucydides.core.steps.BaseStepListener - stepStarted: net.thucydides.core.steps.ExecutedStepDescription@73027195
[Test worker] WARN net.thucydides.core.steps.BaseStepListener - stepStarted: net.thucydides.core.steps.ExecutedStepDescription@4a0a3a4b
dic 22, 2021 9:01:17 AM org.openqa.selenium.remote.DesiredCapabilities chrome
INFORMACIÓN: Using `new ChromeOptions()` is preferred to `DesiredCapabilities.chrome()`
[Test worker] INFO net.serenitybdd.core.webdriver.driverproviders.ProvideNewDriver - Instantiating driver
[Test worker] INFO net.serenitybdd.core.webdriver.driverproviders.ProvideNewDriver - Driver capabilities: Capabilities {acceptInsecureCerts: false, browserName: chrome, chrome.switches: --start-maximized, goog:chromeOptions: {args: [--start-maximized], extensions: []}, loggingPrefs: org.openqa.selenium.logging..., platform: ANY, version: }
Starting ChromeDriver 96.0.4664.45 (76e4c1bb2ab4671b8beba3444e61c0f17584b2fc-refs/branch-heads/4664@{#947}) on port 49144
Only local connections are allowed.
Please see https://chromedriver.chromium.org/security-considerations for suggestions on keeping ChromeDriver safe.
ChromeDriver was started successfully.
dic 22, 2021 9:01:19 AM org.openqa.selenium.remote.ProtocolHandshake createSession
INFORMACIÓN: Detected dialect: W3C
[Test worker] WARN net.thucydides.core.steps.BaseStepListener - stepFinished: current outcome:Register in uTest community:Given than Evaristo wants to join the uTest community [Evaristo open up [Evaristo opens the Utest world page]]
[Test worker] WARN net.thucydides.core.steps.BaseStepListener - stepFinished: current outcome:Register in uTest community:Given than Evaristo wants to join the uTest community [Evaristo open up [Evaristo opens the Utest world page]]
[Test worker] WARN net.thucydides.core.steps.BaseStepListener - stepStarted: net.thucydides.core.steps.ExecutedStepDescription@5d14c26e
[Test worker] WARN net.thucydides.core.steps.BaseStepListener - stepStarted: net.thucydides.core.steps.ExecutedStepDescription@38af5605
[Test worker] WARN net.thucydides.core.steps.BaseStepListener - stepFinished: current outcome:Register in uTest community:Given than Evaristo wants to join the uTest community [Evaristo open up [Evaristo opens the Utest world page], Evaristo form one [Evaristo clicks on Button that shows us the registration personal form]]
[Test worker] WARN net.thucydides.core.steps.BaseStepListener - stepStarted: net.thucydides.core.steps.ExecutedStepDescription@7ea787de
[Test worker] WARN net.thucydides.core.steps.BaseStepListener - stepFinished: current outcome:Register in uTest community:Given than Evaristo wants to join the uTest community [Evaristo open up [Evaristo opens the Utest world page], Evaristo form one [Evaristo clicks on Button that shows us the registration personal form, Evaristo enters 'TypeYourFirstName' into where we write the first name]]
[Test worker] WARN net.thucydides.core.steps.BaseStepListener - stepStarted: net.thucydides.core.steps.ExecutedStepDescription@18d70132
[Test worker] WARN net.thucydides.core.steps.BaseStepListener - stepFinished: current outcome:Register in uTest community:Given than Evaristo wants to join the uTest community [Evaristo open up [Evaristo opens the Utest world page], Evaristo form one [Evaristo clicks on Button that shows us the registration personal form, Evaristo enters 'TypeYourFirstName' into where we write the first name, Evaristo enters 'TypeYourLastName' into where we write the last name]]
[Test worker] WARN net.thucydides.core.steps.BaseStepListener - stepStarted: net.thucydides.core.steps.ExecutedStepDescription@3a4bb7a6
[Test worker] WARN net.thucydides.core.steps.BaseStepListener - stepFinished: current outcome:Register in uTest community:Given than Evaristo wants to join the uTest community [Evaristo open up [Evaristo opens the Utest world page], Evaristo form one [Evaristo clicks on Button that shows us the registration personal form, Evaristo enters 'TypeYourFirstName' into where we write the first name, Evaristo enters 'TypeYourLastName' into where we write the last name, Evaristo enters 'myemailemailmy@example.com' into where we write the EMAIL ADDRESS]]
[Test worker] WARN net.thucydides.core.steps.BaseStepListener - stepStarted: net.thucydides.core.steps.ExecutedStepDescription@8d36ebc
[Test worker] WARN net.thucydides.core.steps.BaseStepListener - stepFinished: current outcome:Register in uTest community:Given than Evaristo wants to join the uTest community [Evaristo open up [Evaristo opens the Utest world page], Evaristo form one [Evaristo clicks on Button that shows us the registration personal form, Evaristo enters 'TypeYourFirstName' into where we write the first name, Evaristo enters 'TypeYourLastName' into where we write the last name, Evaristo enters 'myemailemailmy@example.com' into where we write the EMAIL ADDRESS, Evaristo selects index 5 in where we select the month of birth]]
[Test worker] WARN net.thucydides.core.steps.BaseStepListener - stepStarted: net.thucydides.core.steps.ExecutedStepDescription@465c5a2d
[Test worker] WARN net.thucydides.core.steps.BaseStepListener - stepFinished: current outcome:Register in uTest community:Given than Evaristo wants to join the uTest community [Evaristo open up [Evaristo opens the Utest world page], Evaristo form one [Evaristo clicks on Button that shows us the registration personal form, Evaristo enters 'TypeYourFirstName' into where we write the first name, Evaristo enters 'TypeYourLastName' into where we write the last name, Evaristo enters 'myemailemailmy@example.com' into where we write the EMAIL ADDRESS, Evaristo selects index 5 in where we select the month of birth, Evaristo selects index 21 in where we select the day of birth]]
[Test worker] WARN net.thucydides.core.steps.BaseStepListener - stepStarted: net.thucydides.core.steps.ExecutedStepDescription@38882b98
[Test worker] WARN net.thucydides.core.steps.BaseStepListener - stepFinished: current outcome:Register in uTest community:Given than Evaristo wants to join the uTest community [Evaristo open up [Evaristo opens the Utest world page], Evaristo form one [Evaristo clicks on Button that shows us the registration personal form, Evaristo enters 'TypeYourFirstName' into where we write the first name, Evaristo enters 'TypeYourLastName' into where we write the last name, Evaristo enters 'myemailemailmy@example.com' into where we write the EMAIL ADDRESS, Evaristo selects index 5 in where we select the month of birth, Evaristo selects index 21 in where we select the day of birth, Evaristo selects index 13 in where we select the year of birth]]
[Test worker] WARN net.thucydides.core.steps.BaseStepListener - stepStarted: net.thucydides.core.steps.ExecutedStepDescription@5a837610
[Test worker] WARN net.thucydides.core.steps.BaseStepListener - stepFinished: current outcome:Register in uTest community:Given than Evaristo wants to join the uTest community [Evaristo open up [Evaristo opens the Utest world page], Evaristo form one [Evaristo clicks on Button that shows us the registration personal form, Evaristo enters 'TypeYourFirstName' into where we write the first name, Evaristo enters 'TypeYourLastName' into where we write the last name, Evaristo enters 'myemailemailmy@example.com' into where we write the EMAIL ADDRESS, Evaristo selects index 5 in where we select the month of birth, Evaristo selects index 21 in where we select the day of birth, Evaristo selects index 13 in where we select the year of birth, Evaristo clicks on button to continue to the next form]]
[Test worker] WARN net.thucydides.core.steps.BaseStepListener - stepFinished: current outcome:Register in uTest community:Given than Evaristo wants to join the uTest community [Evaristo open up [Evaristo opens the Utest world page], Evaristo form one [Evaristo clicks on Button that shows us the registration personal form, Evaristo enters 'TypeYourFirstName' into where we write the first name, Evaristo enters 'TypeYourLastName' into where we write the last name, Evaristo enters 'myemailemailmy@example.com' into where we write the EMAIL ADDRESS, Evaristo selects index 5 in where we select the month of birth, Evaristo selects index 21 in where we select the day of birth, Evaristo selects index 13 in where we select the year of birth, Evaristo clicks on button to continue to the next form]]
[Test worker] WARN net.thucydides.core.steps.BaseStepListener - stepFinished: current outcome:Register in uTest community:Given than Evaristo wants to join the uTest community [Evaristo open up [Evaristo opens the Utest world page], Evaristo form one [Evaristo clicks on Button that shows us the registration personal form, Evaristo enters 'TypeYourFirstName' into where we write the first name, Evaristo enters 'TypeYourLastName' into where we write the last name, Evaristo enters 'myemailemailmy@example.com' into where we write the EMAIL ADDRESS, Evaristo selects index 5 in where we select the month of birth, Evaristo selects index 21 in where we select the day of birth, Evaristo selects index 13 in where we select the year of birth, Evaristo clicks on button to continue to the next form]]
[Test worker] WARN net.thucydides.core.steps.BaseStepListener - stepStarted: net.thucydides.core.steps.ExecutedStepDescription@32e649be
[Test worker] WARN net.thucydides.core.steps.BaseStepListener - stepStarted: net.thucydides.core.steps.ExecutedStepDescription@41c449c2
[Test worker] WARN net.thucydides.core.steps.BaseStepListener - stepStarted: net.thucydides.core.steps.ExecutedStepDescription@23c9fd34
[Test worker] WARN net.thucydides.core.steps.BaseStepListener - stepFinished: current outcome:Register in uTest community:Given than Evaristo wants to join the uTest community [Evaristo open up [Evaristo opens the Utest world page], Evaristo form one [Evaristo clicks on Button that shows us the registration personal form, Evaristo enters 'TypeYourFirstName' into where we write the first name, Evaristo enters 'TypeYourLastName' into where we write the last name, Evaristo enters 'myemailemailmy@example.com' into where we write the EMAIL ADDRESS, Evaristo selects index 5 in where we select the month of birth, Evaristo selects index 21 in where we select the day of birth, Evaristo selects index 13 in where we select the year of birth, Evaristo clicks on button to continue to the next form]], When he search for the registration form in the uTest community web page [Evaristo fill [Evaristo enters 'Envigado' into where we type the city]]
[Test worker] WARN net.thucydides.core.steps.BaseStepListener - stepStarted: net.thucydides.core.steps.ExecutedStepDescription@3c98626b
[Test worker] WARN net.thucydides.core.steps.BaseStepListener - stepFinished: current outcome:Register in uTest community:Given than Evaristo wants to join the uTest community [Evaristo open up [Evaristo opens the Utest world page], Evaristo form one [Evaristo clicks on Button that shows us the registration personal form, Evaristo enters 'TypeYourFirstName' into where we write the first name, Evaristo enters 'TypeYourLastName' into where we write the last name, Evaristo enters 'myemailemailmy@example.com' into where we write the EMAIL ADDRESS, Evaristo selects index 5 in where we select the month of birth, Evaristo selects index 21 in where we select the day of birth, Evaristo selects index 13 in where we select the year of birth, Evaristo clicks on button to continue to the next form]], When he search for the registration form in the uTest community web page [Evaristo fill [Evaristo enters 'Envigado' into where we type the city, Evaristo types 'ARROW_DOWN' in where we type the city]]
[Test worker] WARN net.thucydides.core.steps.BaseStepListener - stepStarted: net.thucydides.core.steps.ExecutedStepDescription@20a123ef
[Test worker] WARN net.thucydides.core.steps.BaseStepListener - stepFinished: current outcome:Register in uTest community:Given than Evaristo wants to join the uTest community [Evaristo open up [Evaristo opens the Utest world page], Evaristo form one [Evaristo clicks on Button that shows us the registration personal form, Evaristo enters 'TypeYourFirstName' into where we write the first name, Evaristo enters 'TypeYourLastName' into where we write the last name, Evaristo enters 'myemailemailmy@example.com' into where we write the EMAIL ADDRESS, Evaristo selects index 5 in where we select the month of birth, Evaristo selects index 21 in where we select the day of birth, Evaristo selects index 13 in where we select the year of birth, Evaristo clicks on button to continue to the next form]], When he search for the registration form in the uTest community web page [Evaristo fill [Evaristo enters 'Envigado' into where we type the city, Evaristo types 'ARROW_DOWN' in where we type the city, Evaristo clicks on where we view the city map]]
[Test worker] WARN net.thucydides.core.steps.BaseStepListener - stepStarted: net.thucydides.core.steps.ExecutedStepDescription@5854d951
[Test worker] WARN net.thucydides.core.steps.BaseStepListener - stepFinished: current outcome:Register in uTest community:Given than Evaristo wants to join the uTest community [Evaristo open up [Evaristo opens the Utest world page], Evaristo form one [Evaristo clicks on Button that shows us the registration personal form, Evaristo enters 'TypeYourFirstName' into where we write the first name, Evaristo enters 'TypeYourLastName' into where we write the last name, Evaristo enters 'myemailemailmy@example.com' into where we write the EMAIL ADDRESS, Evaristo selects index 5 in where we select the month of birth, Evaristo selects index 21 in where we select the day of birth, Evaristo selects index 13 in where we select the year of birth, Evaristo clicks on button to continue to the next form]], When he search for the registration form in the uTest community web page [Evaristo fill [Evaristo enters 'Envigado' into where we type the city, Evaristo types 'ARROW_DOWN' in where we type the city, Evaristo clicks on where we view the city map, Evaristo enters '055428' into where we type the zip or postal code]]
[Test worker] WARN net.thucydides.core.steps.BaseStepListener - stepStarted: net.thucydides.core.steps.ExecutedStepDescription@17b4e868
[Test worker] WARN net.thucydides.core.steps.BaseStepListener - stepFinished: current outcome:Register in uTest community:Given than Evaristo wants to join the uTest community [Evaristo open up [Evaristo opens the Utest world page], Evaristo form one [Evaristo clicks on Button that shows us the registration personal form, Evaristo enters 'TypeYourFirstName' into where we write the first name, Evaristo enters 'TypeYourLastName' into where we write the last name, Evaristo enters 'myemailemailmy@example.com' into where we write the EMAIL ADDRESS, Evaristo selects index 5 in where we select the month of birth, Evaristo selects index 21 in where we select the day of birth, Evaristo selects index 13 in where we select the year of birth, Evaristo clicks on button to continue to the next form]], When he search for the registration form in the uTest community web page [Evaristo fill [Evaristo enters 'Envigado' into where we type the city, Evaristo types 'ARROW_DOWN' in where we type the city, Evaristo clicks on where we view the city map, Evaristo enters '055428' into where we type the zip or postal code, Evaristo clicks on button to continue to the next form]]
[Test worker] WARN net.thucydides.core.steps.BaseStepListener - stepFinished: current outcome:Register in uTest community:Given than Evaristo wants to join the uTest community [Evaristo open up [Evaristo opens the Utest world page], Evaristo form one [Evaristo clicks on Button that shows us the registration personal form, Evaristo enters 'TypeYourFirstName' into where we write the first name, Evaristo enters 'TypeYourLastName' into where we write the last name, Evaristo enters 'myemailemailmy@example.com' into where we write the EMAIL ADDRESS, Evaristo selects index 5 in where we select the month of birth, Evaristo selects index 21 in where we select the day of birth, Evaristo selects index 13 in where we select the year of birth, Evaristo clicks on button to continue to the next form]], When he search for the registration form in the uTest community web page [Evaristo fill [Evaristo enters 'Envigado' into where we type the city, Evaristo types 'ARROW_DOWN' in where we type the city, Evaristo clicks on where we view the city map, Evaristo enters '055428' into where we type the zip or postal code, Evaristo clicks on button to continue to the next form]]
[Test worker] WARN net.thucydides.core.steps.BaseStepListener - stepStarted: net.thucydides.core.steps.ExecutedStepDescription@446373da
[Test worker] WARN net.thucydides.core.steps.BaseStepListener - stepStarted: net.thucydides.core.steps.ExecutedStepDescription@507b91ff
[Test worker] WARN net.thucydides.core.steps.BaseStepListener - stepFinished: current outcome:Register in uTest community:Given than Evaristo wants to join the uTest community [Evaristo open up [Evaristo opens the Utest world page], Evaristo form one [Evaristo clicks on Button that shows us the registration personal form, Evaristo enters 'TypeYourFirstName' into where we write the first name, Evaristo enters 'TypeYourLastName' into where we write the last name, Evaristo enters 'myemailemailmy@example.com' into where we write the EMAIL ADDRESS, Evaristo selects index 5 in where we select the month of birth, Evaristo selects index 21 in where we select the day of birth, Evaristo selects index 13 in where we select the year of birth, Evaristo clicks on button to continue to the next form]], When he search for the registration form in the uTest community web page [Evaristo fill [Evaristo enters 'Envigado' into where we type the city, Evaristo types 'ARROW_DOWN' in where we type the city, Evaristo clicks on where we view the city map, Evaristo enters '055428' into where we type the zip or postal code, Evaristo clicks on button to continue to the next form], Evaristo form three [Evaristo clicks on where we select the computer OS]]
[Test worker] WARN net.thucydides.core.steps.BaseStepListener - stepStarted: net.thucydides.core.steps.ExecutedStepDescription@d3bdcbc
[Test worker] WARN net.thucydides.core.steps.BaseStepListener - stepFinished: current outcome:Register in uTest community:Given than Evaristo wants to join the uTest community [Evaristo open up [Evaristo opens the Utest world page], Evaristo form one [Evaristo clicks on Button that shows us the registration personal form, Evaristo enters 'TypeYourFirstName' into where we write the first name, Evaristo enters 'TypeYourLastName' into where we write the last name, Evaristo enters 'myemailemailmy@example.com' into where we write the EMAIL ADDRESS, Evaristo selects index 5 in where we select the month of birth, Evaristo selects index 21 in where we select the day of birth, Evaristo selects index 13 in where we select the year of birth, Evaristo clicks on button to continue to the next form]], When he search for the registration form in the uTest community web page [Evaristo fill [Evaristo enters 'Envigado' into where we type the city, Evaristo types 'ARROW_DOWN' in where we type the city, Evaristo clicks on where we view the city map, Evaristo enters '055428' into where we type the zip or postal code, Evaristo clicks on button to continue to the next form], Evaristo form three [Evaristo clicks on where we select the computer OS, Evaristo clicks on where we select the computer OS options]]
[Test worker] WARN net.thucydides.core.steps.BaseStepListener - stepStarted: net.thucydides.core.steps.ExecutedStepDescription@33e45c84
[Test worker] WARN net.thucydides.core.steps.BaseStepListener - stepFinished: current outcome:Register in uTest community:Given than Evaristo wants to join the uTest community [Evaristo open up [Evaristo opens the Utest world page], Evaristo form one [Evaristo clicks on Button that shows us the registration personal form, Evaristo enters 'TypeYourFirstName' into where we write the first name, Evaristo enters 'TypeYourLastName' into where we write the last name, Evaristo enters 'myemailemailmy@example.com' into where we write the EMAIL ADDRESS, Evaristo selects index 5 in where we select the month of birth, Evaristo selects index 21 in where we select the day of birth, Evaristo selects index 13 in where we select the year of birth, Evaristo clicks on button to continue to the next form]], When he search for the registration form in the uTest community web page [Evaristo fill [Evaristo enters 'Envigado' into where we type the city, Evaristo types 'ARROW_DOWN' in where we type the city, Evaristo clicks on where we view the city map, Evaristo enters '055428' into where we type the zip or postal code, Evaristo clicks on button to continue to the next form], Evaristo form three [Evaristo clicks on where we select the computer OS, Evaristo clicks on where we select the computer OS options, Evaristo clicks on where we select the OS version]]
[Test worker] WARN net.thucydides.core.steps.BaseStepListener - stepStarted: net.thucydides.core.steps.ExecutedStepDescription@1cc27cfb
[Test worker] WARN net.thucydides.core.steps.BaseStepListener - stepFinished: current outcome:Register in uTest community:Given than Evaristo wants to join the uTest community [Evaristo open up [Evaristo opens the Utest world page], Evaristo form one [Evaristo clicks on Button that shows us the registration personal form, Evaristo enters 'TypeYourFirstName' into where we write the first name, Evaristo enters 'TypeYourLastName' into where we write the last name, Evaristo enters 'myemailemailmy@example.com' into where we write the EMAIL ADDRESS, Evaristo selects index 5 in where we select the month of birth, Evaristo selects index 21 in where we select the day of birth, Evaristo selects index 13 in where we select the year of birth, Evaristo clicks on button to continue to the next form]], When he search for the registration form in the uTest community web page [Evaristo fill [Evaristo enters 'Envigado' into where we type the city, Evaristo types 'ARROW_DOWN' in where we type the city, Evaristo clicks on where we view the city map, Evaristo enters '055428' into where we type the zip or postal code, Evaristo clicks on button to continue to the next form], Evaristo form three [Evaristo clicks on where we select the computer OS, Evaristo clicks on where we select the computer OS options, Evaristo clicks on where we select the OS version, Evaristo clicks on where we select the version options]]
[Test worker] WARN net.thucydides.core.steps.BaseStepListener - stepStarted: net.thucydides.core.steps.ExecutedStepDescription@8d88917
[Test worker] WARN net.thucydides.core.steps.BaseStepListener - stepFinished: current outcome:Register in uTest community:Given than Evaristo wants to join the uTest community [Evaristo open up [Evaristo opens the Utest world page], Evaristo form one [Evaristo clicks on Button that shows us the registration personal form, Evaristo enters 'TypeYourFirstName' into where we write the first name, Evaristo enters 'TypeYourLastName' into where we write the last name, Evaristo enters 'myemailemailmy@example.com' into where we write the EMAIL ADDRESS, Evaristo selects index 5 in where we select the month of birth, Evaristo selects index 21 in where we select the day of birth, Evaristo selects index 13 in where we select the year of birth, Evaristo clicks on button to continue to the next form]], When he search for the registration form in the uTest community web page [Evaristo fill [Evaristo enters 'Envigado' into where we type the city, Evaristo types 'ARROW_DOWN' in where we type the city, Evaristo clicks on where we view the city map, Evaristo enters '055428' into where we type the zip or postal code, Evaristo clicks on button to continue to the next form], Evaristo form three [Evaristo clicks on where we select the computer OS, Evaristo clicks on where we select the computer OS options, Evaristo clicks on where we select the OS version, Evaristo clicks on where we select the version options, Evaristo clicks on where we select the OS language]]
[Test worker] WARN net.thucydides.core.steps.BaseStepListener - stepStarted: net.thucydides.core.steps.ExecutedStepDescription@265e9b28
[Test worker] WARN net.thucydides.core.steps.BaseStepListener - stepFinished: current outcome:Register in uTest community:Given than Evaristo wants to join the uTest community [Evaristo open up [Evaristo opens the Utest world page], Evaristo form one [Evaristo clicks on Button that shows us the registration personal form, Evaristo enters 'TypeYourFirstName' into where we write the first name, Evaristo enters 'TypeYourLastName' into where we write the last name, Evaristo enters 'myemailemailmy@example.com' into where we write the EMAIL ADDRESS, Evaristo selects index 5 in where we select the month of birth, Evaristo selects index 21 in where we select the day of birth, Evaristo selects index 13 in where we select the year of birth, Evaristo clicks on button to continue to the next form]], When he search for the registration form in the uTest community web page [Evaristo fill [Evaristo enters 'Envigado' into where we type the city, Evaristo types 'ARROW_DOWN' in where we type the city, Evaristo clicks on where we view the city map, Evaristo enters '055428' into where we type the zip or postal code, Evaristo clicks on button to continue to the next form], Evaristo form three [Evaristo clicks on where we select the computer OS, Evaristo clicks on where we select the computer OS options, Evaristo clicks on where we select the OS version, Evaristo clicks on where we select the version options, Evaristo clicks on where we select the OS language, Evaristo clicks on where we select the OS language options]]
[Test worker] WARN net.thucydides.core.steps.BaseStepListener - stepStarted: net.thucydides.core.steps.ExecutedStepDescription@553087a3
[Test worker] WARN net.thucydides.core.steps.BaseStepListener - stepFinished: current outcome:Register in uTest community:Given than Evaristo wants to join the uTest community [Evaristo open up [Evaristo opens the Utest world page], Evaristo form one [Evaristo clicks on Button that shows us the registration personal form, Evaristo enters 'TypeYourFirstName' into where we write the first name, Evaristo enters 'TypeYourLastName' into where we write the last name, Evaristo enters 'myemailemailmy@example.com' into where we write the EMAIL ADDRESS, Evaristo selects index 5 in where we select the month of birth, Evaristo selects index 21 in where we select the day of birth, Evaristo selects index 13 in where we select the year of birth, Evaristo clicks on button to continue to the next form]], When he search for the registration form in the uTest community web page [Evaristo fill [Evaristo enters 'Envigado' into where we type the city, Evaristo types 'ARROW_DOWN' in where we type the city, Evaristo clicks on where we view the city map, Evaristo enters '055428' into where we type the zip or postal code, Evaristo clicks on button to continue to the next form], Evaristo form three [Evaristo clicks on where we select the computer OS, Evaristo clicks on where we select the computer OS options, Evaristo clicks on where we select the OS version, Evaristo clicks on where we select the version options, Evaristo clicks on where we select the OS language, Evaristo clicks on where we select the OS language options, Evaristo clicks on where we select the mobile brand]]
[Test worker] WARN net.thucydides.core.steps.BaseStepListener - stepStarted: net.thucydides.core.steps.ExecutedStepDescription@5c48e648
[Test worker] WARN net.thucydides.core.steps.BaseStepListener - stepFinished: current outcome:Register in uTest community:Given than Evaristo wants to join the uTest community [Evaristo open up [Evaristo opens the Utest world page], Evaristo form one [Evaristo clicks on Button that shows us the registration personal form, Evaristo enters 'TypeYourFirstName' into where we write the first name, Evaristo enters 'TypeYourLastName' into where we write the last name, Evaristo enters 'myemailemailmy@example.com' into where we write the EMAIL ADDRESS, Evaristo selects index 5 in where we select the month of birth, Evaristo selects index 21 in where we select the day of birth, Evaristo selects index 13 in where we select the year of birth, Evaristo clicks on button to continue to the next form]], When he search for the registration form in the uTest community web page [Evaristo fill [Evaristo enters 'Envigado' into where we type the city, Evaristo types 'ARROW_DOWN' in where we type the city, Evaristo clicks on where we view the city map, Evaristo enters '055428' into where we type the zip or postal code, Evaristo clicks on button to continue to the next form], Evaristo form three [Evaristo clicks on where we select the computer OS, Evaristo clicks on where we select the computer OS options, Evaristo clicks on where we select the OS version, Evaristo clicks on where we select the version options, Evaristo clicks on where we select the OS language, Evaristo clicks on where we select the OS language options, Evaristo clicks on where we select the mobile brand, Evaristo clicks on where we select the mobile brand options]]
[Test worker] WARN net.thucydides.core.steps.BaseStepListener - stepStarted: net.thucydides.core.steps.ExecutedStepDescription@7397c396
[Test worker] WARN net.thucydides.core.steps.BaseStepListener - stepFinished: current outcome:Register in uTest community:Given than Evaristo wants to join the uTest community [Evaristo open up [Evaristo opens the Utest world page], Evaristo form one [Evaristo clicks on Button that shows us the registration personal form, Evaristo enters 'TypeYourFirstName' into where we write the first name, Evaristo enters 'TypeYourLastName' into where we write the last name, Evaristo enters 'myemailemailmy@example.com' into where we write the EMAIL ADDRESS, Evaristo selects index 5 in where we select the month of birth, Evaristo selects index 21 in where we select the day of birth, Evaristo selects index 13 in where we select the year of birth, Evaristo clicks on button to continue to the next form]], When he search for the registration form in the uTest community web page [Evaristo fill [Evaristo enters 'Envigado' into where we type the city, Evaristo types 'ARROW_DOWN' in where we type the city, Evaristo clicks on where we view the city map, Evaristo enters '055428' into where we type the zip or postal code, Evaristo clicks on button to continue to the next form], Evaristo form three [Evaristo clicks on where we select the computer OS, Evaristo clicks on where we select the computer OS options, Evaristo clicks on where we select the OS version, Evaristo clicks on where we select the version options, Evaristo clicks on where we select the OS language, Evaristo clicks on where we select the OS language options, Evaristo clicks on where we select the mobile brand, Evaristo clicks on where we select the mobile brand options, Evaristo clicks on where we select the mobile model]]
[Test worker] WARN net.thucydides.core.steps.BaseStepListener - stepStarted: net.thucydides.core.steps.ExecutedStepDescription@596b93e6
[Test worker] WARN net.thucydides.core.steps.BaseStepListener - stepFinished: current outcome:Register in uTest community:Given than Evaristo wants to join the uTest community [Evaristo open up [Evaristo opens the Utest world page], Evaristo form one [Evaristo clicks on Button that shows us the registration personal form, Evaristo enters 'TypeYourFirstName' into where we write the first name, Evaristo enters 'TypeYourLastName' into where we write the last name, Evaristo enters 'myemailemailmy@example.com' into where we write the EMAIL ADDRESS, Evaristo selects index 5 in where we select the month of birth, Evaristo selects index 21 in where we select the day of birth, Evaristo selects index 13 in where we select the year of birth, Evaristo clicks on button to continue to the next form]], When he search for the registration form in the uTest community web page [Evaristo fill [Evaristo enters 'Envigado' into where we type the city, Evaristo types 'ARROW_DOWN' in where we type the city, Evaristo clicks on where we view the city map, Evaristo enters '055428' into where we type the zip or postal code, Evaristo clicks on button to continue to the next form], Evaristo form three [Evaristo clicks on where we select the computer OS, Evaristo clicks on where we select the computer OS options, Evaristo clicks on where we select the OS version, Evaristo clicks on where we select the version options, Evaristo clicks on where we select the OS language, Evaristo clicks on where we select the OS language options, Evaristo clicks on where we select the mobile brand, Evaristo clicks on where we select the mobile brand options, Evaristo clicks on where we select the mobile model, Evaristo clicks on where we select the mobile model options]]
[Test worker] WARN net.thucydides.core.steps.BaseStepListener - stepStarted: net.thucydides.core.steps.ExecutedStepDescription@61bfe169
[Test worker] WARN net.thucydides.core.steps.BaseStepListener - stepFinished: current outcome:Register in uTest community:Given than Evaristo wants to join the uTest community [Evaristo open up [Evaristo opens the Utest world page], Evaristo form one [Evaristo clicks on Button that shows us the registration personal form, Evaristo enters 'TypeYourFirstName' into where we write the first name, Evaristo enters 'TypeYourLastName' into where we write the last name, Evaristo enters 'myemailemailmy@example.com' into where we write the EMAIL ADDRESS, Evaristo selects index 5 in where we select the month of birth, Evaristo selects index 21 in where we select the day of birth, Evaristo selects index 13 in where we select the year of birth, Evaristo clicks on button to continue to the next form]], When he search for the registration form in the uTest community web page [Evaristo fill [Evaristo enters 'Envigado' into where we type the city, Evaristo types 'ARROW_DOWN' in where we type the city, Evaristo clicks on where we view the city map, Evaristo enters '055428' into where we type the zip or postal code, Evaristo clicks on button to continue to the next form], Evaristo form three [Evaristo clicks on where we select the computer OS, Evaristo clicks on where we select the computer OS options, Evaristo clicks on where we select the OS version, Evaristo clicks on where we select the version options, Evaristo clicks on where we select the OS language, Evaristo clicks on where we select the OS language options, Evaristo clicks on where we select the mobile brand, Evaristo clicks on where we select the mobile brand options, Evaristo clicks on where we select the mobile model, Evaristo clicks on where we select the mobile model options, Evaristo clicks on where we select the mobile OS]]
[Test worker] WARN net.thucydides.core.steps.BaseStepListener - stepStarted: net.thucydides.core.steps.ExecutedStepDescription@3def2eae
[Test worker] WARN net.thucydides.core.steps.BaseStepListener - stepFinished: current outcome:Register in uTest community:Given than Evaristo wants to join the uTest community [Evaristo open up [Evaristo opens the Utest world page], Evaristo form one [Evaristo clicks on Button that shows us the registration personal form, Evaristo enters 'TypeYourFirstName' into where we write the first name, Evaristo enters 'TypeYourLastName' into where we write the last name, Evaristo enters 'myemailemailmy@example.com' into where we write the EMAIL ADDRESS, Evaristo selects index 5 in where we select the month of birth, Evaristo selects index 21 in where we select the day of birth, Evaristo selects index 13 in where we select the year of birth, Evaristo clicks on button to continue to the next form]], When he search for the registration form in the uTest community web page [Evaristo fill [Evaristo enters 'Envigado' into where we type the city, Evaristo types 'ARROW_DOWN' in where we type the city, Evaristo clicks on where we view the city map, Evaristo enters '055428' into where we type the zip or postal code, Evaristo clicks on button to continue to the next form], Evaristo form three [Evaristo clicks on where we select the computer OS, Evaristo clicks on where we select the computer OS options, Evaristo clicks on where we select the OS version, Evaristo clicks on where we select the version options, Evaristo clicks on where we select the OS language, Evaristo clicks on where we select the OS language options, Evaristo clicks on where we select the mobile brand, Evaristo clicks on where we select the mobile brand options, Evaristo clicks on where we select the mobile model, Evaristo clicks on where we select the mobile model options, Evaristo clicks on where we select the mobile OS, Evaristo clicks on where we select the mobile OS options]]
[Test worker] WARN net.thucydides.core.steps.BaseStepListener - stepStarted: net.thucydides.core.steps.ExecutedStepDescription@2fc5bb65
[Test worker] WARN net.thucydides.core.steps.BaseStepListener - stepFinished: current outcome:Register in uTest community:Given than Evaristo wants to join the uTest community [Evaristo open up [Evaristo opens the Utest world page], Evaristo form one [Evaristo clicks on Button that shows us the registration personal form, Evaristo enters 'TypeYourFirstName' into where we write the first name, Evaristo enters 'TypeYourLastName' into where we write the last name, Evaristo enters 'myemailemailmy@example.com' into where we write the EMAIL ADDRESS, Evaristo selects index 5 in where we select the month of birth, Evaristo selects index 21 in where we select the day of birth, Evaristo selects index 13 in where we select the year of birth, Evaristo clicks on button to continue to the next form]], When he search for the registration form in the uTest community web page [Evaristo fill [Evaristo enters 'Envigado' into where we type the city, Evaristo types 'ARROW_DOWN' in where we type the city, Evaristo clicks on where we view the city map, Evaristo enters '055428' into where we type the zip or postal code, Evaristo clicks on button to continue to the next form], Evaristo form three [Evaristo clicks on where we select the computer OS, Evaristo clicks on where we select the computer OS options, Evaristo clicks on where we select the OS version, Evaristo clicks on where we select the version options, Evaristo clicks on where we select the OS language, Evaristo clicks on where we select the OS language options, Evaristo clicks on where we select the mobile brand, Evaristo clicks on where we select the mobile brand options, Evaristo clicks on where we select the mobile model, Evaristo clicks on where we select the mobile model options, Evaristo clicks on where we select the mobile OS, Evaristo clicks on where we select the mobile OS options, Evaristo clicks on button to continue to the next form]]
[Test worker] WARN net.thucydides.core.steps.BaseStepListener - stepFinished: current outcome:Register in uTest community:Given than Evaristo wants to join the uTest community [Evaristo open up [Evaristo opens the Utest world page], Evaristo form one [Evaristo clicks on Button that shows us the registration personal form, Evaristo enters 'TypeYourFirstName' into where we write the first name, Evaristo enters 'TypeYourLastName' into where we write the last name, Evaristo enters 'myemailemailmy@example.com' into where we write the EMAIL ADDRESS, Evaristo selects index 5 in where we select the month of birth, Evaristo selects index 21 in where we select the day of birth, Evaristo selects index 13 in where we select the year of birth, Evaristo clicks on button to continue to the next form]], When he search for the registration form in the uTest community web page [Evaristo fill [Evaristo enters 'Envigado' into where we type the city, Evaristo types 'ARROW_DOWN' in where we type the city, Evaristo clicks on where we view the city map, Evaristo enters '055428' into where we type the zip or postal code, Evaristo clicks on button to continue to the next form], Evaristo form three [Evaristo clicks on where we select the computer OS, Evaristo clicks on where we select the computer OS options, Evaristo clicks on where we select the OS version, Evaristo clicks on where we select the version options, Evaristo clicks on where we select the OS language, Evaristo clicks on where we select the OS language options, Evaristo clicks on where we select the mobile brand, Evaristo clicks on where we select the mobile brand options, Evaristo clicks on where we select the mobile model, Evaristo clicks on where we select the mobile model options, Evaristo clicks on where we select the mobile OS, Evaristo clicks on where we select the mobile OS options, Evaristo clicks on button to continue to the next form]]
[Test worker] WARN net.thucydides.core.steps.BaseStepListener - stepStarted: net.thucydides.core.steps.ExecutedStepDescription@7383c63c
[Test worker] WARN net.thucydides.core.steps.BaseStepListener - stepStarted: net.thucydides.core.steps.ExecutedStepDescription@4c45a84a
[Test worker] WARN net.thucydides.core.steps.BaseStepListener - stepFinished: current outcome:Register in uTest community:Given than Evaristo wants to join the uTest community [Evaristo open up [Evaristo opens the Utest world page], Evaristo form one [Evaristo clicks on Button that shows us the registration personal form, Evaristo enters 'TypeYourFirstName' into where we write the first name, Evaristo enters 'TypeYourLastName' into where we write the last name, Evaristo enters 'myemailemailmy@example.com' into where we write the EMAIL ADDRESS, Evaristo selects index 5 in where we select the month of birth, Evaristo selects index 21 in where we select the day of birth, Evaristo selects index 13 in where we select the year of birth, Evaristo clicks on button to continue to the next form]], When he search for the registration form in the uTest community web page [Evaristo fill [Evaristo enters 'Envigado' into where we type the city, Evaristo types 'ARROW_DOWN' in where we type the city, Evaristo clicks on where we view the city map, Evaristo enters '055428' into where we type the zip or postal code, Evaristo clicks on button to continue to the next form], Evaristo form three [Evaristo clicks on where we select the computer OS, Evaristo clicks on where we select the computer OS options, Evaristo clicks on where we select the OS version, Evaristo clicks on where we select the version options, Evaristo clicks on where we select the OS language, Evaristo clicks on where we select the OS language options, Evaristo clicks on where we select the mobile brand, Evaristo clicks on where we select the mobile brand options, Evaristo clicks on where we select the mobile model, Evaristo clicks on where we select the mobile model options, Evaristo clicks on where we select the mobile OS, Evaristo clicks on where we select the mobile OS options, Evaristo clicks on button to continue to the next form], Evaristo last form [Evaristo enters 'TypeYourPassword123**@@' into where we type the password]]
[Test worker] WARN net.thucydides.core.steps.BaseStepListener - stepStarted: net.thucydides.core.steps.ExecutedStepDescription@25ccb3f8
[Test worker] WARN net.thucydides.core.steps.BaseStepListener - stepFinished: current outcome:Register in uTest community:Given than Evaristo wants to join the uTest community [Evaristo open up [Evaristo opens the Utest world page], Evaristo form one [Evaristo clicks on Button that shows us the registration personal form, Evaristo enters 'TypeYourFirstName' into where we write the first name, Evaristo enters 'TypeYourLastName' into where we write the last name, Evaristo enters 'myemailemailmy@example.com' into where we write the EMAIL ADDRESS, Evaristo selects index 5 in where we select the month of birth, Evaristo selects index 21 in where we select the day of birth, Evaristo selects index 13 in where we select the year of birth, Evaristo clicks on button to continue to the next form]], When he search for the registration form in the uTest community web page [Evaristo fill [Evaristo enters 'Envigado' into where we type the city, Evaristo types 'ARROW_DOWN' in where we type the city, Evaristo clicks on where we view the city map, Evaristo enters '055428' into where we type the zip or postal code, Evaristo clicks on button to continue to the next form], Evaristo form three [Evaristo clicks on where we select the computer OS, Evaristo clicks on where we select the computer OS options, Evaristo clicks on where we select the OS version, Evaristo clicks on where we select the version options, Evaristo clicks on where we select the OS language, Evaristo clicks on where we select the OS language options, Evaristo clicks on where we select the mobile brand, Evaristo clicks on where we select the mobile brand options, Evaristo clicks on where we select the mobile model, Evaristo clicks on where we select the mobile model options, Evaristo clicks on where we select the mobile OS, Evaristo clicks on where we select the mobile OS options, Evaristo clicks on button to continue to the next form], Evaristo last form [Evaristo enters 'TypeYourPassword123**@@' into where we type the password, Evaristo enters 'TypeYourPassword123**@@' into where we type the password again]]
[Test worker] WARN net.thucydides.core.steps.BaseStepListener - stepStarted: net.thucydides.core.steps.ExecutedStepDescription@22a02728
[Test worker] WARN net.thucydides.core.steps.BaseStepListener - stepFinished: current outcome:Register in uTest community:Given than Evaristo wants to join the uTest community [Evaristo open up [Evaristo opens the Utest world page], Evaristo form one [Evaristo clicks on Button that shows us the registration personal form, Evaristo enters 'TypeYourFirstName' into where we write the first name, Evaristo enters 'TypeYourLastName' into where we write the last name, Evaristo enters 'myemailemailmy@example.com' into where we write the EMAIL ADDRESS, Evaristo selects index 5 in where we select the month of birth, Evaristo selects index 21 in where we select the day of birth, Evaristo selects index 13 in where we select the year of birth, Evaristo clicks on button to continue to the next form]], When he search for the registration form in the uTest community web page [Evaristo fill [Evaristo enters 'Envigado' into where we type the city, Evaristo types 'ARROW_DOWN' in where we type the city, Evaristo clicks on where we view the city map, Evaristo enters '055428' into where we type the zip or postal code, Evaristo clicks on button to continue to the next form], Evaristo form three [Evaristo clicks on where we select the computer OS, Evaristo clicks on where we select the computer OS options, Evaristo clicks on where we select the OS version, Evaristo clicks on where we select the version options, Evaristo clicks on where we select the OS language, Evaristo clicks on where we select the OS language options, Evaristo clicks on where we select the mobile brand, Evaristo clicks on where we select the mobile brand options, Evaristo clicks on where we select the mobile model, Evaristo clicks on where we select the mobile model options, Evaristo clicks on where we select the mobile OS, Evaristo clicks on where we select the mobile OS options, Evaristo clicks on button to continue to the next form], Evaristo last form [Evaristo enters 'TypeYourPassword123**@@' into where we type the password, Evaristo enters 'TypeYourPassword123**@@' into where we type the password again, Evaristo clicks on where we select the optional check]]
[Test worker] WARN net.thucydides.core.steps.BaseStepListener - stepStarted: net.thucydides.core.steps.ExecutedStepDescription@280573f9
[Test worker] WARN net.thucydides.core.steps.BaseStepListener - stepFinished: current outcome:Register in uTest community:Given than Evaristo wants to join the uTest community [Evaristo open up [Evaristo opens the Utest world page], Evaristo form one [Evaristo clicks on Button that shows us the registration personal form, Evaristo enters 'TypeYourFirstName' into where we write the first name, Evaristo enters 'TypeYourLastName' into where we write the last name, Evaristo enters 'myemailemailmy@example.com' into where we write the EMAIL ADDRESS, Evaristo selects index 5 in where we select the month of birth, Evaristo selects index 21 in where we select the day of birth, Evaristo selects index 13 in where we select the year of birth, Evaristo clicks on button to continue to the next form]], When he search for the registration form in the uTest community web page [Evaristo fill [Evaristo enters 'Envigado' into where we type the city, Evaristo types 'ARROW_DOWN' in where we type the city, Evaristo clicks on where we view the city map, Evaristo enters '055428' into where we type the zip or postal code, Evaristo clicks on button to continue to the next form], Evaristo form three [Evaristo clicks on where we select the computer OS, Evaristo clicks on where we select the computer OS options, Evaristo clicks on where we select the OS version, Evaristo clicks on where we select the version options, Evaristo clicks on where we select the OS language, Evaristo clicks on where we select the OS language options, Evaristo clicks on where we select the mobile brand, Evaristo clicks on where we select the mobile brand options, Evaristo clicks on where we select the mobile model, Evaristo clicks on where we select the mobile model options, Evaristo clicks on where we select the mobile OS, Evaristo clicks on where we select the mobile OS options, Evaristo clicks on button to continue to the next form], Evaristo last form [Evaristo enters 'TypeYourPassword123**@@' into where we type the password, Evaristo enters 'TypeYourPassword123**@@' into where we type the password again, Evaristo clicks on where we select the optional check, Evaristo clicks on where we select the Terms check]]
[Test worker] WARN net.thucydides.core.steps.BaseStepListener - stepStarted: net.thucydides.core.steps.ExecutedStepDescription@348212c
[Test worker] WARN net.thucydides.core.steps.BaseStepListener - stepFinished: current outcome:Register in uTest community:Given than Evaristo wants to join the uTest community [Evaristo open up [Evaristo opens the Utest world page], Evaristo form one [Evaristo clicks on Button that shows us the registration personal form, Evaristo enters 'TypeYourFirstName' into where we write the first name, Evaristo enters 'TypeYourLastName' into where we write the last name, Evaristo enters 'myemailemailmy@example.com' into where we write the EMAIL ADDRESS, Evaristo selects index 5 in where we select the month of birth, Evaristo selects index 21 in where we select the day of birth, Evaristo selects index 13 in where we select the year of birth, Evaristo clicks on button to continue to the next form]], When he search for the registration form in the uTest community web page [Evaristo fill [Evaristo enters 'Envigado' into where we type the city, Evaristo types 'ARROW_DOWN' in where we type the city, Evaristo clicks on where we view the city map, Evaristo enters '055428' into where we type the zip or postal code, Evaristo clicks on button to continue to the next form], Evaristo form three [Evaristo clicks on where we select the computer OS, Evaristo clicks on where we select the computer OS options, Evaristo clicks on where we select the OS version, Evaristo clicks on where we select the version options, Evaristo clicks on where we select the OS language, Evaristo clicks on where we select the OS language options, Evaristo clicks on where we select the mobile brand, Evaristo clicks on where we select the mobile brand options, Evaristo clicks on where we select the mobile model, Evaristo clicks on where we select the mobile model options, Evaristo clicks on where we select the mobile OS, Evaristo clicks on where we select the mobile OS options, Evaristo clicks on button to continue to the next form], Evaristo last form [Evaristo enters 'TypeYourPassword123**@@' into where we type the password, Evaristo enters 'TypeYourPassword123**@@' into where we type the password again, Evaristo clicks on where we select the optional check, Evaristo clicks on where we select the Terms check, Evaristo clicks on where we select the privacy check]]
[Test worker] WARN net.thucydides.core.steps.BaseStepListener - stepStarted: net.thucydides.core.steps.ExecutedStepDescription@54e52b5f
[Test worker] WARN net.thucydides.core.steps.BaseStepListener - stepFinished: current outcome:Register in uTest community:Given than Evaristo wants to join the uTest community [Evaristo open up [Evaristo opens the Utest world page], Evaristo form one [Evaristo clicks on Button that shows us the registration personal form, Evaristo enters 'TypeYourFirstName' into where we write the first name, Evaristo enters 'TypeYourLastName' into where we write the last name, Evaristo enters 'myemailemailmy@example.com' into where we write the EMAIL ADDRESS, Evaristo selects index 5 in where we select the month of birth, Evaristo selects index 21 in where we select the day of birth, Evaristo selects index 13 in where we select the year of birth, Evaristo clicks on button to continue to the next form]], When he search for the registration form in the uTest community web page [Evaristo fill [Evaristo enters 'Envigado' into where we type the city, Evaristo types 'ARROW_DOWN' in where we type the city, Evaristo clicks on where we view the city map, Evaristo enters '055428' into where we type the zip or postal code, Evaristo clicks on button to continue to the next form], Evaristo form three [Evaristo clicks on where we select the computer OS, Evaristo clicks on where we select the computer OS options, Evaristo clicks on where we select the OS version, Evaristo clicks on where we select the version options, Evaristo clicks on where we select the OS language, Evaristo clicks on where we select the OS language options, Evaristo clicks on where we select the mobile brand, Evaristo clicks on where we select the mobile brand options, Evaristo clicks on where we select the mobile model, Evaristo clicks on where we select the mobile model options, Evaristo clicks on where we select the mobile OS, Evaristo clicks on where we select the mobile OS options, Evaristo clicks on button to continue to the next form], Evaristo last form [Evaristo enters 'TypeYourPassword123**@@' into where we type the password, Evaristo enters 'TypeYourPassword123**@@' into where we type the password again, Evaristo clicks on where we select the optional check, Evaristo clicks on where we select the Terms check, Evaristo clicks on where we select the privacy check, Evaristo clicks on button to complete the registration]]
[Test worker] WARN net.thucydides.core.steps.BaseStepListener - stepFinished: current outcome:Register in uTest community:Given than Evaristo wants to join the uTest community [Evaristo open up [Evaristo opens the Utest world page], Evaristo form one [Evaristo clicks on Button that shows us the registration personal form, Evaristo enters 'TypeYourFirstName' into where we write the first name, Evaristo enters 'TypeYourLastName' into where we write the last name, Evaristo enters 'myemailemailmy@example.com' into where we write the EMAIL ADDRESS, Evaristo selects index 5 in where we select the month of birth, Evaristo selects index 21 in where we select the day of birth, Evaristo selects index 13 in where we select the year of birth, Evaristo clicks on button to continue to the next form]], When he search for the registration form in the uTest community web page [Evaristo fill [Evaristo enters 'Envigado' into where we type the city, Evaristo types 'ARROW_DOWN' in where we type the city, Evaristo clicks on where we view the city map, Evaristo enters '055428' into where we type the zip or postal code, Evaristo clicks on button to continue to the next form], Evaristo form three [Evaristo clicks on where we select the computer OS, Evaristo clicks on where we select the computer OS options, Evaristo clicks on where we select the OS version, Evaristo clicks on where we select the version options, Evaristo clicks on where we select the OS language, Evaristo clicks on where we select the OS language options, Evaristo clicks on where we select the mobile brand, Evaristo clicks on where we select the mobile brand options, Evaristo clicks on where we select the mobile model, Evaristo clicks on where we select the mobile model options, Evaristo clicks on where we select the mobile OS, Evaristo clicks on where we select the mobile OS options, Evaristo clicks on button to continue to the next form], Evaristo last form [Evaristo enters 'TypeYourPassword123**@@' into where we type the password, Evaristo enters 'TypeYourPassword123**@@' into where we type the password again, Evaristo clicks on where we select the optional check, Evaristo clicks on where we select the Terms check, Evaristo clicks on where we select the privacy check, Evaristo clicks on button to complete the registration]]
[Test worker] WARN net.thucydides.core.steps.BaseStepListener - stepFinished: current outcome:Register in uTest community:Given than Evaristo wants to join the uTest community [Evaristo open up [Evaristo opens the Utest world page], Evaristo form one [Evaristo clicks on Button that shows us the registration personal form, Evaristo enters 'TypeYourFirstName' into where we write the first name, Evaristo enters 'TypeYourLastName' into where we write the last name, Evaristo enters 'myemailemailmy@example.com' into where we write the EMAIL ADDRESS, Evaristo selects index 5 in where we select the month of birth, Evaristo selects index 21 in where we select the day of birth, Evaristo selects index 13 in where we select the year of birth, Evaristo clicks on button to continue to the next form]], When he search for the registration form in the uTest community web page [Evaristo fill [Evaristo enters 'Envigado' into where we type the city, Evaristo types 'ARROW_DOWN' in where we type the city, Evaristo clicks on where we view the city map, Evaristo enters '055428' into where we type the zip or postal code, Evaristo clicks on button to continue to the next form], Evaristo form three [Evaristo clicks on where we select the computer OS, Evaristo clicks on where we select the computer OS options, Evaristo clicks on where we select the OS version, Evaristo clicks on where we select the version options, Evaristo clicks on where we select the OS language, Evaristo clicks on where we select the OS language options, Evaristo clicks on where we select the mobile brand, Evaristo clicks on where we select the mobile brand options, Evaristo clicks on where we select the mobile model, Evaristo clicks on where we select the mobile model options, Evaristo clicks on where we select the mobile OS, Evaristo clicks on where we select the mobile OS options, Evaristo clicks on button to continue to the next form], Evaristo last form [Evaristo enters 'TypeYourPassword123**@@' into where we type the password, Evaristo enters 'TypeYourPassword123**@@' into where we type the password again, Evaristo clicks on where we select the optional check, Evaristo clicks on where we select the Terms check, Evaristo clicks on where we select the privacy check, Evaristo clicks on button to complete the registration]]
[Test worker] WARN net.thucydides.core.steps.BaseStepListener - stepStarted: net.thucydides.core.steps.ExecutedStepDescription@42af0cad
[Test worker] WARN net.thucydides.core.steps.BaseStepListener - stepStarted: net.thucydides.core.steps.ExecutedStepDescription@32f8729a
[Test worker] WARN net.thucydides.core.steps.BaseStepListener - testFinished: Register in uTest community:Given than Evaristo wants to join the uTest community [Evaristo open up [Evaristo opens the Utest world page], Evaristo form one [Evaristo clicks on Button that shows us the registration personal form, Evaristo enters 'TypeYourFirstName' into where we write the first name, Evaristo enters 'TypeYourLastName' into where we write the last name, Evaristo enters 'myemailemailmy@example.com' into where we write the EMAIL ADDRESS, Evaristo selects index 5 in where we select the month of birth, Evaristo selects index 21 in where we select the day of birth, Evaristo selects index 13 in where we select the year of birth, Evaristo clicks on button to continue to the next form]], When he search for the registration form in the uTest community web page [Evaristo fill [Evaristo enters 'Envigado' into where we type the city, Evaristo types 'ARROW_DOWN' in where we type the city, Evaristo clicks on where we view the city map, Evaristo enters '055428' into where we type the zip or postal code, Evaristo clicks on button to continue to the next form], Evaristo form three [Evaristo clicks on where we select the computer OS, Evaristo clicks on where we select the computer OS options, Evaristo clicks on where we select the OS version, Evaristo clicks on where we select the version options, Evaristo clicks on where we select the OS language, Evaristo clicks on where we select the OS language options, Evaristo clicks on where we select the mobile brand, Evaristo clicks on where we select the mobile brand options, Evaristo clicks on where we select the mobile model, Evaristo clicks on where we select the mobile model options, Evaristo clicks on where we select the mobile OS, Evaristo clicks on where we select the mobile OS options, Evaristo clicks on button to continue to the next form], Evaristo last form [Evaristo enters 'TypeYourPassword123**@@' into where we type the password, Evaristo enters 'TypeYourPassword123**@@' into where we type the password again, Evaristo clicks on where we select the optional check, Evaristo clicks on where we select the Terms check, Evaristo clicks on where we select the privacy check, Evaristo clicks on button to complete the registration]], Then he registers his information and see the account register confirmation [Then answer]
[Test worker] WARN net.thucydides.core.steps.BaseStepListener - TestOutcomes: [Register in uTest community:Given than Evaristo wants to join the uTest community [Evaristo open up [Evaristo opens the Utest world page], Evaristo form one [Evaristo clicks on Button that shows us the registration personal form, Evaristo enters 'TypeYourFirstName' into where we write the first name, Evaristo enters 'TypeYourLastName' into where we write the last name, Evaristo enters 'myemailemailmy@example.com' into where we write the EMAIL ADDRESS, Evaristo selects index 5 in where we select the month of birth, Evaristo selects index 21 in where we select the day of birth, Evaristo selects index 13 in where we select the year of birth, Evaristo clicks on button to continue to the next form]], When he search for the registration form in the uTest community web page [Evaristo fill [Evaristo enters 'Envigado' into where we type the city, Evaristo types 'ARROW_DOWN' in where we type the city, Evaristo clicks on where we view the city map, Evaristo enters '055428' into where we type the zip or postal code, Evaristo clicks on button to continue to the next form], Evaristo form three [Evaristo clicks on where we select the computer OS, Evaristo clicks on where we select the computer OS options, Evaristo clicks on where we select the OS version, Evaristo clicks on where we select the version options, Evaristo clicks on where we select the OS language, Evaristo clicks on where we select the OS language options, Evaristo clicks on where we select the mobile brand, Evaristo clicks on where we select the mobile brand options, Evaristo clicks on where we select the mobile model, Evaristo clicks on where we select the mobile model options, Evaristo clicks on where we select the mobile OS, Evaristo clicks on where we select the mobile OS options, Evaristo clicks on button to continue to the next form], Evaristo last form [Evaristo enters 'TypeYourPassword123**@@' into where we type the password, Evaristo enters 'TypeYourPassword123**@@' into where we type the password again, Evaristo clicks on where we select the optional check, Evaristo clicks on where we select the Terms check, Evaristo clicks on where we select the privacy check, Evaristo clicks on button to complete the registration]], Then he registers his information and see the account register confirmation [Then answer]]
[Test worker] WARN net.thucydides.core.steps.BaseStepListener - Final testOutcomes: [Register in uTest community:Given than Evaristo wants to join the uTest community [Evaristo open up [Evaristo opens the Utest world page], Evaristo form one [Evaristo clicks on Button that shows us the registration personal form, Evaristo enters 'TypeYourFirstName' into where we write the first name, Evaristo enters 'TypeYourLastName' into where we write the last name, Evaristo enters 'myemailemailmy@example.com' into where we write the EMAIL ADDRESS, Evaristo selects index 5 in where we select the month of birth, Evaristo selects index 21 in where we select the day of birth, Evaristo selects index 13 in where we select the year of birth, Evaristo clicks on button to continue to the next form]], When he search for the registration form in the uTest community web page [Evaristo fill [Evaristo enters 'Envigado' into where we type the city, Evaristo types 'ARROW_DOWN' in where we type the city, Evaristo clicks on where we view the city map, Evaristo enters '055428' into where we type the zip or postal code, Evaristo clicks on button to continue to the next form], Evaristo form three [Evaristo clicks on where we select the computer OS, Evaristo clicks on where we select the computer OS options, Evaristo clicks on where we select the OS version, Evaristo clicks on where we select the version options, Evaristo clicks on where we select the OS language, Evaristo clicks on where we select the OS language options, Evaristo clicks on where we select the mobile brand, Evaristo clicks on where we select the mobile brand options, Evaristo clicks on where we select the mobile model, Evaristo clicks on where we select the mobile model options, Evaristo clicks on where we select the mobile OS, Evaristo clicks on where we select the mobile OS options, Evaristo clicks on button to continue to the next form], Evaristo last form [Evaristo enters 'TypeYourPassword123**@@' into where we type the password, Evaristo enters 'TypeYourPassword123**@@' into where we type the password again, Evaristo clicks on where we select the optional check, Evaristo clicks on where we select the Terms check, Evaristo clicks on where we select the privacy check, Evaristo clicks on button to complete the registration]], Then he registers his information and see the account register confirmation [Then answer]]
[Test worker] ERROR net.thucydides.core.steps.ConsoleLoggingListener - 
           __  _____ _____ ____ _____   _____ _    ___ _     _____ ____  
  _       / / |_   _| ____/ ___|_   _| |  ___/ \  |_ _| |   | ____|  _ \ 
 (_)_____| |    | | |  _| \___ \ | |   | |_ / _ \  | || |   |  _| | | | |
  _|_____| |    | | | |___ ___) || |   |  _/ ___ \ | || |___| |___| |_| |
 (_)     | |    |_| |_____|____/ |_|   |_|/_/   \_\___|_____|_____|____/ 
          \_\                                                            

TEST FAILED WITH ERROR: Register in uTest community
---------------------------------------------------------------------
[Test worker] ERROR net.thucydides.core.steps.ConsoleLoggingListener - TEST FAILED AT STEP Then answer
[Test worker] ERROR net.thucydides.core.steps.ConsoleLoggingListener - no such element: Unable to locate element: {"method":"xpath","selector":"/html/body/ui-view/unauthenticated-container/div/div/div/ui-view/div/div/div/div[1]/div/h1"}
]]></system-err>
</testsuite>
