<?xml version="1.0" encoding="UTF-8"?>
<testsuite name="Utest World" tests="1" skipped="0" failures="0" errors="0" timestamp="2021-12-22T05:51:54" hostname="ubuntu" time="125.333">
  <properties/>
  <testcase name="Register in uTest community" classname="Utest World" time="125.333"/>
  <system-out><![CDATA[]]></system-out>
  <system-err><![CDATA[[Test worker] WARN net.thucydides.core.steps.BaseStepListener - stepStarted: net.thucydides.core.steps.ExecutedStepDescription@890675c
[Test worker] WARN net.thucydides.core.steps.BaseStepListener - stepStarted: net.thucydides.core.steps.ExecutedStepDescription@40ce9ef5
[Test worker] WARN net.thucydides.core.steps.BaseStepListener - stepStarted: net.thucydides.core.steps.ExecutedStepDescription@7c931d26
dic 22, 2021 12:51:55 AM org.openqa.selenium.remote.DesiredCapabilities chrome
INFORMACIÓN: Using `new ChromeOptions()` is preferred to `DesiredCapabilities.chrome()`
[Test worker] INFO net.serenitybdd.core.webdriver.driverproviders.ProvideNewDriver - Instantiating driver
[Test worker] INFO net.serenitybdd.core.webdriver.driverproviders.ProvideNewDriver - Driver capabilities: Capabilities {acceptInsecureCerts: false, browserName: chrome, chrome.switches: --start-maximized, goog:chromeOptions: {args: [--start-maximized], extensions: []}, loggingPrefs: org.openqa.selenium.logging..., platform: ANY, version: }
Starting ChromeDriver 96.0.4664.45 (76e4c1bb2ab4671b8beba3444e61c0f17584b2fc-refs/branch-heads/4664@{#947}) on port 5984
Only local connections are allowed.
Please see https://chromedriver.chromium.org/security-considerations for suggestions on keeping ChromeDriver safe.
ChromeDriver was started successfully.
dic 22, 2021 12:52:39 AM org.openqa.selenium.remote.ProtocolHandshake createSession
INFORMACIÓN: Detected dialect: W3C
[Test worker] WARN net.thucydides.core.steps.BaseStepListener - stepFinished: current outcome:Register in uTest community:Given than Evaristo wants to join the uTest community [Evaristo open up [Evaristo opens the Utest world page]]
[Test worker] WARN net.thucydides.core.steps.BaseStepListener - stepFinished: current outcome:Register in uTest community:Given than Evaristo wants to join the uTest community [Evaristo open up [Evaristo opens the Utest world page]]
[Test worker] WARN net.thucydides.core.steps.BaseStepListener - stepStarted: net.thucydides.core.steps.ExecutedStepDescription@470a54c3
[Test worker] WARN net.thucydides.core.steps.BaseStepListener - stepStarted: net.thucydides.core.steps.ExecutedStepDescription@3997e53b
[Test worker] WARN net.thucydides.core.steps.BaseStepListener - stepFinished: current outcome:Register in uTest community:Given than Evaristo wants to join the uTest community [Evaristo open up [Evaristo opens the Utest world page], Evaristo form one [Evaristo clicks on Button that shows us the registration personal form]]
[Test worker] WARN net.thucydides.core.steps.BaseStepListener - stepStarted: net.thucydides.core.steps.ExecutedStepDescription@691f7082
[Test worker] WARN net.thucydides.core.steps.BaseStepListener - stepFinished: current outcome:Register in uTest community:Given than Evaristo wants to join the uTest community [Evaristo open up [Evaristo opens the Utest world page], Evaristo form one [Evaristo clicks on Button that shows us the registration personal form, Evaristo enters 'TypeYourFirstName' into where we write the first name]]
[Test worker] WARN net.thucydides.core.steps.BaseStepListener - stepStarted: net.thucydides.core.steps.ExecutedStepDescription@6de11271
[Test worker] WARN net.thucydides.core.steps.BaseStepListener - stepFinished: current outcome:Register in uTest community:Given than Evaristo wants to join the uTest community [Evaristo open up [Evaristo opens the Utest world page], Evaristo form one [Evaristo clicks on Button that shows us the registration personal form, Evaristo enters 'TypeYourFirstName' into where we write the first name, Evaristo enters 'TypeYourLastName' into where we write the last name]]
[Test worker] WARN net.thucydides.core.steps.BaseStepListener - stepStarted: net.thucydides.core.steps.ExecutedStepDescription@41c977e8
[Test worker] WARN net.thucydides.core.steps.BaseStepListener - stepFinished: current outcome:Register in uTest community:Given than Evaristo wants to join the uTest community [Evaristo open up [Evaristo opens the Utest world page], Evaristo form one [Evaristo clicks on Button that shows us the registration personal form, Evaristo enters 'TypeYourFirstName' into where we write the first name, Evaristo enters 'TypeYourLastName' into where we write the last name, Evaristo enters 'jorgeluis@example.com' into where we write the EMAIL ADDRESS]]
[Test worker] WARN net.thucydides.core.steps.BaseStepListener - stepStarted: net.thucydides.core.steps.ExecutedStepDescription@6ce9623c
[Test worker] WARN net.thucydides.core.steps.BaseStepListener - stepFinished: current outcome:Register in uTest community:Given than Evaristo wants to join the uTest community [Evaristo open up [Evaristo opens the Utest world page], Evaristo form one [Evaristo clicks on Button that shows us the registration personal form, Evaristo enters 'TypeYourFirstName' into where we write the first name, Evaristo enters 'TypeYourLastName' into where we write the last name, Evaristo enters 'jorgeluis@example.com' into where we write the EMAIL ADDRESS, Evaristo selects index 5 in where we select the month of birth]]
[Test worker] WARN net.thucydides.core.steps.BaseStepListener - stepStarted: net.thucydides.core.steps.ExecutedStepDescription@6bd75368
[Test worker] WARN net.thucydides.core.steps.BaseStepListener - stepFinished: current outcome:Register in uTest community:Given than Evaristo wants to join the uTest community [Evaristo open up [Evaristo opens the Utest world page], Evaristo form one [Evaristo clicks on Button that shows us the registration personal form, Evaristo enters 'TypeYourFirstName' into where we write the first name, Evaristo enters 'TypeYourLastName' into where we write the last name, Evaristo enters 'jorgeluis@example.com' into where we write the EMAIL ADDRESS, Evaristo selects index 5 in where we select the month of birth, Evaristo selects index 21 in where we select the day of birth]]
[Test worker] WARN net.thucydides.core.steps.BaseStepListener - stepStarted: net.thucydides.core.steps.ExecutedStepDescription@5d3b1d9c
[Test worker] WARN net.thucydides.core.steps.BaseStepListener - stepFinished: current outcome:Register in uTest community:Given than Evaristo wants to join the uTest community [Evaristo open up [Evaristo opens the Utest world page], Evaristo form one [Evaristo clicks on Button that shows us the registration personal form, Evaristo enters 'TypeYourFirstName' into where we write the first name, Evaristo enters 'TypeYourLastName' into where we write the last name, Evaristo enters 'jorgeluis@example.com' into where we write the EMAIL ADDRESS, Evaristo selects index 5 in where we select the month of birth, Evaristo selects index 21 in where we select the day of birth, Evaristo selects index 13 in where we select the year of birth]]
[Test worker] WARN net.thucydides.core.steps.BaseStepListener - stepStarted: net.thucydides.core.steps.ExecutedStepDescription@13a59b60
[Test worker] WARN net.thucydides.core.steps.BaseStepListener - stepFinished: current outcome:Register in uTest community:Given than Evaristo wants to join the uTest community [Evaristo open up [Evaristo opens the Utest world page], Evaristo form one [Evaristo clicks on Button that shows us the registration personal form, Evaristo enters 'TypeYourFirstName' into where we write the first name, Evaristo enters 'TypeYourLastName' into where we write the last name, Evaristo enters 'jorgeluis@example.com' into where we write the EMAIL ADDRESS, Evaristo selects index 5 in where we select the month of birth, Evaristo selects index 21 in where we select the day of birth, Evaristo selects index 13 in where we select the year of birth, Evaristo clicks on button to continue to the next form]]
[Test worker] WARN net.thucydides.core.steps.BaseStepListener - stepFinished: current outcome:Register in uTest community:Given than Evaristo wants to join the uTest community [Evaristo open up [Evaristo opens the Utest world page], Evaristo form one [Evaristo clicks on Button that shows us the registration personal form, Evaristo enters 'TypeYourFirstName' into where we write the first name, Evaristo enters 'TypeYourLastName' into where we write the last name, Evaristo enters 'jorgeluis@example.com' into where we write the EMAIL ADDRESS, Evaristo selects index 5 in where we select the month of birth, Evaristo selects index 21 in where we select the day of birth, Evaristo selects index 13 in where we select the year of birth, Evaristo clicks on button to continue to the next form]]
[Test worker] WARN net.thucydides.core.steps.BaseStepListener - stepFinished: current outcome:Register in uTest community:Given than Evaristo wants to join the uTest community [Evaristo open up [Evaristo opens the Utest world page], Evaristo form one [Evaristo clicks on Button that shows us the registration personal form, Evaristo enters 'TypeYourFirstName' into where we write the first name, Evaristo enters 'TypeYourLastName' into where we write the last name, Evaristo enters 'jorgeluis@example.com' into where we write the EMAIL ADDRESS, Evaristo selects index 5 in where we select the month of birth, Evaristo selects index 21 in where we select the day of birth, Evaristo selects index 13 in where we select the year of birth, Evaristo clicks on button to continue to the next form]]
[Test worker] WARN net.thucydides.core.steps.BaseStepListener - stepStarted: net.thucydides.core.steps.ExecutedStepDescription@74a8ba75
[Test worker] WARN net.thucydides.core.steps.BaseStepListener - stepStarted: net.thucydides.core.steps.ExecutedStepDescription@24b8ee3c
[Test worker] WARN net.thucydides.core.steps.BaseStepListener - stepStarted: net.thucydides.core.steps.ExecutedStepDescription@50576866
[Test worker] WARN net.thucydides.core.steps.BaseStepListener - stepFinished: current outcome:Register in uTest community:Given than Evaristo wants to join the uTest community [Evaristo open up [Evaristo opens the Utest world page], Evaristo form one [Evaristo clicks on Button that shows us the registration personal form, Evaristo enters 'TypeYourFirstName' into where we write the first name, Evaristo enters 'TypeYourLastName' into where we write the last name, Evaristo enters 'jorgeluis@example.com' into where we write the EMAIL ADDRESS, Evaristo selects index 5 in where we select the month of birth, Evaristo selects index 21 in where we select the day of birth, Evaristo selects index 13 in where we select the year of birth, Evaristo clicks on button to continue to the next form]], When he search for the registration form in the uTest community web page [Evaristo fill [Evaristo enters 'Envigado' into where we type the city]]
[Test worker] WARN net.thucydides.core.steps.BaseStepListener - stepStarted: net.thucydides.core.steps.ExecutedStepDescription@6a0d52d0
[Test worker] WARN net.thucydides.core.steps.BaseStepListener - stepFinished: current outcome:Register in uTest community:Given than Evaristo wants to join the uTest community [Evaristo open up [Evaristo opens the Utest world page], Evaristo form one [Evaristo clicks on Button that shows us the registration personal form, Evaristo enters 'TypeYourFirstName' into where we write the first name, Evaristo enters 'TypeYourLastName' into where we write the last name, Evaristo enters 'jorgeluis@example.com' into where we write the EMAIL ADDRESS, Evaristo selects index 5 in where we select the month of birth, Evaristo selects index 21 in where we select the day of birth, Evaristo selects index 13 in where we select the year of birth, Evaristo clicks on button to continue to the next form]], When he search for the registration form in the uTest community web page [Evaristo fill [Evaristo enters 'Envigado' into where we type the city, Evaristo types 'ARROW_DOWN' in where we type the city]]
[Test worker] WARN net.thucydides.core.steps.BaseStepListener - stepStarted: net.thucydides.core.steps.ExecutedStepDescription@73879b64
[Test worker] WARN net.thucydides.core.steps.BaseStepListener - stepFinished: current outcome:Register in uTest community:Given than Evaristo wants to join the uTest community [Evaristo open up [Evaristo opens the Utest world page], Evaristo form one [Evaristo clicks on Button that shows us the registration personal form, Evaristo enters 'TypeYourFirstName' into where we write the first name, Evaristo enters 'TypeYourLastName' into where we write the last name, Evaristo enters 'jorgeluis@example.com' into where we write the EMAIL ADDRESS, Evaristo selects index 5 in where we select the month of birth, Evaristo selects index 21 in where we select the day of birth, Evaristo selects index 13 in where we select the year of birth, Evaristo clicks on button to continue to the next form]], When he search for the registration form in the uTest community web page [Evaristo fill [Evaristo enters 'Envigado' into where we type the city, Evaristo types 'ARROW_DOWN' in where we type the city, Evaristo clicks on where we type the city]]
[Test worker] WARN net.thucydides.core.steps.BaseStepListener - stepStarted: net.thucydides.core.steps.ExecutedStepDescription@300cad32
[Test worker] WARN net.thucydides.core.steps.BaseStepListener - stepFinished: current outcome:Register in uTest community:Given than Evaristo wants to join the uTest community [Evaristo open up [Evaristo opens the Utest world page], Evaristo form one [Evaristo clicks on Button that shows us the registration personal form, Evaristo enters 'TypeYourFirstName' into where we write the first name, Evaristo enters 'TypeYourLastName' into where we write the last name, Evaristo enters 'jorgeluis@example.com' into where we write the EMAIL ADDRESS, Evaristo selects index 5 in where we select the month of birth, Evaristo selects index 21 in where we select the day of birth, Evaristo selects index 13 in where we select the year of birth, Evaristo clicks on button to continue to the next form]], When he search for the registration form in the uTest community web page [Evaristo fill [Evaristo enters 'Envigado' into where we type the city, Evaristo types 'ARROW_DOWN' in where we type the city, Evaristo clicks on where we type the city, Evaristo enters '055428' into where we type the zip or postal code]]
[Test worker] WARN net.thucydides.core.steps.BaseStepListener - stepStarted: net.thucydides.core.steps.ExecutedStepDescription@ba8069c
[Test worker] WARN net.thucydides.core.steps.BaseStepListener - stepFinished: current outcome:Register in uTest community:Given than Evaristo wants to join the uTest community [Evaristo open up [Evaristo opens the Utest world page], Evaristo form one [Evaristo clicks on Button that shows us the registration personal form, Evaristo enters 'TypeYourFirstName' into where we write the first name, Evaristo enters 'TypeYourLastName' into where we write the last name, Evaristo enters 'jorgeluis@example.com' into where we write the EMAIL ADDRESS, Evaristo selects index 5 in where we select the month of birth, Evaristo selects index 21 in where we select the day of birth, Evaristo selects index 13 in where we select the year of birth, Evaristo clicks on button to continue to the next form]], When he search for the registration form in the uTest community web page [Evaristo fill [Evaristo enters 'Envigado' into where we type the city, Evaristo types 'ARROW_DOWN' in where we type the city, Evaristo clicks on where we type the city, Evaristo enters '055428' into where we type the zip or postal code, Evaristo clicks on button to continue to the next form]]
[Test worker] WARN net.thucydides.core.steps.BaseStepListener - stepFinished: current outcome:Register in uTest community:Given than Evaristo wants to join the uTest community [Evaristo open up [Evaristo opens the Utest world page], Evaristo form one [Evaristo clicks on Button that shows us the registration personal form, Evaristo enters 'TypeYourFirstName' into where we write the first name, Evaristo enters 'TypeYourLastName' into where we write the last name, Evaristo enters 'jorgeluis@example.com' into where we write the EMAIL ADDRESS, Evaristo selects index 5 in where we select the month of birth, Evaristo selects index 21 in where we select the day of birth, Evaristo selects index 13 in where we select the year of birth, Evaristo clicks on button to continue to the next form]], When he search for the registration form in the uTest community web page [Evaristo fill [Evaristo enters 'Envigado' into where we type the city, Evaristo types 'ARROW_DOWN' in where we type the city, Evaristo clicks on where we type the city, Evaristo enters '055428' into where we type the zip or postal code, Evaristo clicks on button to continue to the next form]]
[Test worker] WARN net.thucydides.core.steps.BaseStepListener - stepStarted: net.thucydides.core.steps.ExecutedStepDescription@5b850903
[Test worker] WARN net.thucydides.core.steps.BaseStepListener - stepStarted: net.thucydides.core.steps.ExecutedStepDescription@2d81cbfa
[Test worker] WARN net.thucydides.core.steps.BaseStepListener - stepFinished: current outcome:Register in uTest community:Given than Evaristo wants to join the uTest community [Evaristo open up [Evaristo opens the Utest world page], Evaristo form one [Evaristo clicks on Button that shows us the registration personal form, Evaristo enters 'TypeYourFirstName' into where we write the first name, Evaristo enters 'TypeYourLastName' into where we write the last name, Evaristo enters 'jorgeluis@example.com' into where we write the EMAIL ADDRESS, Evaristo selects index 5 in where we select the month of birth, Evaristo selects index 21 in where we select the day of birth, Evaristo selects index 13 in where we select the year of birth, Evaristo clicks on button to continue to the next form]], When he search for the registration form in the uTest community web page [Evaristo fill [Evaristo enters 'Envigado' into where we type the city, Evaristo types 'ARROW_DOWN' in where we type the city, Evaristo clicks on where we type the city, Evaristo enters '055428' into where we type the zip or postal code, Evaristo clicks on button to continue to the next form], Evaristo form three [Evaristo clicks on where we select the computer OS]]
[Test worker] WARN net.thucydides.core.steps.BaseStepListener - stepStarted: net.thucydides.core.steps.ExecutedStepDescription@72c13317
[Test worker] WARN net.thucydides.core.steps.BaseStepListener - stepFinished: current outcome:Register in uTest community:Given than Evaristo wants to join the uTest community [Evaristo open up [Evaristo opens the Utest world page], Evaristo form one [Evaristo clicks on Button that shows us the registration personal form, Evaristo enters 'TypeYourFirstName' into where we write the first name, Evaristo enters 'TypeYourLastName' into where we write the last name, Evaristo enters 'jorgeluis@example.com' into where we write the EMAIL ADDRESS, Evaristo selects index 5 in where we select the month of birth, Evaristo selects index 21 in where we select the day of birth, Evaristo selects index 13 in where we select the year of birth, Evaristo clicks on button to continue to the next form]], When he search for the registration form in the uTest community web page [Evaristo fill [Evaristo enters 'Envigado' into where we type the city, Evaristo types 'ARROW_DOWN' in where we type the city, Evaristo clicks on where we type the city, Evaristo enters '055428' into where we type the zip or postal code, Evaristo clicks on button to continue to the next form], Evaristo form three [Evaristo clicks on where we select the computer OS, Evaristo clicks on where we select the computer OS]]
[Test worker] WARN net.thucydides.core.steps.BaseStepListener - stepStarted: net.thucydides.core.steps.ExecutedStepDescription@54029ef2
[Test worker] WARN net.thucydides.core.steps.BaseStepListener - stepFinished: current outcome:Register in uTest community:Given than Evaristo wants to join the uTest community [Evaristo open up [Evaristo opens the Utest world page], Evaristo form one [Evaristo clicks on Button that shows us the registration personal form, Evaristo enters 'TypeYourFirstName' into where we write the first name, Evaristo enters 'TypeYourLastName' into where we write the last name, Evaristo enters 'jorgeluis@example.com' into where we write the EMAIL ADDRESS, Evaristo selects index 5 in where we select the month of birth, Evaristo selects index 21 in where we select the day of birth, Evaristo selects index 13 in where we select the year of birth, Evaristo clicks on button to continue to the next form]], When he search for the registration form in the uTest community web page [Evaristo fill [Evaristo enters 'Envigado' into where we type the city, Evaristo types 'ARROW_DOWN' in where we type the city, Evaristo clicks on where we type the city, Evaristo enters '055428' into where we type the zip or postal code, Evaristo clicks on button to continue to the next form], Evaristo form three [Evaristo clicks on where we select the computer OS, Evaristo clicks on where we select the computer OS, Evaristo clicks on where we select the computer OS]]
[Test worker] WARN net.thucydides.core.steps.BaseStepListener - stepStarted: net.thucydides.core.steps.ExecutedStepDescription@418d1477
[Test worker] WARN net.thucydides.core.steps.BaseStepListener - stepFinished: current outcome:Register in uTest community:Given than Evaristo wants to join the uTest community [Evaristo open up [Evaristo opens the Utest world page], Evaristo form one [Evaristo clicks on Button that shows us the registration personal form, Evaristo enters 'TypeYourFirstName' into where we write the first name, Evaristo enters 'TypeYourLastName' into where we write the last name, Evaristo enters 'jorgeluis@example.com' into where we write the EMAIL ADDRESS, Evaristo selects index 5 in where we select the month of birth, Evaristo selects index 21 in where we select the day of birth, Evaristo selects index 13 in where we select the year of birth, Evaristo clicks on button to continue to the next form]], When he search for the registration form in the uTest community web page [Evaristo fill [Evaristo enters 'Envigado' into where we type the city, Evaristo types 'ARROW_DOWN' in where we type the city, Evaristo clicks on where we type the city, Evaristo enters '055428' into where we type the zip or postal code, Evaristo clicks on button to continue to the next form], Evaristo form three [Evaristo clicks on where we select the computer OS, Evaristo clicks on where we select the computer OS, Evaristo clicks on where we select the computer OS, Evaristo clicks on where we select the computer OS]]
[Test worker] WARN net.thucydides.core.steps.BaseStepListener - stepStarted: net.thucydides.core.steps.ExecutedStepDescription@1f7c8a01
[Test worker] WARN net.thucydides.core.steps.BaseStepListener - stepFinished: current outcome:Register in uTest community:Given than Evaristo wants to join the uTest community [Evaristo open up [Evaristo opens the Utest world page], Evaristo form one [Evaristo clicks on Button that shows us the registration personal form, Evaristo enters 'TypeYourFirstName' into where we write the first name, Evaristo enters 'TypeYourLastName' into where we write the last name, Evaristo enters 'jorgeluis@example.com' into where we write the EMAIL ADDRESS, Evaristo selects index 5 in where we select the month of birth, Evaristo selects index 21 in where we select the day of birth, Evaristo selects index 13 in where we select the year of birth, Evaristo clicks on button to continue to the next form]], When he search for the registration form in the uTest community web page [Evaristo fill [Evaristo enters 'Envigado' into where we type the city, Evaristo types 'ARROW_DOWN' in where we type the city, Evaristo clicks on where we type the city, Evaristo enters '055428' into where we type the zip or postal code, Evaristo clicks on button to continue to the next form], Evaristo form three [Evaristo clicks on where we select the computer OS, Evaristo clicks on where we select the computer OS, Evaristo clicks on where we select the computer OS, Evaristo clicks on where we select the computer OS, Evaristo clicks on where we select the OS language]]
[Test worker] WARN net.thucydides.core.steps.BaseStepListener - stepStarted: net.thucydides.core.steps.ExecutedStepDescription@7e55a0c
[Test worker] WARN net.thucydides.core.steps.BaseStepListener - stepFinished: current outcome:Register in uTest community:Given than Evaristo wants to join the uTest community [Evaristo open up [Evaristo opens the Utest world page], Evaristo form one [Evaristo clicks on Button that shows us the registration personal form, Evaristo enters 'TypeYourFirstName' into where we write the first name, Evaristo enters 'TypeYourLastName' into where we write the last name, Evaristo enters 'jorgeluis@example.com' into where we write the EMAIL ADDRESS, Evaristo selects index 5 in where we select the month of birth, Evaristo selects index 21 in where we select the day of birth, Evaristo selects index 13 in where we select the year of birth, Evaristo clicks on button to continue to the next form]], When he search for the registration form in the uTest community web page [Evaristo fill [Evaristo enters 'Envigado' into where we type the city, Evaristo types 'ARROW_DOWN' in where we type the city, Evaristo clicks on where we type the city, Evaristo enters '055428' into where we type the zip or postal code, Evaristo clicks on button to continue to the next form], Evaristo form three [Evaristo clicks on where we select the computer OS, Evaristo clicks on where we select the computer OS, Evaristo clicks on where we select the computer OS, Evaristo clicks on where we select the computer OS, Evaristo clicks on where we select the OS language, Evaristo clicks on where we select the OS language]]
[Test worker] WARN net.thucydides.core.steps.BaseStepListener - stepStarted: net.thucydides.core.steps.ExecutedStepDescription@24abe717
[Test worker] WARN net.thucydides.core.steps.BaseStepListener - stepFinished: current outcome:Register in uTest community:Given than Evaristo wants to join the uTest community [Evaristo open up [Evaristo opens the Utest world page], Evaristo form one [Evaristo clicks on Button that shows us the registration personal form, Evaristo enters 'TypeYourFirstName' into where we write the first name, Evaristo enters 'TypeYourLastName' into where we write the last name, Evaristo enters 'jorgeluis@example.com' into where we write the EMAIL ADDRESS, Evaristo selects index 5 in where we select the month of birth, Evaristo selects index 21 in where we select the day of birth, Evaristo selects index 13 in where we select the year of birth, Evaristo clicks on button to continue to the next form]], When he search for the registration form in the uTest community web page [Evaristo fill [Evaristo enters 'Envigado' into where we type the city, Evaristo types 'ARROW_DOWN' in where we type the city, Evaristo clicks on where we type the city, Evaristo enters '055428' into where we type the zip or postal code, Evaristo clicks on button to continue to the next form], Evaristo form three [Evaristo clicks on where we select the computer OS, Evaristo clicks on where we select the computer OS, Evaristo clicks on where we select the computer OS, Evaristo clicks on where we select the computer OS, Evaristo clicks on where we select the OS language, Evaristo clicks on where we select the OS language, Evaristo clicks on where we select the mobile brand]]
[Test worker] WARN net.thucydides.core.steps.BaseStepListener - stepStarted: net.thucydides.core.steps.ExecutedStepDescription@2274ee56
[Test worker] WARN net.thucydides.core.steps.BaseStepListener - stepFinished: current outcome:Register in uTest community:Given than Evaristo wants to join the uTest community [Evaristo open up [Evaristo opens the Utest world page], Evaristo form one [Evaristo clicks on Button that shows us the registration personal form, Evaristo enters 'TypeYourFirstName' into where we write the first name, Evaristo enters 'TypeYourLastName' into where we write the last name, Evaristo enters 'jorgeluis@example.com' into where we write the EMAIL ADDRESS, Evaristo selects index 5 in where we select the month of birth, Evaristo selects index 21 in where we select the day of birth, Evaristo selects index 13 in where we select the year of birth, Evaristo clicks on button to continue to the next form]], When he search for the registration form in the uTest community web page [Evaristo fill [Evaristo enters 'Envigado' into where we type the city, Evaristo types 'ARROW_DOWN' in where we type the city, Evaristo clicks on where we type the city, Evaristo enters '055428' into where we type the zip or postal code, Evaristo clicks on button to continue to the next form], Evaristo form three [Evaristo clicks on where we select the computer OS, Evaristo clicks on where we select the computer OS, Evaristo clicks on where we select the computer OS, Evaristo clicks on where we select the computer OS, Evaristo clicks on where we select the OS language, Evaristo clicks on where we select the OS language, Evaristo clicks on where we select the mobile brand, Evaristo clicks on where we select the mobile brand]]
[Test worker] WARN net.thucydides.core.steps.BaseStepListener - stepStarted: net.thucydides.core.steps.ExecutedStepDescription@7e7f152f
[Test worker] WARN net.thucydides.core.steps.BaseStepListener - stepFinished: current outcome:Register in uTest community:Given than Evaristo wants to join the uTest community [Evaristo open up [Evaristo opens the Utest world page], Evaristo form one [Evaristo clicks on Button that shows us the registration personal form, Evaristo enters 'TypeYourFirstName' into where we write the first name, Evaristo enters 'TypeYourLastName' into where we write the last name, Evaristo enters 'jorgeluis@example.com' into where we write the EMAIL ADDRESS, Evaristo selects index 5 in where we select the month of birth, Evaristo selects index 21 in where we select the day of birth, Evaristo selects index 13 in where we select the year of birth, Evaristo clicks on button to continue to the next form]], When he search for the registration form in the uTest community web page [Evaristo fill [Evaristo enters 'Envigado' into where we type the city, Evaristo types 'ARROW_DOWN' in where we type the city, Evaristo clicks on where we type the city, Evaristo enters '055428' into where we type the zip or postal code, Evaristo clicks on button to continue to the next form], Evaristo form three [Evaristo clicks on where we select the computer OS, Evaristo clicks on where we select the computer OS, Evaristo clicks on where we select the computer OS, Evaristo clicks on where we select the computer OS, Evaristo clicks on where we select the OS language, Evaristo clicks on where we select the OS language, Evaristo clicks on where we select the mobile brand, Evaristo clicks on where we select the mobile brand, Evaristo clicks on where we select the mobile brand]]
[Test worker] WARN net.thucydides.core.steps.BaseStepListener - stepStarted: net.thucydides.core.steps.ExecutedStepDescription@6e971264
[Test worker] WARN net.thucydides.core.steps.BaseStepListener - stepFinished: current outcome:Register in uTest community:Given than Evaristo wants to join the uTest community [Evaristo open up [Evaristo opens the Utest world page], Evaristo form one [Evaristo clicks on Button that shows us the registration personal form, Evaristo enters 'TypeYourFirstName' into where we write the first name, Evaristo enters 'TypeYourLastName' into where we write the last name, Evaristo enters 'jorgeluis@example.com' into where we write the EMAIL ADDRESS, Evaristo selects index 5 in where we select the month of birth, Evaristo selects index 21 in where we select the day of birth, Evaristo selects index 13 in where we select the year of birth, Evaristo clicks on button to continue to the next form]], When he search for the registration form in the uTest community web page [Evaristo fill [Evaristo enters 'Envigado' into where we type the city, Evaristo types 'ARROW_DOWN' in where we type the city, Evaristo clicks on where we type the city, Evaristo enters '055428' into where we type the zip or postal code, Evaristo clicks on button to continue to the next form], Evaristo form three [Evaristo clicks on where we select the computer OS, Evaristo clicks on where we select the computer OS, Evaristo clicks on where we select the computer OS, Evaristo clicks on where we select the computer OS, Evaristo clicks on where we select the OS language, Evaristo clicks on where we select the OS language, Evaristo clicks on where we select the mobile brand, Evaristo clicks on where we select the mobile brand, Evaristo clicks on where we select the mobile brand, Evaristo clicks on where we select the mobile brand]]
[Test worker] WARN net.thucydides.core.steps.BaseStepListener - stepStarted: net.thucydides.core.steps.ExecutedStepDescription@264df1ad
[Test worker] WARN net.thucydides.core.steps.BaseStepListener - stepFinished: current outcome:Register in uTest community:Given than Evaristo wants to join the uTest community [Evaristo open up [Evaristo opens the Utest world page], Evaristo form one [Evaristo clicks on Button that shows us the registration personal form, Evaristo enters 'TypeYourFirstName' into where we write the first name, Evaristo enters 'TypeYourLastName' into where we write the last name, Evaristo enters 'jorgeluis@example.com' into where we write the EMAIL ADDRESS, Evaristo selects index 5 in where we select the month of birth, Evaristo selects index 21 in where we select the day of birth, Evaristo selects index 13 in where we select the year of birth, Evaristo clicks on button to continue to the next form]], When he search for the registration form in the uTest community web page [Evaristo fill [Evaristo enters 'Envigado' into where we type the city, Evaristo types 'ARROW_DOWN' in where we type the city, Evaristo clicks on where we type the city, Evaristo enters '055428' into where we type the zip or postal code, Evaristo clicks on button to continue to the next form], Evaristo form three [Evaristo clicks on where we select the computer OS, Evaristo clicks on where we select the computer OS, Evaristo clicks on where we select the computer OS, Evaristo clicks on where we select the computer OS, Evaristo clicks on where we select the OS language, Evaristo clicks on where we select the OS language, Evaristo clicks on where we select the mobile brand, Evaristo clicks on where we select the mobile brand, Evaristo clicks on where we select the mobile brand, Evaristo clicks on where we select the mobile brand, Evaristo clicks on where we select the mobile brand]]
[Test worker] WARN net.thucydides.core.steps.BaseStepListener - stepStarted: net.thucydides.core.steps.ExecutedStepDescription@5a85c623
[Test worker] WARN net.thucydides.core.steps.BaseStepListener - stepFinished: current outcome:Register in uTest community:Given than Evaristo wants to join the uTest community [Evaristo open up [Evaristo opens the Utest world page], Evaristo form one [Evaristo clicks on Button that shows us the registration personal form, Evaristo enters 'TypeYourFirstName' into where we write the first name, Evaristo enters 'TypeYourLastName' into where we write the last name, Evaristo enters 'jorgeluis@example.com' into where we write the EMAIL ADDRESS, Evaristo selects index 5 in where we select the month of birth, Evaristo selects index 21 in where we select the day of birth, Evaristo selects index 13 in where we select the year of birth, Evaristo clicks on button to continue to the next form]], When he search for the registration form in the uTest community web page [Evaristo fill [Evaristo enters 'Envigado' into where we type the city, Evaristo types 'ARROW_DOWN' in where we type the city, Evaristo clicks on where we type the city, Evaristo enters '055428' into where we type the zip or postal code, Evaristo clicks on button to continue to the next form], Evaristo form three [Evaristo clicks on where we select the computer OS, Evaristo clicks on where we select the computer OS, Evaristo clicks on where we select the computer OS, Evaristo clicks on where we select the computer OS, Evaristo clicks on where we select the OS language, Evaristo clicks on where we select the OS language, Evaristo clicks on where we select the mobile brand, Evaristo clicks on where we select the mobile brand, Evaristo clicks on where we select the mobile brand, Evaristo clicks on where we select the mobile brand, Evaristo clicks on where we select the mobile brand, Evaristo clicks on where we select the mobile brand]]
[Test worker] WARN net.thucydides.core.steps.BaseStepListener - stepStarted: net.thucydides.core.steps.ExecutedStepDescription@12c32594
[Test worker] WARN net.thucydides.core.steps.BaseStepListener - stepFinished: current outcome:Register in uTest community:Given than Evaristo wants to join the uTest community [Evaristo open up [Evaristo opens the Utest world page], Evaristo form one [Evaristo clicks on Button that shows us the registration personal form, Evaristo enters 'TypeYourFirstName' into where we write the first name, Evaristo enters 'TypeYourLastName' into where we write the last name, Evaristo enters 'jorgeluis@example.com' into where we write the EMAIL ADDRESS, Evaristo selects index 5 in where we select the month of birth, Evaristo selects index 21 in where we select the day of birth, Evaristo selects index 13 in where we select the year of birth, Evaristo clicks on button to continue to the next form]], When he search for the registration form in the uTest community web page [Evaristo fill [Evaristo enters 'Envigado' into where we type the city, Evaristo types 'ARROW_DOWN' in where we type the city, Evaristo clicks on where we type the city, Evaristo enters '055428' into where we type the zip or postal code, Evaristo clicks on button to continue to the next form], Evaristo form three [Evaristo clicks on where we select the computer OS, Evaristo clicks on where we select the computer OS, Evaristo clicks on where we select the computer OS, Evaristo clicks on where we select the computer OS, Evaristo clicks on where we select the OS language, Evaristo clicks on where we select the OS language, Evaristo clicks on where we select the mobile brand, Evaristo clicks on where we select the mobile brand, Evaristo clicks on where we select the mobile brand, Evaristo clicks on where we select the mobile brand, Evaristo clicks on where we select the mobile brand, Evaristo clicks on where we select the mobile brand, Evaristo clicks on button to continue to the next form]]
[Test worker] WARN net.thucydides.core.steps.BaseStepListener - stepFinished: current outcome:Register in uTest community:Given than Evaristo wants to join the uTest community [Evaristo open up [Evaristo opens the Utest world page], Evaristo form one [Evaristo clicks on Button that shows us the registration personal form, Evaristo enters 'TypeYourFirstName' into where we write the first name, Evaristo enters 'TypeYourLastName' into where we write the last name, Evaristo enters 'jorgeluis@example.com' into where we write the EMAIL ADDRESS, Evaristo selects index 5 in where we select the month of birth, Evaristo selects index 21 in where we select the day of birth, Evaristo selects index 13 in where we select the year of birth, Evaristo clicks on button to continue to the next form]], When he search for the registration form in the uTest community web page [Evaristo fill [Evaristo enters 'Envigado' into where we type the city, Evaristo types 'ARROW_DOWN' in where we type the city, Evaristo clicks on where we type the city, Evaristo enters '055428' into where we type the zip or postal code, Evaristo clicks on button to continue to the next form], Evaristo form three [Evaristo clicks on where we select the computer OS, Evaristo clicks on where we select the computer OS, Evaristo clicks on where we select the computer OS, Evaristo clicks on where we select the computer OS, Evaristo clicks on where we select the OS language, Evaristo clicks on where we select the OS language, Evaristo clicks on where we select the mobile brand, Evaristo clicks on where we select the mobile brand, Evaristo clicks on where we select the mobile brand, Evaristo clicks on where we select the mobile brand, Evaristo clicks on where we select the mobile brand, Evaristo clicks on where we select the mobile brand, Evaristo clicks on button to continue to the next form]]
[Test worker] WARN net.thucydides.core.steps.BaseStepListener - stepStarted: net.thucydides.core.steps.ExecutedStepDescription@320c6129
[Test worker] WARN net.thucydides.core.steps.BaseStepListener - stepStarted: net.thucydides.core.steps.ExecutedStepDescription@78237995
[Test worker] WARN net.thucydides.core.steps.BaseStepListener - stepFinished: current outcome:Register in uTest community:Given than Evaristo wants to join the uTest community [Evaristo open up [Evaristo opens the Utest world page], Evaristo form one [Evaristo clicks on Button that shows us the registration personal form, Evaristo enters 'TypeYourFirstName' into where we write the first name, Evaristo enters 'TypeYourLastName' into where we write the last name, Evaristo enters 'jorgeluis@example.com' into where we write the EMAIL ADDRESS, Evaristo selects index 5 in where we select the month of birth, Evaristo selects index 21 in where we select the day of birth, Evaristo selects index 13 in where we select the year of birth, Evaristo clicks on button to continue to the next form]], When he search for the registration form in the uTest community web page [Evaristo fill [Evaristo enters 'Envigado' into where we type the city, Evaristo types 'ARROW_DOWN' in where we type the city, Evaristo clicks on where we type the city, Evaristo enters '055428' into where we type the zip or postal code, Evaristo clicks on button to continue to the next form], Evaristo form three [Evaristo clicks on where we select the computer OS, Evaristo clicks on where we select the computer OS, Evaristo clicks on where we select the computer OS, Evaristo clicks on where we select the computer OS, Evaristo clicks on where we select the OS language, Evaristo clicks on where we select the OS language, Evaristo clicks on where we select the mobile brand, Evaristo clicks on where we select the mobile brand, Evaristo clicks on where we select the mobile brand, Evaristo clicks on where we select the mobile brand, Evaristo clicks on where we select the mobile brand, Evaristo clicks on where we select the mobile brand, Evaristo clicks on button to continue to the next form], Evaristo last form [Evaristo enters 'TypeYourPassword123**@@' into where we type the password]]
[Test worker] WARN net.thucydides.core.steps.BaseStepListener - stepStarted: net.thucydides.core.steps.ExecutedStepDescription@483de373
[Test worker] WARN net.thucydides.core.steps.BaseStepListener - stepFinished: current outcome:Register in uTest community:Given than Evaristo wants to join the uTest community [Evaristo open up [Evaristo opens the Utest world page], Evaristo form one [Evaristo clicks on Button that shows us the registration personal form, Evaristo enters 'TypeYourFirstName' into where we write the first name, Evaristo enters 'TypeYourLastName' into where we write the last name, Evaristo enters 'jorgeluis@example.com' into where we write the EMAIL ADDRESS, Evaristo selects index 5 in where we select the month of birth, Evaristo selects index 21 in where we select the day of birth, Evaristo selects index 13 in where we select the year of birth, Evaristo clicks on button to continue to the next form]], When he search for the registration form in the uTest community web page [Evaristo fill [Evaristo enters 'Envigado' into where we type the city, Evaristo types 'ARROW_DOWN' in where we type the city, Evaristo clicks on where we type the city, Evaristo enters '055428' into where we type the zip or postal code, Evaristo clicks on button to continue to the next form], Evaristo form three [Evaristo clicks on where we select the computer OS, Evaristo clicks on where we select the computer OS, Evaristo clicks on where we select the computer OS, Evaristo clicks on where we select the computer OS, Evaristo clicks on where we select the OS language, Evaristo clicks on where we select the OS language, Evaristo clicks on where we select the mobile brand, Evaristo clicks on where we select the mobile brand, Evaristo clicks on where we select the mobile brand, Evaristo clicks on where we select the mobile brand, Evaristo clicks on where we select the mobile brand, Evaristo clicks on where we select the mobile brand, Evaristo clicks on button to continue to the next form], Evaristo last form [Evaristo enters 'TypeYourPassword123**@@' into where we type the password, Evaristo enters 'TypeYourPassword123**@@' into where we type the password again]]
[Test worker] WARN net.thucydides.core.steps.BaseStepListener - stepStarted: net.thucydides.core.steps.ExecutedStepDescription@410ece1f
[Test worker] WARN net.thucydides.core.steps.BaseStepListener - stepFinished: current outcome:Register in uTest community:Given than Evaristo wants to join the uTest community [Evaristo open up [Evaristo opens the Utest world page], Evaristo form one [Evaristo clicks on Button that shows us the registration personal form, Evaristo enters 'TypeYourFirstName' into where we write the first name, Evaristo enters 'TypeYourLastName' into where we write the last name, Evaristo enters 'jorgeluis@example.com' into where we write the EMAIL ADDRESS, Evaristo selects index 5 in where we select the month of birth, Evaristo selects index 21 in where we select the day of birth, Evaristo selects index 13 in where we select the year of birth, Evaristo clicks on button to continue to the next form]], When he search for the registration form in the uTest community web page [Evaristo fill [Evaristo enters 'Envigado' into where we type the city, Evaristo types 'ARROW_DOWN' in where we type the city, Evaristo clicks on where we type the city, Evaristo enters '055428' into where we type the zip or postal code, Evaristo clicks on button to continue to the next form], Evaristo form three [Evaristo clicks on where we select the computer OS, Evaristo clicks on where we select the computer OS, Evaristo clicks on where we select the computer OS, Evaristo clicks on where we select the computer OS, Evaristo clicks on where we select the OS language, Evaristo clicks on where we select the OS language, Evaristo clicks on where we select the mobile brand, Evaristo clicks on where we select the mobile brand, Evaristo clicks on where we select the mobile brand, Evaristo clicks on where we select the mobile brand, Evaristo clicks on where we select the mobile brand, Evaristo clicks on where we select the mobile brand, Evaristo clicks on button to continue to the next form], Evaristo last form [Evaristo enters 'TypeYourPassword123**@@' into where we type the password, Evaristo enters 'TypeYourPassword123**@@' into where we type the password again, Evaristo clicks on where we select the computer OS]]
[Test worker] WARN net.thucydides.core.steps.BaseStepListener - stepStarted: net.thucydides.core.steps.ExecutedStepDescription@3269e74e
[Test worker] WARN net.thucydides.core.steps.BaseStepListener - stepFinished: current outcome:Register in uTest community:Given than Evaristo wants to join the uTest community [Evaristo open up [Evaristo opens the Utest world page], Evaristo form one [Evaristo clicks on Button that shows us the registration personal form, Evaristo enters 'TypeYourFirstName' into where we write the first name, Evaristo enters 'TypeYourLastName' into where we write the last name, Evaristo enters 'jorgeluis@example.com' into where we write the EMAIL ADDRESS, Evaristo selects index 5 in where we select the month of birth, Evaristo selects index 21 in where we select the day of birth, Evaristo selects index 13 in where we select the year of birth, Evaristo clicks on button to continue to the next form]], When he search for the registration form in the uTest community web page [Evaristo fill [Evaristo enters 'Envigado' into where we type the city, Evaristo types 'ARROW_DOWN' in where we type the city, Evaristo clicks on where we type the city, Evaristo enters '055428' into where we type the zip or postal code, Evaristo clicks on button to continue to the next form], Evaristo form three [Evaristo clicks on where we select the computer OS, Evaristo clicks on where we select the computer OS, Evaristo clicks on where we select the computer OS, Evaristo clicks on where we select the computer OS, Evaristo clicks on where we select the OS language, Evaristo clicks on where we select the OS language, Evaristo clicks on where we select the mobile brand, Evaristo clicks on where we select the mobile brand, Evaristo clicks on where we select the mobile brand, Evaristo clicks on where we select the mobile brand, Evaristo clicks on where we select the mobile brand, Evaristo clicks on where we select the mobile brand, Evaristo clicks on button to continue to the next form], Evaristo last form [Evaristo enters 'TypeYourPassword123**@@' into where we type the password, Evaristo enters 'TypeYourPassword123**@@' into where we type the password again, Evaristo clicks on where we select the computer OS, Evaristo clicks on where we select the computer OS]]
[Test worker] WARN net.thucydides.core.steps.BaseStepListener - stepStarted: net.thucydides.core.steps.ExecutedStepDescription@75f10d2d
[Test worker] WARN net.thucydides.core.steps.BaseStepListener - stepFinished: current outcome:Register in uTest community:Given than Evaristo wants to join the uTest community [Evaristo open up [Evaristo opens the Utest world page], Evaristo form one [Evaristo clicks on Button that shows us the registration personal form, Evaristo enters 'TypeYourFirstName' into where we write the first name, Evaristo enters 'TypeYourLastName' into where we write the last name, Evaristo enters 'jorgeluis@example.com' into where we write the EMAIL ADDRESS, Evaristo selects index 5 in where we select the month of birth, Evaristo selects index 21 in where we select the day of birth, Evaristo selects index 13 in where we select the year of birth, Evaristo clicks on button to continue to the next form]], When he search for the registration form in the uTest community web page [Evaristo fill [Evaristo enters 'Envigado' into where we type the city, Evaristo types 'ARROW_DOWN' in where we type the city, Evaristo clicks on where we type the city, Evaristo enters '055428' into where we type the zip or postal code, Evaristo clicks on button to continue to the next form], Evaristo form three [Evaristo clicks on where we select the computer OS, Evaristo clicks on where we select the computer OS, Evaristo clicks on where we select the computer OS, Evaristo clicks on where we select the computer OS, Evaristo clicks on where we select the OS language, Evaristo clicks on where we select the OS language, Evaristo clicks on where we select the mobile brand, Evaristo clicks on where we select the mobile brand, Evaristo clicks on where we select the mobile brand, Evaristo clicks on where we select the mobile brand, Evaristo clicks on where we select the mobile brand, Evaristo clicks on where we select the mobile brand, Evaristo clicks on button to continue to the next form], Evaristo last form [Evaristo enters 'TypeYourPassword123**@@' into where we type the password, Evaristo enters 'TypeYourPassword123**@@' into where we type the password again, Evaristo clicks on where we select the computer OS, Evaristo clicks on where we select the computer OS, Evaristo clicks on where we select the computer OS]]
[Test worker] WARN net.thucydides.core.steps.BaseStepListener - stepStarted: net.thucydides.core.steps.ExecutedStepDescription@6e970ea9
[Test worker] WARN net.thucydides.core.steps.BaseStepListener - stepFinished: current outcome:Register in uTest community:Given than Evaristo wants to join the uTest community [Evaristo open up [Evaristo opens the Utest world page], Evaristo form one [Evaristo clicks on Button that shows us the registration personal form, Evaristo enters 'TypeYourFirstName' into where we write the first name, Evaristo enters 'TypeYourLastName' into where we write the last name, Evaristo enters 'jorgeluis@example.com' into where we write the EMAIL ADDRESS, Evaristo selects index 5 in where we select the month of birth, Evaristo selects index 21 in where we select the day of birth, Evaristo selects index 13 in where we select the year of birth, Evaristo clicks on button to continue to the next form]], When he search for the registration form in the uTest community web page [Evaristo fill [Evaristo enters 'Envigado' into where we type the city, Evaristo types 'ARROW_DOWN' in where we type the city, Evaristo clicks on where we type the city, Evaristo enters '055428' into where we type the zip or postal code, Evaristo clicks on button to continue to the next form], Evaristo form three [Evaristo clicks on where we select the computer OS, Evaristo clicks on where we select the computer OS, Evaristo clicks on where we select the computer OS, Evaristo clicks on where we select the computer OS, Evaristo clicks on where we select the OS language, Evaristo clicks on where we select the OS language, Evaristo clicks on where we select the mobile brand, Evaristo clicks on where we select the mobile brand, Evaristo clicks on where we select the mobile brand, Evaristo clicks on where we select the mobile brand, Evaristo clicks on where we select the mobile brand, Evaristo clicks on where we select the mobile brand, Evaristo clicks on button to continue to the next form], Evaristo last form [Evaristo enters 'TypeYourPassword123**@@' into where we type the password, Evaristo enters 'TypeYourPassword123**@@' into where we type the password again, Evaristo clicks on where we select the computer OS, Evaristo clicks on where we select the computer OS, Evaristo clicks on where we select the computer OS, Evaristo clicks on where we select the computer OS]]
[Test worker] WARN net.thucydides.core.steps.BaseStepListener - stepFinished: current outcome:Register in uTest community:Given than Evaristo wants to join the uTest community [Evaristo open up [Evaristo opens the Utest world page], Evaristo form one [Evaristo clicks on Button that shows us the registration personal form, Evaristo enters 'TypeYourFirstName' into where we write the first name, Evaristo enters 'TypeYourLastName' into where we write the last name, Evaristo enters 'jorgeluis@example.com' into where we write the EMAIL ADDRESS, Evaristo selects index 5 in where we select the month of birth, Evaristo selects index 21 in where we select the day of birth, Evaristo selects index 13 in where we select the year of birth, Evaristo clicks on button to continue to the next form]], When he search for the registration form in the uTest community web page [Evaristo fill [Evaristo enters 'Envigado' into where we type the city, Evaristo types 'ARROW_DOWN' in where we type the city, Evaristo clicks on where we type the city, Evaristo enters '055428' into where we type the zip or postal code, Evaristo clicks on button to continue to the next form], Evaristo form three [Evaristo clicks on where we select the computer OS, Evaristo clicks on where we select the computer OS, Evaristo clicks on where we select the computer OS, Evaristo clicks on where we select the computer OS, Evaristo clicks on where we select the OS language, Evaristo clicks on where we select the OS language, Evaristo clicks on where we select the mobile brand, Evaristo clicks on where we select the mobile brand, Evaristo clicks on where we select the mobile brand, Evaristo clicks on where we select the mobile brand, Evaristo clicks on where we select the mobile brand, Evaristo clicks on where we select the mobile brand, Evaristo clicks on button to continue to the next form], Evaristo last form [Evaristo enters 'TypeYourPassword123**@@' into where we type the password, Evaristo enters 'TypeYourPassword123**@@' into where we type the password again, Evaristo clicks on where we select the computer OS, Evaristo clicks on where we select the computer OS, Evaristo clicks on where we select the computer OS, Evaristo clicks on where we select the computer OS]]
[Test worker] WARN net.thucydides.core.steps.BaseStepListener - stepFinished: current outcome:Register in uTest community:Given than Evaristo wants to join the uTest community [Evaristo open up [Evaristo opens the Utest world page], Evaristo form one [Evaristo clicks on Button that shows us the registration personal form, Evaristo enters 'TypeYourFirstName' into where we write the first name, Evaristo enters 'TypeYourLastName' into where we write the last name, Evaristo enters 'jorgeluis@example.com' into where we write the EMAIL ADDRESS, Evaristo selects index 5 in where we select the month of birth, Evaristo selects index 21 in where we select the day of birth, Evaristo selects index 13 in where we select the year of birth, Evaristo clicks on button to continue to the next form]], When he search for the registration form in the uTest community web page [Evaristo fill [Evaristo enters 'Envigado' into where we type the city, Evaristo types 'ARROW_DOWN' in where we type the city, Evaristo clicks on where we type the city, Evaristo enters '055428' into where we type the zip or postal code, Evaristo clicks on button to continue to the next form], Evaristo form three [Evaristo clicks on where we select the computer OS, Evaristo clicks on where we select the computer OS, Evaristo clicks on where we select the computer OS, Evaristo clicks on where we select the computer OS, Evaristo clicks on where we select the OS language, Evaristo clicks on where we select the OS language, Evaristo clicks on where we select the mobile brand, Evaristo clicks on where we select the mobile brand, Evaristo clicks on where we select the mobile brand, Evaristo clicks on where we select the mobile brand, Evaristo clicks on where we select the mobile brand, Evaristo clicks on where we select the mobile brand, Evaristo clicks on button to continue to the next form], Evaristo last form [Evaristo enters 'TypeYourPassword123**@@' into where we type the password, Evaristo enters 'TypeYourPassword123**@@' into where we type the password again, Evaristo clicks on where we select the computer OS, Evaristo clicks on where we select the computer OS, Evaristo clicks on where we select the computer OS, Evaristo clicks on where we select the computer OS]]
[Test worker] WARN net.thucydides.core.steps.BaseStepListener - stepStarted: net.thucydides.core.steps.ExecutedStepDescription@5869ca45
[Test worker] WARN net.thucydides.core.steps.BaseStepListener - stepStarted: net.thucydides.core.steps.ExecutedStepDescription@5b76d502
[Test worker] WARN net.thucydides.core.steps.BaseStepListener - stepFinished: current outcome:Register in uTest community:Given than Evaristo wants to join the uTest community [Evaristo open up [Evaristo opens the Utest world page], Evaristo form one [Evaristo clicks on Button that shows us the registration personal form, Evaristo enters 'TypeYourFirstName' into where we write the first name, Evaristo enters 'TypeYourLastName' into where we write the last name, Evaristo enters 'jorgeluis@example.com' into where we write the EMAIL ADDRESS, Evaristo selects index 5 in where we select the month of birth, Evaristo selects index 21 in where we select the day of birth, Evaristo selects index 13 in where we select the year of birth, Evaristo clicks on button to continue to the next form]], When he search for the registration form in the uTest community web page [Evaristo fill [Evaristo enters 'Envigado' into where we type the city, Evaristo types 'ARROW_DOWN' in where we type the city, Evaristo clicks on where we type the city, Evaristo enters '055428' into where we type the zip or postal code, Evaristo clicks on button to continue to the next form], Evaristo form three [Evaristo clicks on where we select the computer OS, Evaristo clicks on where we select the computer OS, Evaristo clicks on where we select the computer OS, Evaristo clicks on where we select the computer OS, Evaristo clicks on where we select the OS language, Evaristo clicks on where we select the OS language, Evaristo clicks on where we select the mobile brand, Evaristo clicks on where we select the mobile brand, Evaristo clicks on where we select the mobile brand, Evaristo clicks on where we select the mobile brand, Evaristo clicks on where we select the mobile brand, Evaristo clicks on where we select the mobile brand, Evaristo clicks on button to continue to the next form], Evaristo last form [Evaristo enters 'TypeYourPassword123**@@' into where we type the password, Evaristo enters 'TypeYourPassword123**@@' into where we type the password again, Evaristo clicks on where we select the computer OS, Evaristo clicks on where we select the computer OS, Evaristo clicks on where we select the computer OS, Evaristo clicks on where we select the computer OS]], Then he registers his information and see the account register confirmation [Then answer]
[Test worker] WARN net.thucydides.core.steps.BaseStepListener - stepFinished: current outcome:Register in uTest community:Given than Evaristo wants to join the uTest community [Evaristo open up [Evaristo opens the Utest world page], Evaristo form one [Evaristo clicks on Button that shows us the registration personal form, Evaristo enters 'TypeYourFirstName' into where we write the first name, Evaristo enters 'TypeYourLastName' into where we write the last name, Evaristo enters 'jorgeluis@example.com' into where we write the EMAIL ADDRESS, Evaristo selects index 5 in where we select the month of birth, Evaristo selects index 21 in where we select the day of birth, Evaristo selects index 13 in where we select the year of birth, Evaristo clicks on button to continue to the next form]], When he search for the registration form in the uTest community web page [Evaristo fill [Evaristo enters 'Envigado' into where we type the city, Evaristo types 'ARROW_DOWN' in where we type the city, Evaristo clicks on where we type the city, Evaristo enters '055428' into where we type the zip or postal code, Evaristo clicks on button to continue to the next form], Evaristo form three [Evaristo clicks on where we select the computer OS, Evaristo clicks on where we select the computer OS, Evaristo clicks on where we select the computer OS, Evaristo clicks on where we select the computer OS, Evaristo clicks on where we select the OS language, Evaristo clicks on where we select the OS language, Evaristo clicks on where we select the mobile brand, Evaristo clicks on where we select the mobile brand, Evaristo clicks on where we select the mobile brand, Evaristo clicks on where we select the mobile brand, Evaristo clicks on where we select the mobile brand, Evaristo clicks on where we select the mobile brand, Evaristo clicks on button to continue to the next form], Evaristo last form [Evaristo enters 'TypeYourPassword123**@@' into where we type the password, Evaristo enters 'TypeYourPassword123**@@' into where we type the password again, Evaristo clicks on where we select the computer OS, Evaristo clicks on where we select the computer OS, Evaristo clicks on where we select the computer OS, Evaristo clicks on where we select the computer OS]], Then he registers his information and see the account register confirmation [Then answer]
[Test worker] WARN net.thucydides.core.steps.BaseStepListener - testFinished: Register in uTest community:Given than Evaristo wants to join the uTest community [Evaristo open up [Evaristo opens the Utest world page], Evaristo form one [Evaristo clicks on Button that shows us the registration personal form, Evaristo enters 'TypeYourFirstName' into where we write the first name, Evaristo enters 'TypeYourLastName' into where we write the last name, Evaristo enters 'jorgeluis@example.com' into where we write the EMAIL ADDRESS, Evaristo selects index 5 in where we select the month of birth, Evaristo selects index 21 in where we select the day of birth, Evaristo selects index 13 in where we select the year of birth, Evaristo clicks on button to continue to the next form]], When he search for the registration form in the uTest community web page [Evaristo fill [Evaristo enters 'Envigado' into where we type the city, Evaristo types 'ARROW_DOWN' in where we type the city, Evaristo clicks on where we type the city, Evaristo enters '055428' into where we type the zip or postal code, Evaristo clicks on button to continue to the next form], Evaristo form three [Evaristo clicks on where we select the computer OS, Evaristo clicks on where we select the computer OS, Evaristo clicks on where we select the computer OS, Evaristo clicks on where we select the computer OS, Evaristo clicks on where we select the OS language, Evaristo clicks on where we select the OS language, Evaristo clicks on where we select the mobile brand, Evaristo clicks on where we select the mobile brand, Evaristo clicks on where we select the mobile brand, Evaristo clicks on where we select the mobile brand, Evaristo clicks on where we select the mobile brand, Evaristo clicks on where we select the mobile brand, Evaristo clicks on button to continue to the next form], Evaristo last form [Evaristo enters 'TypeYourPassword123**@@' into where we type the password, Evaristo enters 'TypeYourPassword123**@@' into where we type the password again, Evaristo clicks on where we select the computer OS, Evaristo clicks on where we select the computer OS, Evaristo clicks on where we select the computer OS, Evaristo clicks on where we select the computer OS]], Then he registers his information and see the account register confirmation [Then answer]
[Test worker] WARN net.thucydides.core.steps.BaseStepListener - TestOutcomes: [Register in uTest community:Given than Evaristo wants to join the uTest community [Evaristo open up [Evaristo opens the Utest world page], Evaristo form one [Evaristo clicks on Button that shows us the registration personal form, Evaristo enters 'TypeYourFirstName' into where we write the first name, Evaristo enters 'TypeYourLastName' into where we write the last name, Evaristo enters 'jorgeluis@example.com' into where we write the EMAIL ADDRESS, Evaristo selects index 5 in where we select the month of birth, Evaristo selects index 21 in where we select the day of birth, Evaristo selects index 13 in where we select the year of birth, Evaristo clicks on button to continue to the next form]], When he search for the registration form in the uTest community web page [Evaristo fill [Evaristo enters 'Envigado' into where we type the city, Evaristo types 'ARROW_DOWN' in where we type the city, Evaristo clicks on where we type the city, Evaristo enters '055428' into where we type the zip or postal code, Evaristo clicks on button to continue to the next form], Evaristo form three [Evaristo clicks on where we select the computer OS, Evaristo clicks on where we select the computer OS, Evaristo clicks on where we select the computer OS, Evaristo clicks on where we select the computer OS, Evaristo clicks on where we select the OS language, Evaristo clicks on where we select the OS language, Evaristo clicks on where we select the mobile brand, Evaristo clicks on where we select the mobile brand, Evaristo clicks on where we select the mobile brand, Evaristo clicks on where we select the mobile brand, Evaristo clicks on where we select the mobile brand, Evaristo clicks on where we select the mobile brand, Evaristo clicks on button to continue to the next form], Evaristo last form [Evaristo enters 'TypeYourPassword123**@@' into where we type the password, Evaristo enters 'TypeYourPassword123**@@' into where we type the password again, Evaristo clicks on where we select the computer OS, Evaristo clicks on where we select the computer OS, Evaristo clicks on where we select the computer OS, Evaristo clicks on where we select the computer OS]], Then he registers his information and see the account register confirmation [Then answer]]
[Test worker] WARN net.thucydides.core.steps.BaseStepListener - Final testOutcomes: [Register in uTest community:Given than Evaristo wants to join the uTest community [Evaristo open up [Evaristo opens the Utest world page], Evaristo form one [Evaristo clicks on Button that shows us the registration personal form, Evaristo enters 'TypeYourFirstName' into where we write the first name, Evaristo enters 'TypeYourLastName' into where we write the last name, Evaristo enters 'jorgeluis@example.com' into where we write the EMAIL ADDRESS, Evaristo selects index 5 in where we select the month of birth, Evaristo selects index 21 in where we select the day of birth, Evaristo selects index 13 in where we select the year of birth, Evaristo clicks on button to continue to the next form]], When he search for the registration form in the uTest community web page [Evaristo fill [Evaristo enters 'Envigado' into where we type the city, Evaristo types 'ARROW_DOWN' in where we type the city, Evaristo clicks on where we type the city, Evaristo enters '055428' into where we type the zip or postal code, Evaristo clicks on button to continue to the next form], Evaristo form three [Evaristo clicks on where we select the computer OS, Evaristo clicks on where we select the computer OS, Evaristo clicks on where we select the computer OS, Evaristo clicks on where we select the computer OS, Evaristo clicks on where we select the OS language, Evaristo clicks on where we select the OS language, Evaristo clicks on where we select the mobile brand, Evaristo clicks on where we select the mobile brand, Evaristo clicks on where we select the mobile brand, Evaristo clicks on where we select the mobile brand, Evaristo clicks on where we select the mobile brand, Evaristo clicks on where we select the mobile brand, Evaristo clicks on button to continue to the next form], Evaristo last form [Evaristo enters 'TypeYourPassword123**@@' into where we type the password, Evaristo enters 'TypeYourPassword123**@@' into where we type the password again, Evaristo clicks on where we select the computer OS, Evaristo clicks on where we select the computer OS, Evaristo clicks on where we select the computer OS, Evaristo clicks on where we select the computer OS]], Then he registers his information and see the account register confirmation [Then answer]]
[Test worker] INFO net.thucydides.core.steps.ConsoleLoggingListener - 
        __    _____ _____ ____ _____   ____   _    ____  ____  _____ ____  
  _     \ \  |_   _| ____/ ___|_   _| |  _ \ / \  / ___|/ ___|| ____|  _ \ 
 (_)_____| |   | | |  _| \___ \ | |   | |_) / _ \ \___ \\___ \|  _| | | | |
  _|_____| |   | | | |___ ___) || |   |  __/ ___ \ ___) |___) | |___| |_| |
 (_)     | |   |_| |_____|____/ |_|   |_| /_/   \_\____/|____/|_____|____/ 
        /_/                                                                

TEST PASSED: Register in uTest community
----------------------------------------------------------------------------
]]></system-err>
</testsuite>
