<?xml version="1.0" encoding="UTF-8"?>
<testsuite name="Utest World" tests="1" skipped="0" failures="0" errors="0" timestamp="2022-02-24T19:43:19" hostname="CHMEP91BZXF3" time="45.318">
  <properties/>
  <testcase name="Register in uTest community" classname="Utest World" time="45.318"/>
  <system-out><![CDATA[]]></system-out>
  <system-err><![CDATA[[Test worker] WARN net.thucydides.core.steps.BaseStepListener - stepStarted: net.thucydides.core.steps.ExecutedStepDescription@34c67f53
[Test worker] WARN net.thucydides.core.steps.BaseStepListener - stepStarted: net.thucydides.core.steps.ExecutedStepDescription@16381b5d
[Test worker] WARN net.thucydides.core.steps.BaseStepListener - stepStarted: net.thucydides.core.steps.ExecutedStepDescription@3aa962bb
feb 24, 2022 2:43:20 PM org.openqa.selenium.remote.DesiredCapabilities chrome
INFORMACIÓN: Using `new ChromeOptions()` is preferred to `DesiredCapabilities.chrome()`
[Test worker] INFO net.serenitybdd.core.webdriver.driverproviders.ProvideNewDriver - Instantiating driver
[Test worker] INFO net.serenitybdd.core.webdriver.driverproviders.ProvideNewDriver - Driver capabilities: Capabilities {acceptInsecureCerts: false, browserName: chrome, chrome.switches: --start-maximized, goog:chromeOptions: {args: [--start-maximized], extensions: []}, loggingPrefs: org.openqa.selenium.logging..., platform: ANY, version: }
Starting ChromeDriver 98.0.4758.102 (273bf7ac8c909cde36982d27f66f3c70846a3718-refs/branch-heads/4758@{#1151}) on port 21658
Only local connections are allowed.
Please see https://chromedriver.chromium.org/security-considerations for suggestions on keeping ChromeDriver safe.
ChromeDriver was started successfully.
feb 24, 2022 2:43:22 PM org.openqa.selenium.remote.ProtocolHandshake createSession
INFORMACIÓN: Detected dialect: W3C
[Test worker] WARN net.thucydides.core.steps.BaseStepListener - stepFinished: current outcome:Register in uTest community:Given than Evaristo wants to join the uTest community
| strFirstName | strLastName | strEmail | strBirthMonth | strBirthDay | strBirthYear | strLanguage |
| Tom | Petersburg | sampete@example45.com | August | 23 | 1973 | Russian |
| Timo | Kotipelto | timo@stratoex.com | March | 15 | 1969 | Finnish |
|  |  |  |  |  |  |  | [Evaristo open up [Evaristo opens the Utest world page]]
[Test worker] WARN net.thucydides.core.steps.BaseStepListener - stepFinished: current outcome:Register in uTest community:Given than Evaristo wants to join the uTest community
| strFirstName | strLastName | strEmail | strBirthMonth | strBirthDay | strBirthYear | strLanguage |
| Tom | Petersburg | sampete@example45.com | August | 23 | 1973 | Russian |
| Timo | Kotipelto | timo@stratoex.com | March | 15 | 1969 | Finnish |
|  |  |  |  |  |  |  | [Evaristo open up [Evaristo opens the Utest world page]]
[Test worker] WARN net.thucydides.core.steps.BaseStepListener - stepStarted: net.thucydides.core.steps.ExecutedStepDescription@1ba678a
[Test worker] WARN net.thucydides.core.steps.BaseStepListener - stepStarted: net.thucydides.core.steps.ExecutedStepDescription@71246dd4
[Test worker] WARN net.thucydides.core.steps.BaseStepListener - stepFinished: current outcome:Register in uTest community:Given than Evaristo wants to join the uTest community
| strFirstName | strLastName | strEmail | strBirthMonth | strBirthDay | strBirthYear | strLanguage |
| Tom | Petersburg | sampete@example45.com | August | 23 | 1973 | Russian |
| Timo | Kotipelto | timo@stratoex.com | March | 15 | 1969 | Finnish |
|  |  |  |  |  |  |  | [Evaristo open up [Evaristo opens the Utest world page], Evaristo personal information [Evaristo clicks on Button that shows us the registration personal form]]
[Test worker] WARN net.thucydides.core.steps.BaseStepListener - stepStarted: net.thucydides.core.steps.ExecutedStepDescription@326d8c84
[Test worker] WARN net.thucydides.core.steps.BaseStepListener - stepFinished: current outcome:Register in uTest community:Given than Evaristo wants to join the uTest community
| strFirstName | strLastName | strEmail | strBirthMonth | strBirthDay | strBirthYear | strLanguage |
| Tom | Petersburg | sampete@example45.com | August | 23 | 1973 | Russian |
| Timo | Kotipelto | timo@stratoex.com | March | 15 | 1969 | Finnish |
|  |  |  |  |  |  |  | [Evaristo open up [Evaristo opens the Utest world page], Evaristo personal information [Evaristo clicks on Button that shows us the registration personal form, Evaristo enters 'Tom' into where we write the first name]]
[Test worker] WARN net.thucydides.core.steps.BaseStepListener - stepStarted: net.thucydides.core.steps.ExecutedStepDescription@4a362ddb
[Test worker] WARN net.thucydides.core.steps.BaseStepListener - stepFinished: current outcome:Register in uTest community:Given than Evaristo wants to join the uTest community
| strFirstName | strLastName | strEmail | strBirthMonth | strBirthDay | strBirthYear | strLanguage |
| Tom | Petersburg | sampete@example45.com | August | 23 | 1973 | Russian |
| Timo | Kotipelto | timo@stratoex.com | March | 15 | 1969 | Finnish |
|  |  |  |  |  |  |  | [Evaristo open up [Evaristo opens the Utest world page], Evaristo personal information [Evaristo clicks on Button that shows us the registration personal form, Evaristo enters 'Tom' into where we write the first name, Evaristo enters 'Petersburg' into where we write the last name]]
[Test worker] WARN net.thucydides.core.steps.BaseStepListener - stepStarted: net.thucydides.core.steps.ExecutedStepDescription@37600c1f
[Test worker] WARN net.thucydides.core.steps.BaseStepListener - stepFinished: current outcome:Register in uTest community:Given than Evaristo wants to join the uTest community
| strFirstName | strLastName | strEmail | strBirthMonth | strBirthDay | strBirthYear | strLanguage |
| Tom | Petersburg | sampete@example45.com | August | 23 | 1973 | Russian |
| Timo | Kotipelto | timo@stratoex.com | March | 15 | 1969 | Finnish |
|  |  |  |  |  |  |  | [Evaristo open up [Evaristo opens the Utest world page], Evaristo personal information [Evaristo clicks on Button that shows us the registration personal form, Evaristo enters 'Tom' into where we write the first name, Evaristo enters 'Petersburg' into where we write the last name, Evaristo enters 'sampete@example45.com' into where we write the EMAIL ADDRESS]]
[Test worker] WARN net.thucydides.core.steps.BaseStepListener - stepStarted: net.thucydides.core.steps.ExecutedStepDescription@45ca8853
[Test worker] WARN net.thucydides.core.steps.BaseStepListener - stepFinished: current outcome:Register in uTest community:Given than Evaristo wants to join the uTest community
| strFirstName | strLastName | strEmail | strBirthMonth | strBirthDay | strBirthYear | strLanguage |
| Tom | Petersburg | sampete@example45.com | August | 23 | 1973 | Russian |
| Timo | Kotipelto | timo@stratoex.com | March | 15 | 1969 | Finnish |
|  |  |  |  |  |  |  | [Evaristo open up [Evaristo opens the Utest world page], Evaristo personal information [Evaristo clicks on Button that shows us the registration personal form, Evaristo enters 'Tom' into where we write the first name, Evaristo enters 'Petersburg' into where we write the last name, Evaristo enters 'sampete@example45.com' into where we write the EMAIL ADDRESS, Evaristo select August on where we select the month of birth]]
[Test worker] WARN net.thucydides.core.steps.BaseStepListener - stepStarted: net.thucydides.core.steps.ExecutedStepDescription@7138d1b7
[Test worker] WARN net.thucydides.core.steps.BaseStepListener - stepFinished: current outcome:Register in uTest community:Given than Evaristo wants to join the uTest community
| strFirstName | strLastName | strEmail | strBirthMonth | strBirthDay | strBirthYear | strLanguage |
| Tom | Petersburg | sampete@example45.com | August | 23 | 1973 | Russian |
| Timo | Kotipelto | timo@stratoex.com | March | 15 | 1969 | Finnish |
|  |  |  |  |  |  |  | [Evaristo open up [Evaristo opens the Utest world page], Evaristo personal information [Evaristo clicks on Button that shows us the registration personal form, Evaristo enters 'Tom' into where we write the first name, Evaristo enters 'Petersburg' into where we write the last name, Evaristo enters 'sampete@example45.com' into where we write the EMAIL ADDRESS, Evaristo select August on where we select the month of birth, Evaristo select 23 on where we select the day of birth]]
[Test worker] WARN net.thucydides.core.steps.BaseStepListener - stepStarted: net.thucydides.core.steps.ExecutedStepDescription@4c1e56b
[Test worker] WARN net.thucydides.core.steps.BaseStepListener - stepFinished: current outcome:Register in uTest community:Given than Evaristo wants to join the uTest community
| strFirstName | strLastName | strEmail | strBirthMonth | strBirthDay | strBirthYear | strLanguage |
| Tom | Petersburg | sampete@example45.com | August | 23 | 1973 | Russian |
| Timo | Kotipelto | timo@stratoex.com | March | 15 | 1969 | Finnish |
|  |  |  |  |  |  |  | [Evaristo open up [Evaristo opens the Utest world page], Evaristo personal information [Evaristo clicks on Button that shows us the registration personal form, Evaristo enters 'Tom' into where we write the first name, Evaristo enters 'Petersburg' into where we write the last name, Evaristo enters 'sampete@example45.com' into where we write the EMAIL ADDRESS, Evaristo select August on where we select the month of birth, Evaristo select 23 on where we select the day of birth, Evaristo select 1973 on where we select the year of birth]]
[Test worker] WARN net.thucydides.core.steps.BaseStepListener - stepStarted: net.thucydides.core.steps.ExecutedStepDescription@2c68d650
[Test worker] WARN net.thucydides.core.steps.BaseStepListener - stepFinished: current outcome:Register in uTest community:Given than Evaristo wants to join the uTest community
| strFirstName | strLastName | strEmail | strBirthMonth | strBirthDay | strBirthYear | strLanguage |
| Tom | Petersburg | sampete@example45.com | August | 23 | 1973 | Russian |
| Timo | Kotipelto | timo@stratoex.com | March | 15 | 1969 | Finnish |
|  |  |  |  |  |  |  | [Evaristo open up [Evaristo opens the Utest world page], Evaristo personal information [Evaristo clicks on Button that shows us the registration personal form, Evaristo enters 'Tom' into where we write the first name, Evaristo enters 'Petersburg' into where we write the last name, Evaristo enters 'sampete@example45.com' into where we write the EMAIL ADDRESS, Evaristo select August on where we select the month of birth, Evaristo select 23 on where we select the day of birth, Evaristo select 1973 on where we select the year of birth, Evaristo enters 'Russian' into where we select the year of birth]]
[Test worker] WARN net.thucydides.core.steps.BaseStepListener - stepStarted: net.thucydides.core.steps.ExecutedStepDescription@2b9fca3d
[Test worker] WARN net.thucydides.core.steps.BaseStepListener - stepFinished: current outcome:Register in uTest community:Given than Evaristo wants to join the uTest community
| strFirstName | strLastName | strEmail | strBirthMonth | strBirthDay | strBirthYear | strLanguage |
| Tom | Petersburg | sampete@example45.com | August | 23 | 1973 | Russian |
| Timo | Kotipelto | timo@stratoex.com | March | 15 | 1969 | Finnish |
|  |  |  |  |  |  |  | [Evaristo open up [Evaristo opens the Utest world page], Evaristo personal information [Evaristo clicks on Button that shows us the registration personal form, Evaristo enters 'Tom' into where we write the first name, Evaristo enters 'Petersburg' into where we write the last name, Evaristo enters 'sampete@example45.com' into where we write the EMAIL ADDRESS, Evaristo select August on where we select the month of birth, Evaristo select 23 on where we select the day of birth, Evaristo select 1973 on where we select the year of birth, Evaristo enters 'Russian' into where we select the year of birth, Evaristo clicks on button to continue to the next form]]
[Test worker] WARN net.thucydides.core.steps.BaseStepListener - stepFinished: current outcome:Register in uTest community:Given than Evaristo wants to join the uTest community
| strFirstName | strLastName | strEmail | strBirthMonth | strBirthDay | strBirthYear | strLanguage |
| Tom | Petersburg | sampete@example45.com | August | 23 | 1973 | Russian |
| Timo | Kotipelto | timo@stratoex.com | March | 15 | 1969 | Finnish |
|  |  |  |  |  |  |  | [Evaristo open up [Evaristo opens the Utest world page], Evaristo personal information [Evaristo clicks on Button that shows us the registration personal form, Evaristo enters 'Tom' into where we write the first name, Evaristo enters 'Petersburg' into where we write the last name, Evaristo enters 'sampete@example45.com' into where we write the EMAIL ADDRESS, Evaristo select August on where we select the month of birth, Evaristo select 23 on where we select the day of birth, Evaristo select 1973 on where we select the year of birth, Evaristo enters 'Russian' into where we select the year of birth, Evaristo clicks on button to continue to the next form]]
[Test worker] WARN net.thucydides.core.steps.BaseStepListener - stepFinished: current outcome:Register in uTest community:Given than Evaristo wants to join the uTest community
| strFirstName | strLastName | strEmail | strBirthMonth | strBirthDay | strBirthYear | strLanguage |
| Tom | Petersburg | sampete@example45.com | August | 23 | 1973 | Russian |
| Timo | Kotipelto | timo@stratoex.com | March | 15 | 1969 | Finnish |
|  |  |  |  |  |  |  | [Evaristo open up [Evaristo opens the Utest world page], Evaristo personal information [Evaristo clicks on Button that shows us the registration personal form, Evaristo enters 'Tom' into where we write the first name, Evaristo enters 'Petersburg' into where we write the last name, Evaristo enters 'sampete@example45.com' into where we write the EMAIL ADDRESS, Evaristo select August on where we select the month of birth, Evaristo select 23 on where we select the day of birth, Evaristo select 1973 on where we select the year of birth, Evaristo enters 'Russian' into where we select the year of birth, Evaristo clicks on button to continue to the next form]]
[Test worker] WARN net.thucydides.core.steps.BaseStepListener - stepStarted: net.thucydides.core.steps.ExecutedStepDescription@54b663c6
[Test worker] WARN net.thucydides.core.steps.BaseStepListener - stepStarted: net.thucydides.core.steps.ExecutedStepDescription@4f300934
[Test worker] WARN net.thucydides.core.steps.BaseStepListener - stepStarted: net.thucydides.core.steps.ExecutedStepDescription@6b7cc723
[Test worker] WARN net.thucydides.core.steps.BaseStepListener - stepFinished: current outcome:Register in uTest community:Given than Evaristo wants to join the uTest community
| strFirstName | strLastName | strEmail | strBirthMonth | strBirthDay | strBirthYear | strLanguage |
| Tom | Petersburg | sampete@example45.com | August | 23 | 1973 | Russian |
| Timo | Kotipelto | timo@stratoex.com | March | 15 | 1969 | Finnish |
|  |  |  |  |  |  |  | [Evaristo open up [Evaristo opens the Utest world page], Evaristo personal information [Evaristo clicks on Button that shows us the registration personal form, Evaristo enters 'Tom' into where we write the first name, Evaristo enters 'Petersburg' into where we write the last name, Evaristo enters 'sampete@example45.com' into where we write the EMAIL ADDRESS, Evaristo select August on where we select the month of birth, Evaristo select 23 on where we select the day of birth, Evaristo select 1973 on where we select the year of birth, Evaristo enters 'Russian' into where we select the year of birth, Evaristo clicks on button to continue to the next form]], When he search for the registration form in the uTest community web page
| strCity | strZipCode | strComputerOS | strOsVersion | strOSLanguage | strMobile | strMobileModel | strMobileOS | strPassword | strConfirmPass |
| Moscow | 102301 | Linux | Manjaro | Russian | AGM | A9 (AGM) | Android 8.1 | mc!E*1dzTIRw | mc!E*1dzTIRw |
| Porvoo | 06530 | Debian | 8.5 64 Bit | Finnish | Nokia | C2 | Android 8.1 | SACLuJ$!u4#z | SACLuJ$!u4#z |
|  |  |  |  |  |  |  |  |  |  | [Evaristo location [Evaristo clicks on where we type the city]]
[Test worker] WARN net.thucydides.core.steps.BaseStepListener - stepStarted: net.thucydides.core.steps.ExecutedStepDescription@597e9abc
[Test worker] WARN net.thucydides.core.steps.BaseStepListener - stepFinished: current outcome:Register in uTest community:Given than Evaristo wants to join the uTest community
| strFirstName | strLastName | strEmail | strBirthMonth | strBirthDay | strBirthYear | strLanguage |
| Tom | Petersburg | sampete@example45.com | August | 23 | 1973 | Russian |
| Timo | Kotipelto | timo@stratoex.com | March | 15 | 1969 | Finnish |
|  |  |  |  |  |  |  | [Evaristo open up [Evaristo opens the Utest world page], Evaristo personal information [Evaristo clicks on Button that shows us the registration personal form, Evaristo enters 'Tom' into where we write the first name, Evaristo enters 'Petersburg' into where we write the last name, Evaristo enters 'sampete@example45.com' into where we write the EMAIL ADDRESS, Evaristo select August on where we select the month of birth, Evaristo select 23 on where we select the day of birth, Evaristo select 1973 on where we select the year of birth, Evaristo enters 'Russian' into where we select the year of birth, Evaristo clicks on button to continue to the next form]], When he search for the registration form in the uTest community web page
| strCity | strZipCode | strComputerOS | strOsVersion | strOSLanguage | strMobile | strMobileModel | strMobileOS | strPassword | strConfirmPass |
| Moscow | 102301 | Linux | Manjaro | Russian | AGM | A9 (AGM) | Android 8.1 | mc!E*1dzTIRw | mc!E*1dzTIRw |
| Porvoo | 06530 | Debian | 8.5 64 Bit | Finnish | Nokia | C2 | Android 8.1 | SACLuJ$!u4#z | SACLuJ$!u4#z |
|  |  |  |  |  |  |  |  |  |  | [Evaristo location [Evaristo clicks on where we type the city, Evaristo enters 'Moscow' into where we type the city]]
[Test worker] WARN net.thucydides.core.steps.BaseStepListener - stepStarted: net.thucydides.core.steps.ExecutedStepDescription@6094605e
[Test worker] WARN net.thucydides.core.steps.BaseStepListener - stepFinished: current outcome:Register in uTest community:Given than Evaristo wants to join the uTest community
| strFirstName | strLastName | strEmail | strBirthMonth | strBirthDay | strBirthYear | strLanguage |
| Tom | Petersburg | sampete@example45.com | August | 23 | 1973 | Russian |
| Timo | Kotipelto | timo@stratoex.com | March | 15 | 1969 | Finnish |
|  |  |  |  |  |  |  | [Evaristo open up [Evaristo opens the Utest world page], Evaristo personal information [Evaristo clicks on Button that shows us the registration personal form, Evaristo enters 'Tom' into where we write the first name, Evaristo enters 'Petersburg' into where we write the last name, Evaristo enters 'sampete@example45.com' into where we write the EMAIL ADDRESS, Evaristo select August on where we select the month of birth, Evaristo select 23 on where we select the day of birth, Evaristo select 1973 on where we select the year of birth, Evaristo enters 'Russian' into where we select the year of birth, Evaristo clicks on button to continue to the next form]], When he search for the registration form in the uTest community web page
| strCity | strZipCode | strComputerOS | strOsVersion | strOSLanguage | strMobile | strMobileModel | strMobileOS | strPassword | strConfirmPass |
| Moscow | 102301 | Linux | Manjaro | Russian | AGM | A9 (AGM) | Android 8.1 | mc!E*1dzTIRw | mc!E*1dzTIRw |
| Porvoo | 06530 | Debian | 8.5 64 Bit | Finnish | Nokia | C2 | Android 8.1 | SACLuJ$!u4#z | SACLuJ$!u4#z |
|  |  |  |  |  |  |  |  |  |  | [Evaristo location [Evaristo clicks on where we type the city, Evaristo enters 'Moscow' into where we type the city, Evaristo types 'ARROW_DOWN' in where we type the city]]
[Test worker] WARN net.thucydides.core.steps.BaseStepListener - stepStarted: net.thucydides.core.steps.ExecutedStepDescription@2c879ddb
[Test worker] WARN net.thucydides.core.steps.BaseStepListener - stepFinished: current outcome:Register in uTest community:Given than Evaristo wants to join the uTest community
| strFirstName | strLastName | strEmail | strBirthMonth | strBirthDay | strBirthYear | strLanguage |
| Tom | Petersburg | sampete@example45.com | August | 23 | 1973 | Russian |
| Timo | Kotipelto | timo@stratoex.com | March | 15 | 1969 | Finnish |
|  |  |  |  |  |  |  | [Evaristo open up [Evaristo opens the Utest world page], Evaristo personal information [Evaristo clicks on Button that shows us the registration personal form, Evaristo enters 'Tom' into where we write the first name, Evaristo enters 'Petersburg' into where we write the last name, Evaristo enters 'sampete@example45.com' into where we write the EMAIL ADDRESS, Evaristo select August on where we select the month of birth, Evaristo select 23 on where we select the day of birth, Evaristo select 1973 on where we select the year of birth, Evaristo enters 'Russian' into where we select the year of birth, Evaristo clicks on button to continue to the next form]], When he search for the registration form in the uTest community web page
| strCity | strZipCode | strComputerOS | strOsVersion | strOSLanguage | strMobile | strMobileModel | strMobileOS | strPassword | strConfirmPass |
| Moscow | 102301 | Linux | Manjaro | Russian | AGM | A9 (AGM) | Android 8.1 | mc!E*1dzTIRw | mc!E*1dzTIRw |
| Porvoo | 06530 | Debian | 8.5 64 Bit | Finnish | Nokia | C2 | Android 8.1 | SACLuJ$!u4#z | SACLuJ$!u4#z |
|  |  |  |  |  |  |  |  |  |  | [Evaristo location [Evaristo clicks on where we type the city, Evaristo enters 'Moscow' into where we type the city, Evaristo types 'ARROW_DOWN' in where we type the city, Evaristo types 'ENTER' in where we type the city]]
[Test worker] WARN net.thucydides.core.steps.BaseStepListener - stepStarted: net.thucydides.core.steps.ExecutedStepDescription@609533dc
[Test worker] WARN net.thucydides.core.steps.BaseStepListener - stepFinished: current outcome:Register in uTest community:Given than Evaristo wants to join the uTest community
| strFirstName | strLastName | strEmail | strBirthMonth | strBirthDay | strBirthYear | strLanguage |
| Tom | Petersburg | sampete@example45.com | August | 23 | 1973 | Russian |
| Timo | Kotipelto | timo@stratoex.com | March | 15 | 1969 | Finnish |
|  |  |  |  |  |  |  | [Evaristo open up [Evaristo opens the Utest world page], Evaristo personal information [Evaristo clicks on Button that shows us the registration personal form, Evaristo enters 'Tom' into where we write the first name, Evaristo enters 'Petersburg' into where we write the last name, Evaristo enters 'sampete@example45.com' into where we write the EMAIL ADDRESS, Evaristo select August on where we select the month of birth, Evaristo select 23 on where we select the day of birth, Evaristo select 1973 on where we select the year of birth, Evaristo enters 'Russian' into where we select the year of birth, Evaristo clicks on button to continue to the next form]], When he search for the registration form in the uTest community web page
| strCity | strZipCode | strComputerOS | strOsVersion | strOSLanguage | strMobile | strMobileModel | strMobileOS | strPassword | strConfirmPass |
| Moscow | 102301 | Linux | Manjaro | Russian | AGM | A9 (AGM) | Android 8.1 | mc!E*1dzTIRw | mc!E*1dzTIRw |
| Porvoo | 06530 | Debian | 8.5 64 Bit | Finnish | Nokia | C2 | Android 8.1 | SACLuJ$!u4#z | SACLuJ$!u4#z |
|  |  |  |  |  |  |  |  |  |  | [Evaristo location [Evaristo clicks on where we type the city, Evaristo enters 'Moscow' into where we type the city, Evaristo types 'ARROW_DOWN' in where we type the city, Evaristo types 'ENTER' in where we type the city, Evaristo enters '102301' into where we type the zip or postal code]]
[Test worker] WARN net.thucydides.core.steps.BaseStepListener - stepStarted: net.thucydides.core.steps.ExecutedStepDescription@2e8b08f3
[Test worker] WARN net.thucydides.core.steps.BaseStepListener - stepFinished: current outcome:Register in uTest community:Given than Evaristo wants to join the uTest community
| strFirstName | strLastName | strEmail | strBirthMonth | strBirthDay | strBirthYear | strLanguage |
| Tom | Petersburg | sampete@example45.com | August | 23 | 1973 | Russian |
| Timo | Kotipelto | timo@stratoex.com | March | 15 | 1969 | Finnish |
|  |  |  |  |  |  |  | [Evaristo open up [Evaristo opens the Utest world page], Evaristo personal information [Evaristo clicks on Button that shows us the registration personal form, Evaristo enters 'Tom' into where we write the first name, Evaristo enters 'Petersburg' into where we write the last name, Evaristo enters 'sampete@example45.com' into where we write the EMAIL ADDRESS, Evaristo select August on where we select the month of birth, Evaristo select 23 on where we select the day of birth, Evaristo select 1973 on where we select the year of birth, Evaristo enters 'Russian' into where we select the year of birth, Evaristo clicks on button to continue to the next form]], When he search for the registration form in the uTest community web page
| strCity | strZipCode | strComputerOS | strOsVersion | strOSLanguage | strMobile | strMobileModel | strMobileOS | strPassword | strConfirmPass |
| Moscow | 102301 | Linux | Manjaro | Russian | AGM | A9 (AGM) | Android 8.1 | mc!E*1dzTIRw | mc!E*1dzTIRw |
| Porvoo | 06530 | Debian | 8.5 64 Bit | Finnish | Nokia | C2 | Android 8.1 | SACLuJ$!u4#z | SACLuJ$!u4#z |
|  |  |  |  |  |  |  |  |  |  | [Evaristo location [Evaristo clicks on where we type the city, Evaristo enters 'Moscow' into where we type the city, Evaristo types 'ARROW_DOWN' in where we type the city, Evaristo types 'ENTER' in where we type the city, Evaristo enters '102301' into where we type the zip or postal code, Evaristo clicks on button to continue to the next form]]
[Test worker] WARN net.thucydides.core.steps.BaseStepListener - stepFinished: current outcome:Register in uTest community:Given than Evaristo wants to join the uTest community
| strFirstName | strLastName | strEmail | strBirthMonth | strBirthDay | strBirthYear | strLanguage |
| Tom | Petersburg | sampete@example45.com | August | 23 | 1973 | Russian |
| Timo | Kotipelto | timo@stratoex.com | March | 15 | 1969 | Finnish |
|  |  |  |  |  |  |  | [Evaristo open up [Evaristo opens the Utest world page], Evaristo personal information [Evaristo clicks on Button that shows us the registration personal form, Evaristo enters 'Tom' into where we write the first name, Evaristo enters 'Petersburg' into where we write the last name, Evaristo enters 'sampete@example45.com' into where we write the EMAIL ADDRESS, Evaristo select August on where we select the month of birth, Evaristo select 23 on where we select the day of birth, Evaristo select 1973 on where we select the year of birth, Evaristo enters 'Russian' into where we select the year of birth, Evaristo clicks on button to continue to the next form]], When he search for the registration form in the uTest community web page
| strCity | strZipCode | strComputerOS | strOsVersion | strOSLanguage | strMobile | strMobileModel | strMobileOS | strPassword | strConfirmPass |
| Moscow | 102301 | Linux | Manjaro | Russian | AGM | A9 (AGM) | Android 8.1 | mc!E*1dzTIRw | mc!E*1dzTIRw |
| Porvoo | 06530 | Debian | 8.5 64 Bit | Finnish | Nokia | C2 | Android 8.1 | SACLuJ$!u4#z | SACLuJ$!u4#z |
|  |  |  |  |  |  |  |  |  |  | [Evaristo location [Evaristo clicks on where we type the city, Evaristo enters 'Moscow' into where we type the city, Evaristo types 'ARROW_DOWN' in where we type the city, Evaristo types 'ENTER' in where we type the city, Evaristo enters '102301' into where we type the zip or postal code, Evaristo clicks on button to continue to the next form]]
[Test worker] WARN net.thucydides.core.steps.BaseStepListener - stepStarted: net.thucydides.core.steps.ExecutedStepDescription@41e02bfa
[Test worker] WARN net.thucydides.core.steps.BaseStepListener - stepStarted: net.thucydides.core.steps.ExecutedStepDescription@64480fb9
[Test worker] WARN net.thucydides.core.steps.BaseStepListener - stepFinished: current outcome:Register in uTest community:Given than Evaristo wants to join the uTest community
| strFirstName | strLastName | strEmail | strBirthMonth | strBirthDay | strBirthYear | strLanguage |
| Tom | Petersburg | sampete@example45.com | August | 23 | 1973 | Russian |
| Timo | Kotipelto | timo@stratoex.com | March | 15 | 1969 | Finnish |
|  |  |  |  |  |  |  | [Evaristo open up [Evaristo opens the Utest world page], Evaristo personal information [Evaristo clicks on Button that shows us the registration personal form, Evaristo enters 'Tom' into where we write the first name, Evaristo enters 'Petersburg' into where we write the last name, Evaristo enters 'sampete@example45.com' into where we write the EMAIL ADDRESS, Evaristo select August on where we select the month of birth, Evaristo select 23 on where we select the day of birth, Evaristo select 1973 on where we select the year of birth, Evaristo enters 'Russian' into where we select the year of birth, Evaristo clicks on button to continue to the next form]], When he search for the registration form in the uTest community web page
| strCity | strZipCode | strComputerOS | strOsVersion | strOSLanguage | strMobile | strMobileModel | strMobileOS | strPassword | strConfirmPass |
| Moscow | 102301 | Linux | Manjaro | Russian | AGM | A9 (AGM) | Android 8.1 | mc!E*1dzTIRw | mc!E*1dzTIRw |
| Porvoo | 06530 | Debian | 8.5 64 Bit | Finnish | Nokia | C2 | Android 8.1 | SACLuJ$!u4#z | SACLuJ$!u4#z |
|  |  |  |  |  |  |  |  |  |  | [Evaristo location [Evaristo clicks on where we type the city, Evaristo enters 'Moscow' into where we type the city, Evaristo types 'ARROW_DOWN' in where we type the city, Evaristo types 'ENTER' in where we type the city, Evaristo enters '102301' into where we type the zip or postal code, Evaristo clicks on button to continue to the next form], Evaristo device [Evaristo clicks on where we select the computer OS]]
[Test worker] WARN net.thucydides.core.steps.BaseStepListener - stepStarted: net.thucydides.core.steps.ExecutedStepDescription@5c25fa2
[Test worker] WARN net.thucydides.core.steps.BaseStepListener - stepFinished: current outcome:Register in uTest community:Given than Evaristo wants to join the uTest community
| strFirstName | strLastName | strEmail | strBirthMonth | strBirthDay | strBirthYear | strLanguage |
| Tom | Petersburg | sampete@example45.com | August | 23 | 1973 | Russian |
| Timo | Kotipelto | timo@stratoex.com | March | 15 | 1969 | Finnish |
|  |  |  |  |  |  |  | [Evaristo open up [Evaristo opens the Utest world page], Evaristo personal information [Evaristo clicks on Button that shows us the registration personal form, Evaristo enters 'Tom' into where we write the first name, Evaristo enters 'Petersburg' into where we write the last name, Evaristo enters 'sampete@example45.com' into where we write the EMAIL ADDRESS, Evaristo select August on where we select the month of birth, Evaristo select 23 on where we select the day of birth, Evaristo select 1973 on where we select the year of birth, Evaristo enters 'Russian' into where we select the year of birth, Evaristo clicks on button to continue to the next form]], When he search for the registration form in the uTest community web page
| strCity | strZipCode | strComputerOS | strOsVersion | strOSLanguage | strMobile | strMobileModel | strMobileOS | strPassword | strConfirmPass |
| Moscow | 102301 | Linux | Manjaro | Russian | AGM | A9 (AGM) | Android 8.1 | mc!E*1dzTIRw | mc!E*1dzTIRw |
| Porvoo | 06530 | Debian | 8.5 64 Bit | Finnish | Nokia | C2 | Android 8.1 | SACLuJ$!u4#z | SACLuJ$!u4#z |
|  |  |  |  |  |  |  |  |  |  | [Evaristo location [Evaristo clicks on where we type the city, Evaristo enters 'Moscow' into where we type the city, Evaristo types 'ARROW_DOWN' in where we type the city, Evaristo types 'ENTER' in where we type the city, Evaristo enters '102301' into where we type the zip or postal code, Evaristo clicks on button to continue to the next form], Evaristo device [Evaristo clicks on where we select the computer OS, Evaristo enters 'Linux' into  we select the computer OS]]
[Test worker] WARN net.thucydides.core.steps.BaseStepListener - stepStarted: net.thucydides.core.steps.ExecutedStepDescription@54c1863a
[Test worker] WARN net.thucydides.core.steps.BaseStepListener - stepFinished: current outcome:Register in uTest community:Given than Evaristo wants to join the uTest community
| strFirstName | strLastName | strEmail | strBirthMonth | strBirthDay | strBirthYear | strLanguage |
| Tom | Petersburg | sampete@example45.com | August | 23 | 1973 | Russian |
| Timo | Kotipelto | timo@stratoex.com | March | 15 | 1969 | Finnish |
|  |  |  |  |  |  |  | [Evaristo open up [Evaristo opens the Utest world page], Evaristo personal information [Evaristo clicks on Button that shows us the registration personal form, Evaristo enters 'Tom' into where we write the first name, Evaristo enters 'Petersburg' into where we write the last name, Evaristo enters 'sampete@example45.com' into where we write the EMAIL ADDRESS, Evaristo select August on where we select the month of birth, Evaristo select 23 on where we select the day of birth, Evaristo select 1973 on where we select the year of birth, Evaristo enters 'Russian' into where we select the year of birth, Evaristo clicks on button to continue to the next form]], When he search for the registration form in the uTest community web page
| strCity | strZipCode | strComputerOS | strOsVersion | strOSLanguage | strMobile | strMobileModel | strMobileOS | strPassword | strConfirmPass |
| Moscow | 102301 | Linux | Manjaro | Russian | AGM | A9 (AGM) | Android 8.1 | mc!E*1dzTIRw | mc!E*1dzTIRw |
| Porvoo | 06530 | Debian | 8.5 64 Bit | Finnish | Nokia | C2 | Android 8.1 | SACLuJ$!u4#z | SACLuJ$!u4#z |
|  |  |  |  |  |  |  |  |  |  | [Evaristo location [Evaristo clicks on where we type the city, Evaristo enters 'Moscow' into where we type the city, Evaristo types 'ARROW_DOWN' in where we type the city, Evaristo types 'ENTER' in where we type the city, Evaristo enters '102301' into where we type the zip or postal code, Evaristo clicks on button to continue to the next form], Evaristo device [Evaristo clicks on where we select the computer OS, Evaristo enters 'Linux' into  we select the computer OS, Evaristo types 'ARROW_DOWN' in  we select the computer OS]]
[Test worker] WARN net.thucydides.core.steps.BaseStepListener - stepStarted: net.thucydides.core.steps.ExecutedStepDescription@3d06eba6
[Test worker] WARN net.thucydides.core.steps.BaseStepListener - stepFinished: current outcome:Register in uTest community:Given than Evaristo wants to join the uTest community
| strFirstName | strLastName | strEmail | strBirthMonth | strBirthDay | strBirthYear | strLanguage |
| Tom | Petersburg | sampete@example45.com | August | 23 | 1973 | Russian |
| Timo | Kotipelto | timo@stratoex.com | March | 15 | 1969 | Finnish |
|  |  |  |  |  |  |  | [Evaristo open up [Evaristo opens the Utest world page], Evaristo personal information [Evaristo clicks on Button that shows us the registration personal form, Evaristo enters 'Tom' into where we write the first name, Evaristo enters 'Petersburg' into where we write the last name, Evaristo enters 'sampete@example45.com' into where we write the EMAIL ADDRESS, Evaristo select August on where we select the month of birth, Evaristo select 23 on where we select the day of birth, Evaristo select 1973 on where we select the year of birth, Evaristo enters 'Russian' into where we select the year of birth, Evaristo clicks on button to continue to the next form]], When he search for the registration form in the uTest community web page
| strCity | strZipCode | strComputerOS | strOsVersion | strOSLanguage | strMobile | strMobileModel | strMobileOS | strPassword | strConfirmPass |
| Moscow | 102301 | Linux | Manjaro | Russian | AGM | A9 (AGM) | Android 8.1 | mc!E*1dzTIRw | mc!E*1dzTIRw |
| Porvoo | 06530 | Debian | 8.5 64 Bit | Finnish | Nokia | C2 | Android 8.1 | SACLuJ$!u4#z | SACLuJ$!u4#z |
|  |  |  |  |  |  |  |  |  |  | [Evaristo location [Evaristo clicks on where we type the city, Evaristo enters 'Moscow' into where we type the city, Evaristo types 'ARROW_DOWN' in where we type the city, Evaristo types 'ENTER' in where we type the city, Evaristo enters '102301' into where we type the zip or postal code, Evaristo clicks on button to continue to the next form], Evaristo device [Evaristo clicks on where we select the computer OS, Evaristo enters 'Linux' into  we select the computer OS, Evaristo types 'ARROW_DOWN' in  we select the computer OS, Evaristo types 'ENTER' in  we select the computer OS]]
[Test worker] WARN net.thucydides.core.steps.BaseStepListener - stepStarted: net.thucydides.core.steps.ExecutedStepDescription@58d27f04
[Test worker] WARN net.thucydides.core.steps.BaseStepListener - stepFinished: current outcome:Register in uTest community:Given than Evaristo wants to join the uTest community
| strFirstName | strLastName | strEmail | strBirthMonth | strBirthDay | strBirthYear | strLanguage |
| Tom | Petersburg | sampete@example45.com | August | 23 | 1973 | Russian |
| Timo | Kotipelto | timo@stratoex.com | March | 15 | 1969 | Finnish |
|  |  |  |  |  |  |  | [Evaristo open up [Evaristo opens the Utest world page], Evaristo personal information [Evaristo clicks on Button that shows us the registration personal form, Evaristo enters 'Tom' into where we write the first name, Evaristo enters 'Petersburg' into where we write the last name, Evaristo enters 'sampete@example45.com' into where we write the EMAIL ADDRESS, Evaristo select August on where we select the month of birth, Evaristo select 23 on where we select the day of birth, Evaristo select 1973 on where we select the year of birth, Evaristo enters 'Russian' into where we select the year of birth, Evaristo clicks on button to continue to the next form]], When he search for the registration form in the uTest community web page
| strCity | strZipCode | strComputerOS | strOsVersion | strOSLanguage | strMobile | strMobileModel | strMobileOS | strPassword | strConfirmPass |
| Moscow | 102301 | Linux | Manjaro | Russian | AGM | A9 (AGM) | Android 8.1 | mc!E*1dzTIRw | mc!E*1dzTIRw |
| Porvoo | 06530 | Debian | 8.5 64 Bit | Finnish | Nokia | C2 | Android 8.1 | SACLuJ$!u4#z | SACLuJ$!u4#z |
|  |  |  |  |  |  |  |  |  |  | [Evaristo location [Evaristo clicks on where we type the city, Evaristo enters 'Moscow' into where we type the city, Evaristo types 'ARROW_DOWN' in where we type the city, Evaristo types 'ENTER' in where we type the city, Evaristo enters '102301' into where we type the zip or postal code, Evaristo clicks on button to continue to the next form], Evaristo device [Evaristo clicks on where we select the computer OS, Evaristo enters 'Linux' into  we select the computer OS, Evaristo types 'ARROW_DOWN' in  we select the computer OS, Evaristo types 'ENTER' in  we select the computer OS, Evaristo clicks on where we select the computer OS]]
[Test worker] WARN net.thucydides.core.steps.BaseStepListener - stepStarted: net.thucydides.core.steps.ExecutedStepDescription@14c5f3b4
[Test worker] WARN net.thucydides.core.steps.BaseStepListener - stepFinished: current outcome:Register in uTest community:Given than Evaristo wants to join the uTest community
| strFirstName | strLastName | strEmail | strBirthMonth | strBirthDay | strBirthYear | strLanguage |
| Tom | Petersburg | sampete@example45.com | August | 23 | 1973 | Russian |
| Timo | Kotipelto | timo@stratoex.com | March | 15 | 1969 | Finnish |
|  |  |  |  |  |  |  | [Evaristo open up [Evaristo opens the Utest world page], Evaristo personal information [Evaristo clicks on Button that shows us the registration personal form, Evaristo enters 'Tom' into where we write the first name, Evaristo enters 'Petersburg' into where we write the last name, Evaristo enters 'sampete@example45.com' into where we write the EMAIL ADDRESS, Evaristo select August on where we select the month of birth, Evaristo select 23 on where we select the day of birth, Evaristo select 1973 on where we select the year of birth, Evaristo enters 'Russian' into where we select the year of birth, Evaristo clicks on button to continue to the next form]], When he search for the registration form in the uTest community web page
| strCity | strZipCode | strComputerOS | strOsVersion | strOSLanguage | strMobile | strMobileModel | strMobileOS | strPassword | strConfirmPass |
| Moscow | 102301 | Linux | Manjaro | Russian | AGM | A9 (AGM) | Android 8.1 | mc!E*1dzTIRw | mc!E*1dzTIRw |
| Porvoo | 06530 | Debian | 8.5 64 Bit | Finnish | Nokia | C2 | Android 8.1 | SACLuJ$!u4#z | SACLuJ$!u4#z |
|  |  |  |  |  |  |  |  |  |  | [Evaristo location [Evaristo clicks on where we type the city, Evaristo enters 'Moscow' into where we type the city, Evaristo types 'ARROW_DOWN' in where we type the city, Evaristo types 'ENTER' in where we type the city, Evaristo enters '102301' into where we type the zip or postal code, Evaristo clicks on button to continue to the next form], Evaristo device [Evaristo clicks on where we select the computer OS, Evaristo enters 'Linux' into  we select the computer OS, Evaristo types 'ARROW_DOWN' in  we select the computer OS, Evaristo types 'ENTER' in  we select the computer OS, Evaristo clicks on where we select the computer OS, Evaristo enters 'Manjaro' into where we select the computer OS]]
[Test worker] WARN net.thucydides.core.steps.BaseStepListener - stepStarted: net.thucydides.core.steps.ExecutedStepDescription@bc51bb8
[Test worker] WARN net.thucydides.core.steps.BaseStepListener - stepFinished: current outcome:Register in uTest community:Given than Evaristo wants to join the uTest community
| strFirstName | strLastName | strEmail | strBirthMonth | strBirthDay | strBirthYear | strLanguage |
| Tom | Petersburg | sampete@example45.com | August | 23 | 1973 | Russian |
| Timo | Kotipelto | timo@stratoex.com | March | 15 | 1969 | Finnish |
|  |  |  |  |  |  |  | [Evaristo open up [Evaristo opens the Utest world page], Evaristo personal information [Evaristo clicks on Button that shows us the registration personal form, Evaristo enters 'Tom' into where we write the first name, Evaristo enters 'Petersburg' into where we write the last name, Evaristo enters 'sampete@example45.com' into where we write the EMAIL ADDRESS, Evaristo select August on where we select the month of birth, Evaristo select 23 on where we select the day of birth, Evaristo select 1973 on where we select the year of birth, Evaristo enters 'Russian' into where we select the year of birth, Evaristo clicks on button to continue to the next form]], When he search for the registration form in the uTest community web page
| strCity | strZipCode | strComputerOS | strOsVersion | strOSLanguage | strMobile | strMobileModel | strMobileOS | strPassword | strConfirmPass |
| Moscow | 102301 | Linux | Manjaro | Russian | AGM | A9 (AGM) | Android 8.1 | mc!E*1dzTIRw | mc!E*1dzTIRw |
| Porvoo | 06530 | Debian | 8.5 64 Bit | Finnish | Nokia | C2 | Android 8.1 | SACLuJ$!u4#z | SACLuJ$!u4#z |
|  |  |  |  |  |  |  |  |  |  | [Evaristo location [Evaristo clicks on where we type the city, Evaristo enters 'Moscow' into where we type the city, Evaristo types 'ARROW_DOWN' in where we type the city, Evaristo types 'ENTER' in where we type the city, Evaristo enters '102301' into where we type the zip or postal code, Evaristo clicks on button to continue to the next form], Evaristo device [Evaristo clicks on where we select the computer OS, Evaristo enters 'Linux' into  we select the computer OS, Evaristo types 'ARROW_DOWN' in  we select the computer OS, Evaristo types 'ENTER' in  we select the computer OS, Evaristo clicks on where we select the computer OS, Evaristo enters 'Manjaro' into where we select the computer OS, Evaristo types 'ARROW_DOWN' in where we select the computer OS]]
[Test worker] WARN net.thucydides.core.steps.BaseStepListener - stepStarted: net.thucydides.core.steps.ExecutedStepDescription@3aa79a51
[Test worker] WARN net.thucydides.core.steps.BaseStepListener - stepFinished: current outcome:Register in uTest community:Given than Evaristo wants to join the uTest community
| strFirstName | strLastName | strEmail | strBirthMonth | strBirthDay | strBirthYear | strLanguage |
| Tom | Petersburg | sampete@example45.com | August | 23 | 1973 | Russian |
| Timo | Kotipelto | timo@stratoex.com | March | 15 | 1969 | Finnish |
|  |  |  |  |  |  |  | [Evaristo open up [Evaristo opens the Utest world page], Evaristo personal information [Evaristo clicks on Button that shows us the registration personal form, Evaristo enters 'Tom' into where we write the first name, Evaristo enters 'Petersburg' into where we write the last name, Evaristo enters 'sampete@example45.com' into where we write the EMAIL ADDRESS, Evaristo select August on where we select the month of birth, Evaristo select 23 on where we select the day of birth, Evaristo select 1973 on where we select the year of birth, Evaristo enters 'Russian' into where we select the year of birth, Evaristo clicks on button to continue to the next form]], When he search for the registration form in the uTest community web page
| strCity | strZipCode | strComputerOS | strOsVersion | strOSLanguage | strMobile | strMobileModel | strMobileOS | strPassword | strConfirmPass |
| Moscow | 102301 | Linux | Manjaro | Russian | AGM | A9 (AGM) | Android 8.1 | mc!E*1dzTIRw | mc!E*1dzTIRw |
| Porvoo | 06530 | Debian | 8.5 64 Bit | Finnish | Nokia | C2 | Android 8.1 | SACLuJ$!u4#z | SACLuJ$!u4#z |
|  |  |  |  |  |  |  |  |  |  | [Evaristo location [Evaristo clicks on where we type the city, Evaristo enters 'Moscow' into where we type the city, Evaristo types 'ARROW_DOWN' in where we type the city, Evaristo types 'ENTER' in where we type the city, Evaristo enters '102301' into where we type the zip or postal code, Evaristo clicks on button to continue to the next form], Evaristo device [Evaristo clicks on where we select the computer OS, Evaristo enters 'Linux' into  we select the computer OS, Evaristo types 'ARROW_DOWN' in  we select the computer OS, Evaristo types 'ENTER' in  we select the computer OS, Evaristo clicks on where we select the computer OS, Evaristo enters 'Manjaro' into where we select the computer OS, Evaristo types 'ARROW_DOWN' in where we select the computer OS, Evaristo types 'ENTER' in where we select the computer OS]]
[Test worker] WARN net.thucydides.core.steps.BaseStepListener - stepStarted: net.thucydides.core.steps.ExecutedStepDescription@4397e013
[Test worker] WARN net.thucydides.core.steps.BaseStepListener - stepFinished: current outcome:Register in uTest community:Given than Evaristo wants to join the uTest community
| strFirstName | strLastName | strEmail | strBirthMonth | strBirthDay | strBirthYear | strLanguage |
| Tom | Petersburg | sampete@example45.com | August | 23 | 1973 | Russian |
| Timo | Kotipelto | timo@stratoex.com | March | 15 | 1969 | Finnish |
|  |  |  |  |  |  |  | [Evaristo open up [Evaristo opens the Utest world page], Evaristo personal information [Evaristo clicks on Button that shows us the registration personal form, Evaristo enters 'Tom' into where we write the first name, Evaristo enters 'Petersburg' into where we write the last name, Evaristo enters 'sampete@example45.com' into where we write the EMAIL ADDRESS, Evaristo select August on where we select the month of birth, Evaristo select 23 on where we select the day of birth, Evaristo select 1973 on where we select the year of birth, Evaristo enters 'Russian' into where we select the year of birth, Evaristo clicks on button to continue to the next form]], When he search for the registration form in the uTest community web page
| strCity | strZipCode | strComputerOS | strOsVersion | strOSLanguage | strMobile | strMobileModel | strMobileOS | strPassword | strConfirmPass |
| Moscow | 102301 | Linux | Manjaro | Russian | AGM | A9 (AGM) | Android 8.1 | mc!E*1dzTIRw | mc!E*1dzTIRw |
| Porvoo | 06530 | Debian | 8.5 64 Bit | Finnish | Nokia | C2 | Android 8.1 | SACLuJ$!u4#z | SACLuJ$!u4#z |
|  |  |  |  |  |  |  |  |  |  | [Evaristo location [Evaristo clicks on where we type the city, Evaristo enters 'Moscow' into where we type the city, Evaristo types 'ARROW_DOWN' in where we type the city, Evaristo types 'ENTER' in where we type the city, Evaristo enters '102301' into where we type the zip or postal code, Evaristo clicks on button to continue to the next form], Evaristo device [Evaristo clicks on where we select the computer OS, Evaristo enters 'Linux' into  we select the computer OS, Evaristo types 'ARROW_DOWN' in  we select the computer OS, Evaristo types 'ENTER' in  we select the computer OS, Evaristo clicks on where we select the computer OS, Evaristo enters 'Manjaro' into where we select the computer OS, Evaristo types 'ARROW_DOWN' in where we select the computer OS, Evaristo types 'ENTER' in where we select the computer OS, Evaristo clicks on where we select the OS language]]
[Test worker] WARN net.thucydides.core.steps.BaseStepListener - stepStarted: net.thucydides.core.steps.ExecutedStepDescription@65f104a4
[Test worker] WARN net.thucydides.core.steps.BaseStepListener - stepFinished: current outcome:Register in uTest community:Given than Evaristo wants to join the uTest community
| strFirstName | strLastName | strEmail | strBirthMonth | strBirthDay | strBirthYear | strLanguage |
| Tom | Petersburg | sampete@example45.com | August | 23 | 1973 | Russian |
| Timo | Kotipelto | timo@stratoex.com | March | 15 | 1969 | Finnish |
|  |  |  |  |  |  |  | [Evaristo open up [Evaristo opens the Utest world page], Evaristo personal information [Evaristo clicks on Button that shows us the registration personal form, Evaristo enters 'Tom' into where we write the first name, Evaristo enters 'Petersburg' into where we write the last name, Evaristo enters 'sampete@example45.com' into where we write the EMAIL ADDRESS, Evaristo select August on where we select the month of birth, Evaristo select 23 on where we select the day of birth, Evaristo select 1973 on where we select the year of birth, Evaristo enters 'Russian' into where we select the year of birth, Evaristo clicks on button to continue to the next form]], When he search for the registration form in the uTest community web page
| strCity | strZipCode | strComputerOS | strOsVersion | strOSLanguage | strMobile | strMobileModel | strMobileOS | strPassword | strConfirmPass |
| Moscow | 102301 | Linux | Manjaro | Russian | AGM | A9 (AGM) | Android 8.1 | mc!E*1dzTIRw | mc!E*1dzTIRw |
| Porvoo | 06530 | Debian | 8.5 64 Bit | Finnish | Nokia | C2 | Android 8.1 | SACLuJ$!u4#z | SACLuJ$!u4#z |
|  |  |  |  |  |  |  |  |  |  | [Evaristo location [Evaristo clicks on where we type the city, Evaristo enters 'Moscow' into where we type the city, Evaristo types 'ARROW_DOWN' in where we type the city, Evaristo types 'ENTER' in where we type the city, Evaristo enters '102301' into where we type the zip or postal code, Evaristo clicks on button to continue to the next form], Evaristo device [Evaristo clicks on where we select the computer OS, Evaristo enters 'Linux' into  we select the computer OS, Evaristo types 'ARROW_DOWN' in  we select the computer OS, Evaristo types 'ENTER' in  we select the computer OS, Evaristo clicks on where we select the computer OS, Evaristo enters 'Manjaro' into where we select the computer OS, Evaristo types 'ARROW_DOWN' in where we select the computer OS, Evaristo types 'ENTER' in where we select the computer OS, Evaristo clicks on where we select the OS language, Evaristo enters 'Russian' into where we select the OS language]]
[Test worker] WARN net.thucydides.core.steps.BaseStepListener - stepStarted: net.thucydides.core.steps.ExecutedStepDescription@78b9de30
[Test worker] WARN net.thucydides.core.steps.BaseStepListener - stepFinished: current outcome:Register in uTest community:Given than Evaristo wants to join the uTest community
| strFirstName | strLastName | strEmail | strBirthMonth | strBirthDay | strBirthYear | strLanguage |
| Tom | Petersburg | sampete@example45.com | August | 23 | 1973 | Russian |
| Timo | Kotipelto | timo@stratoex.com | March | 15 | 1969 | Finnish |
|  |  |  |  |  |  |  | [Evaristo open up [Evaristo opens the Utest world page], Evaristo personal information [Evaristo clicks on Button that shows us the registration personal form, Evaristo enters 'Tom' into where we write the first name, Evaristo enters 'Petersburg' into where we write the last name, Evaristo enters 'sampete@example45.com' into where we write the EMAIL ADDRESS, Evaristo select August on where we select the month of birth, Evaristo select 23 on where we select the day of birth, Evaristo select 1973 on where we select the year of birth, Evaristo enters 'Russian' into where we select the year of birth, Evaristo clicks on button to continue to the next form]], When he search for the registration form in the uTest community web page
| strCity | strZipCode | strComputerOS | strOsVersion | strOSLanguage | strMobile | strMobileModel | strMobileOS | strPassword | strConfirmPass |
| Moscow | 102301 | Linux | Manjaro | Russian | AGM | A9 (AGM) | Android 8.1 | mc!E*1dzTIRw | mc!E*1dzTIRw |
| Porvoo | 06530 | Debian | 8.5 64 Bit | Finnish | Nokia | C2 | Android 8.1 | SACLuJ$!u4#z | SACLuJ$!u4#z |
|  |  |  |  |  |  |  |  |  |  | [Evaristo location [Evaristo clicks on where we type the city, Evaristo enters 'Moscow' into where we type the city, Evaristo types 'ARROW_DOWN' in where we type the city, Evaristo types 'ENTER' in where we type the city, Evaristo enters '102301' into where we type the zip or postal code, Evaristo clicks on button to continue to the next form], Evaristo device [Evaristo clicks on where we select the computer OS, Evaristo enters 'Linux' into  we select the computer OS, Evaristo types 'ARROW_DOWN' in  we select the computer OS, Evaristo types 'ENTER' in  we select the computer OS, Evaristo clicks on where we select the computer OS, Evaristo enters 'Manjaro' into where we select the computer OS, Evaristo types 'ARROW_DOWN' in where we select the computer OS, Evaristo types 'ENTER' in where we select the computer OS, Evaristo clicks on where we select the OS language, Evaristo enters 'Russian' into where we select the OS language, Evaristo types 'ARROW_DOWN' in where we select the OS language]]
[Test worker] WARN net.thucydides.core.steps.BaseStepListener - stepStarted: net.thucydides.core.steps.ExecutedStepDescription@493f119f
[Test worker] WARN net.thucydides.core.steps.BaseStepListener - stepFinished: current outcome:Register in uTest community:Given than Evaristo wants to join the uTest community
| strFirstName | strLastName | strEmail | strBirthMonth | strBirthDay | strBirthYear | strLanguage |
| Tom | Petersburg | sampete@example45.com | August | 23 | 1973 | Russian |
| Timo | Kotipelto | timo@stratoex.com | March | 15 | 1969 | Finnish |
|  |  |  |  |  |  |  | [Evaristo open up [Evaristo opens the Utest world page], Evaristo personal information [Evaristo clicks on Button that shows us the registration personal form, Evaristo enters 'Tom' into where we write the first name, Evaristo enters 'Petersburg' into where we write the last name, Evaristo enters 'sampete@example45.com' into where we write the EMAIL ADDRESS, Evaristo select August on where we select the month of birth, Evaristo select 23 on where we select the day of birth, Evaristo select 1973 on where we select the year of birth, Evaristo enters 'Russian' into where we select the year of birth, Evaristo clicks on button to continue to the next form]], When he search for the registration form in the uTest community web page
| strCity | strZipCode | strComputerOS | strOsVersion | strOSLanguage | strMobile | strMobileModel | strMobileOS | strPassword | strConfirmPass |
| Moscow | 102301 | Linux | Manjaro | Russian | AGM | A9 (AGM) | Android 8.1 | mc!E*1dzTIRw | mc!E*1dzTIRw |
| Porvoo | 06530 | Debian | 8.5 64 Bit | Finnish | Nokia | C2 | Android 8.1 | SACLuJ$!u4#z | SACLuJ$!u4#z |
|  |  |  |  |  |  |  |  |  |  | [Evaristo location [Evaristo clicks on where we type the city, Evaristo enters 'Moscow' into where we type the city, Evaristo types 'ARROW_DOWN' in where we type the city, Evaristo types 'ENTER' in where we type the city, Evaristo enters '102301' into where we type the zip or postal code, Evaristo clicks on button to continue to the next form], Evaristo device [Evaristo clicks on where we select the computer OS, Evaristo enters 'Linux' into  we select the computer OS, Evaristo types 'ARROW_DOWN' in  we select the computer OS, Evaristo types 'ENTER' in  we select the computer OS, Evaristo clicks on where we select the computer OS, Evaristo enters 'Manjaro' into where we select the computer OS, Evaristo types 'ARROW_DOWN' in where we select the computer OS, Evaristo types 'ENTER' in where we select the computer OS, Evaristo clicks on where we select the OS language, Evaristo enters 'Russian' into where we select the OS language, Evaristo types 'ARROW_DOWN' in where we select the OS language, Evaristo types 'ENTER' in where we select the OS language]]
[Test worker] WARN net.thucydides.core.steps.BaseStepListener - stepStarted: net.thucydides.core.steps.ExecutedStepDescription@9f2774a
[Test worker] WARN net.thucydides.core.steps.BaseStepListener - stepFinished: current outcome:Register in uTest community:Given than Evaristo wants to join the uTest community
| strFirstName | strLastName | strEmail | strBirthMonth | strBirthDay | strBirthYear | strLanguage |
| Tom | Petersburg | sampete@example45.com | August | 23 | 1973 | Russian |
| Timo | Kotipelto | timo@stratoex.com | March | 15 | 1969 | Finnish |
|  |  |  |  |  |  |  | [Evaristo open up [Evaristo opens the Utest world page], Evaristo personal information [Evaristo clicks on Button that shows us the registration personal form, Evaristo enters 'Tom' into where we write the first name, Evaristo enters 'Petersburg' into where we write the last name, Evaristo enters 'sampete@example45.com' into where we write the EMAIL ADDRESS, Evaristo select August on where we select the month of birth, Evaristo select 23 on where we select the day of birth, Evaristo select 1973 on where we select the year of birth, Evaristo enters 'Russian' into where we select the year of birth, Evaristo clicks on button to continue to the next form]], When he search for the registration form in the uTest community web page
| strCity | strZipCode | strComputerOS | strOsVersion | strOSLanguage | strMobile | strMobileModel | strMobileOS | strPassword | strConfirmPass |
| Moscow | 102301 | Linux | Manjaro | Russian | AGM | A9 (AGM) | Android 8.1 | mc!E*1dzTIRw | mc!E*1dzTIRw |
| Porvoo | 06530 | Debian | 8.5 64 Bit | Finnish | Nokia | C2 | Android 8.1 | SACLuJ$!u4#z | SACLuJ$!u4#z |
|  |  |  |  |  |  |  |  |  |  | [Evaristo location [Evaristo clicks on where we type the city, Evaristo enters 'Moscow' into where we type the city, Evaristo types 'ARROW_DOWN' in where we type the city, Evaristo types 'ENTER' in where we type the city, Evaristo enters '102301' into where we type the zip or postal code, Evaristo clicks on button to continue to the next form], Evaristo device [Evaristo clicks on where we select the computer OS, Evaristo enters 'Linux' into  we select the computer OS, Evaristo types 'ARROW_DOWN' in  we select the computer OS, Evaristo types 'ENTER' in  we select the computer OS, Evaristo clicks on where we select the computer OS, Evaristo enters 'Manjaro' into where we select the computer OS, Evaristo types 'ARROW_DOWN' in where we select the computer OS, Evaristo types 'ENTER' in where we select the computer OS, Evaristo clicks on where we select the OS language, Evaristo enters 'Russian' into where we select the OS language, Evaristo types 'ARROW_DOWN' in where we select the OS language, Evaristo types 'ENTER' in where we select the OS language, Evaristo clicks on where we select the mobile brand]]
[Test worker] WARN net.thucydides.core.steps.BaseStepListener - stepStarted: net.thucydides.core.steps.ExecutedStepDescription@2ff41dcf
[Test worker] WARN net.thucydides.core.steps.BaseStepListener - stepFinished: current outcome:Register in uTest community:Given than Evaristo wants to join the uTest community
| strFirstName | strLastName | strEmail | strBirthMonth | strBirthDay | strBirthYear | strLanguage |
| Tom | Petersburg | sampete@example45.com | August | 23 | 1973 | Russian |
| Timo | Kotipelto | timo@stratoex.com | March | 15 | 1969 | Finnish |
|  |  |  |  |  |  |  | [Evaristo open up [Evaristo opens the Utest world page], Evaristo personal information [Evaristo clicks on Button that shows us the registration personal form, Evaristo enters 'Tom' into where we write the first name, Evaristo enters 'Petersburg' into where we write the last name, Evaristo enters 'sampete@example45.com' into where we write the EMAIL ADDRESS, Evaristo select August on where we select the month of birth, Evaristo select 23 on where we select the day of birth, Evaristo select 1973 on where we select the year of birth, Evaristo enters 'Russian' into where we select the year of birth, Evaristo clicks on button to continue to the next form]], When he search for the registration form in the uTest community web page
| strCity | strZipCode | strComputerOS | strOsVersion | strOSLanguage | strMobile | strMobileModel | strMobileOS | strPassword | strConfirmPass |
| Moscow | 102301 | Linux | Manjaro | Russian | AGM | A9 (AGM) | Android 8.1 | mc!E*1dzTIRw | mc!E*1dzTIRw |
| Porvoo | 06530 | Debian | 8.5 64 Bit | Finnish | Nokia | C2 | Android 8.1 | SACLuJ$!u4#z | SACLuJ$!u4#z |
|  |  |  |  |  |  |  |  |  |  | [Evaristo location [Evaristo clicks on where we type the city, Evaristo enters 'Moscow' into where we type the city, Evaristo types 'ARROW_DOWN' in where we type the city, Evaristo types 'ENTER' in where we type the city, Evaristo enters '102301' into where we type the zip or postal code, Evaristo clicks on button to continue to the next form], Evaristo device [Evaristo clicks on where we select the computer OS, Evaristo enters 'Linux' into  we select the computer OS, Evaristo types 'ARROW_DOWN' in  we select the computer OS, Evaristo types 'ENTER' in  we select the computer OS, Evaristo clicks on where we select the computer OS, Evaristo enters 'Manjaro' into where we select the computer OS, Evaristo types 'ARROW_DOWN' in where we select the computer OS, Evaristo types 'ENTER' in where we select the computer OS, Evaristo clicks on where we select the OS language, Evaristo enters 'Russian' into where we select the OS language, Evaristo types 'ARROW_DOWN' in where we select the OS language, Evaristo types 'ENTER' in where we select the OS language, Evaristo clicks on where we select the mobile brand, Evaristo enters 'AGM' into where we select the mobile brand]]
[Test worker] WARN net.thucydides.core.steps.BaseStepListener - stepStarted: net.thucydides.core.steps.ExecutedStepDescription@78af9fb3
[Test worker] WARN net.thucydides.core.steps.BaseStepListener - stepFinished: current outcome:Register in uTest community:Given than Evaristo wants to join the uTest community
| strFirstName | strLastName | strEmail | strBirthMonth | strBirthDay | strBirthYear | strLanguage |
| Tom | Petersburg | sampete@example45.com | August | 23 | 1973 | Russian |
| Timo | Kotipelto | timo@stratoex.com | March | 15 | 1969 | Finnish |
|  |  |  |  |  |  |  | [Evaristo open up [Evaristo opens the Utest world page], Evaristo personal information [Evaristo clicks on Button that shows us the registration personal form, Evaristo enters 'Tom' into where we write the first name, Evaristo enters 'Petersburg' into where we write the last name, Evaristo enters 'sampete@example45.com' into where we write the EMAIL ADDRESS, Evaristo select August on where we select the month of birth, Evaristo select 23 on where we select the day of birth, Evaristo select 1973 on where we select the year of birth, Evaristo enters 'Russian' into where we select the year of birth, Evaristo clicks on button to continue to the next form]], When he search for the registration form in the uTest community web page
| strCity | strZipCode | strComputerOS | strOsVersion | strOSLanguage | strMobile | strMobileModel | strMobileOS | strPassword | strConfirmPass |
| Moscow | 102301 | Linux | Manjaro | Russian | AGM | A9 (AGM) | Android 8.1 | mc!E*1dzTIRw | mc!E*1dzTIRw |
| Porvoo | 06530 | Debian | 8.5 64 Bit | Finnish | Nokia | C2 | Android 8.1 | SACLuJ$!u4#z | SACLuJ$!u4#z |
|  |  |  |  |  |  |  |  |  |  | [Evaristo location [Evaristo clicks on where we type the city, Evaristo enters 'Moscow' into where we type the city, Evaristo types 'ARROW_DOWN' in where we type the city, Evaristo types 'ENTER' in where we type the city, Evaristo enters '102301' into where we type the zip or postal code, Evaristo clicks on button to continue to the next form], Evaristo device [Evaristo clicks on where we select the computer OS, Evaristo enters 'Linux' into  we select the computer OS, Evaristo types 'ARROW_DOWN' in  we select the computer OS, Evaristo types 'ENTER' in  we select the computer OS, Evaristo clicks on where we select the computer OS, Evaristo enters 'Manjaro' into where we select the computer OS, Evaristo types 'ARROW_DOWN' in where we select the computer OS, Evaristo types 'ENTER' in where we select the computer OS, Evaristo clicks on where we select the OS language, Evaristo enters 'Russian' into where we select the OS language, Evaristo types 'ARROW_DOWN' in where we select the OS language, Evaristo types 'ENTER' in where we select the OS language, Evaristo clicks on where we select the mobile brand, Evaristo enters 'AGM' into where we select the mobile brand, Evaristo types 'ARROW_DOWN' in where we select the mobile brand]]
[Test worker] WARN net.thucydides.core.steps.BaseStepListener - stepStarted: net.thucydides.core.steps.ExecutedStepDescription@3357634a
[Test worker] WARN net.thucydides.core.steps.BaseStepListener - stepFinished: current outcome:Register in uTest community:Given than Evaristo wants to join the uTest community
| strFirstName | strLastName | strEmail | strBirthMonth | strBirthDay | strBirthYear | strLanguage |
| Tom | Petersburg | sampete@example45.com | August | 23 | 1973 | Russian |
| Timo | Kotipelto | timo@stratoex.com | March | 15 | 1969 | Finnish |
|  |  |  |  |  |  |  | [Evaristo open up [Evaristo opens the Utest world page], Evaristo personal information [Evaristo clicks on Button that shows us the registration personal form, Evaristo enters 'Tom' into where we write the first name, Evaristo enters 'Petersburg' into where we write the last name, Evaristo enters 'sampete@example45.com' into where we write the EMAIL ADDRESS, Evaristo select August on where we select the month of birth, Evaristo select 23 on where we select the day of birth, Evaristo select 1973 on where we select the year of birth, Evaristo enters 'Russian' into where we select the year of birth, Evaristo clicks on button to continue to the next form]], When he search for the registration form in the uTest community web page
| strCity | strZipCode | strComputerOS | strOsVersion | strOSLanguage | strMobile | strMobileModel | strMobileOS | strPassword | strConfirmPass |
| Moscow | 102301 | Linux | Manjaro | Russian | AGM | A9 (AGM) | Android 8.1 | mc!E*1dzTIRw | mc!E*1dzTIRw |
| Porvoo | 06530 | Debian | 8.5 64 Bit | Finnish | Nokia | C2 | Android 8.1 | SACLuJ$!u4#z | SACLuJ$!u4#z |
|  |  |  |  |  |  |  |  |  |  | [Evaristo location [Evaristo clicks on where we type the city, Evaristo enters 'Moscow' into where we type the city, Evaristo types 'ARROW_DOWN' in where we type the city, Evaristo types 'ENTER' in where we type the city, Evaristo enters '102301' into where we type the zip or postal code, Evaristo clicks on button to continue to the next form], Evaristo device [Evaristo clicks on where we select the computer OS, Evaristo enters 'Linux' into  we select the computer OS, Evaristo types 'ARROW_DOWN' in  we select the computer OS, Evaristo types 'ENTER' in  we select the computer OS, Evaristo clicks on where we select the computer OS, Evaristo enters 'Manjaro' into where we select the computer OS, Evaristo types 'ARROW_DOWN' in where we select the computer OS, Evaristo types 'ENTER' in where we select the computer OS, Evaristo clicks on where we select the OS language, Evaristo enters 'Russian' into where we select the OS language, Evaristo types 'ARROW_DOWN' in where we select the OS language, Evaristo types 'ENTER' in where we select the OS language, Evaristo clicks on where we select the mobile brand, Evaristo enters 'AGM' into where we select the mobile brand, Evaristo types 'ARROW_DOWN' in where we select the mobile brand, Evaristo types 'ENTER' in where we select the mobile brand]]
[Test worker] WARN net.thucydides.core.steps.BaseStepListener - stepStarted: net.thucydides.core.steps.ExecutedStepDescription@5ce3db8
[Test worker] WARN net.thucydides.core.steps.BaseStepListener - stepFinished: current outcome:Register in uTest community:Given than Evaristo wants to join the uTest community
| strFirstName | strLastName | strEmail | strBirthMonth | strBirthDay | strBirthYear | strLanguage |
| Tom | Petersburg | sampete@example45.com | August | 23 | 1973 | Russian |
| Timo | Kotipelto | timo@stratoex.com | March | 15 | 1969 | Finnish |
|  |  |  |  |  |  |  | [Evaristo open up [Evaristo opens the Utest world page], Evaristo personal information [Evaristo clicks on Button that shows us the registration personal form, Evaristo enters 'Tom' into where we write the first name, Evaristo enters 'Petersburg' into where we write the last name, Evaristo enters 'sampete@example45.com' into where we write the EMAIL ADDRESS, Evaristo select August on where we select the month of birth, Evaristo select 23 on where we select the day of birth, Evaristo select 1973 on where we select the year of birth, Evaristo enters 'Russian' into where we select the year of birth, Evaristo clicks on button to continue to the next form]], When he search for the registration form in the uTest community web page
| strCity | strZipCode | strComputerOS | strOsVersion | strOSLanguage | strMobile | strMobileModel | strMobileOS | strPassword | strConfirmPass |
| Moscow | 102301 | Linux | Manjaro | Russian | AGM | A9 (AGM) | Android 8.1 | mc!E*1dzTIRw | mc!E*1dzTIRw |
| Porvoo | 06530 | Debian | 8.5 64 Bit | Finnish | Nokia | C2 | Android 8.1 | SACLuJ$!u4#z | SACLuJ$!u4#z |
|  |  |  |  |  |  |  |  |  |  | [Evaristo location [Evaristo clicks on where we type the city, Evaristo enters 'Moscow' into where we type the city, Evaristo types 'ARROW_DOWN' in where we type the city, Evaristo types 'ENTER' in where we type the city, Evaristo enters '102301' into where we type the zip or postal code, Evaristo clicks on button to continue to the next form], Evaristo device [Evaristo clicks on where we select the computer OS, Evaristo enters 'Linux' into  we select the computer OS, Evaristo types 'ARROW_DOWN' in  we select the computer OS, Evaristo types 'ENTER' in  we select the computer OS, Evaristo clicks on where we select the computer OS, Evaristo enters 'Manjaro' into where we select the computer OS, Evaristo types 'ARROW_DOWN' in where we select the computer OS, Evaristo types 'ENTER' in where we select the computer OS, Evaristo clicks on where we select the OS language, Evaristo enters 'Russian' into where we select the OS language, Evaristo types 'ARROW_DOWN' in where we select the OS language, Evaristo types 'ENTER' in where we select the OS language, Evaristo clicks on where we select the mobile brand, Evaristo enters 'AGM' into where we select the mobile brand, Evaristo types 'ARROW_DOWN' in where we select the mobile brand, Evaristo types 'ENTER' in where we select the mobile brand, Evaristo clicks on where we select the mobile brand]]
[Test worker] WARN net.thucydides.core.steps.BaseStepListener - stepStarted: net.thucydides.core.steps.ExecutedStepDescription@336a1d21
[Test worker] WARN net.thucydides.core.steps.BaseStepListener - stepFinished: current outcome:Register in uTest community:Given than Evaristo wants to join the uTest community
| strFirstName | strLastName | strEmail | strBirthMonth | strBirthDay | strBirthYear | strLanguage |
| Tom | Petersburg | sampete@example45.com | August | 23 | 1973 | Russian |
| Timo | Kotipelto | timo@stratoex.com | March | 15 | 1969 | Finnish |
|  |  |  |  |  |  |  | [Evaristo open up [Evaristo opens the Utest world page], Evaristo personal information [Evaristo clicks on Button that shows us the registration personal form, Evaristo enters 'Tom' into where we write the first name, Evaristo enters 'Petersburg' into where we write the last name, Evaristo enters 'sampete@example45.com' into where we write the EMAIL ADDRESS, Evaristo select August on where we select the month of birth, Evaristo select 23 on where we select the day of birth, Evaristo select 1973 on where we select the year of birth, Evaristo enters 'Russian' into where we select the year of birth, Evaristo clicks on button to continue to the next form]], When he search for the registration form in the uTest community web page
| strCity | strZipCode | strComputerOS | strOsVersion | strOSLanguage | strMobile | strMobileModel | strMobileOS | strPassword | strConfirmPass |
| Moscow | 102301 | Linux | Manjaro | Russian | AGM | A9 (AGM) | Android 8.1 | mc!E*1dzTIRw | mc!E*1dzTIRw |
| Porvoo | 06530 | Debian | 8.5 64 Bit | Finnish | Nokia | C2 | Android 8.1 | SACLuJ$!u4#z | SACLuJ$!u4#z |
|  |  |  |  |  |  |  |  |  |  | [Evaristo location [Evaristo clicks on where we type the city, Evaristo enters 'Moscow' into where we type the city, Evaristo types 'ARROW_DOWN' in where we type the city, Evaristo types 'ENTER' in where we type the city, Evaristo enters '102301' into where we type the zip or postal code, Evaristo clicks on button to continue to the next form], Evaristo device [Evaristo clicks on where we select the computer OS, Evaristo enters 'Linux' into  we select the computer OS, Evaristo types 'ARROW_DOWN' in  we select the computer OS, Evaristo types 'ENTER' in  we select the computer OS, Evaristo clicks on where we select the computer OS, Evaristo enters 'Manjaro' into where we select the computer OS, Evaristo types 'ARROW_DOWN' in where we select the computer OS, Evaristo types 'ENTER' in where we select the computer OS, Evaristo clicks on where we select the OS language, Evaristo enters 'Russian' into where we select the OS language, Evaristo types 'ARROW_DOWN' in where we select the OS language, Evaristo types 'ENTER' in where we select the OS language, Evaristo clicks on where we select the mobile brand, Evaristo enters 'AGM' into where we select the mobile brand, Evaristo types 'ARROW_DOWN' in where we select the mobile brand, Evaristo types 'ENTER' in where we select the mobile brand, Evaristo clicks on where we select the mobile brand, Evaristo enters 'A9 (AGM)' into where we select the mobile brand]]
[Test worker] WARN net.thucydides.core.steps.BaseStepListener - stepStarted: net.thucydides.core.steps.ExecutedStepDescription@31c67f22
[Test worker] WARN net.thucydides.core.steps.BaseStepListener - stepFinished: current outcome:Register in uTest community:Given than Evaristo wants to join the uTest community
| strFirstName | strLastName | strEmail | strBirthMonth | strBirthDay | strBirthYear | strLanguage |
| Tom | Petersburg | sampete@example45.com | August | 23 | 1973 | Russian |
| Timo | Kotipelto | timo@stratoex.com | March | 15 | 1969 | Finnish |
|  |  |  |  |  |  |  | [Evaristo open up [Evaristo opens the Utest world page], Evaristo personal information [Evaristo clicks on Button that shows us the registration personal form, Evaristo enters 'Tom' into where we write the first name, Evaristo enters 'Petersburg' into where we write the last name, Evaristo enters 'sampete@example45.com' into where we write the EMAIL ADDRESS, Evaristo select August on where we select the month of birth, Evaristo select 23 on where we select the day of birth, Evaristo select 1973 on where we select the year of birth, Evaristo enters 'Russian' into where we select the year of birth, Evaristo clicks on button to continue to the next form]], When he search for the registration form in the uTest community web page
| strCity | strZipCode | strComputerOS | strOsVersion | strOSLanguage | strMobile | strMobileModel | strMobileOS | strPassword | strConfirmPass |
| Moscow | 102301 | Linux | Manjaro | Russian | AGM | A9 (AGM) | Android 8.1 | mc!E*1dzTIRw | mc!E*1dzTIRw |
| Porvoo | 06530 | Debian | 8.5 64 Bit | Finnish | Nokia | C2 | Android 8.1 | SACLuJ$!u4#z | SACLuJ$!u4#z |
|  |  |  |  |  |  |  |  |  |  | [Evaristo location [Evaristo clicks on where we type the city, Evaristo enters 'Moscow' into where we type the city, Evaristo types 'ARROW_DOWN' in where we type the city, Evaristo types 'ENTER' in where we type the city, Evaristo enters '102301' into where we type the zip or postal code, Evaristo clicks on button to continue to the next form], Evaristo device [Evaristo clicks on where we select the computer OS, Evaristo enters 'Linux' into  we select the computer OS, Evaristo types 'ARROW_DOWN' in  we select the computer OS, Evaristo types 'ENTER' in  we select the computer OS, Evaristo clicks on where we select the computer OS, Evaristo enters 'Manjaro' into where we select the computer OS, Evaristo types 'ARROW_DOWN' in where we select the computer OS, Evaristo types 'ENTER' in where we select the computer OS, Evaristo clicks on where we select the OS language, Evaristo enters 'Russian' into where we select the OS language, Evaristo types 'ARROW_DOWN' in where we select the OS language, Evaristo types 'ENTER' in where we select the OS language, Evaristo clicks on where we select the mobile brand, Evaristo enters 'AGM' into where we select the mobile brand, Evaristo types 'ARROW_DOWN' in where we select the mobile brand, Evaristo types 'ENTER' in where we select the mobile brand, Evaristo clicks on where we select the mobile brand, Evaristo enters 'A9 (AGM)' into where we select the mobile brand, Evaristo types 'ARROW_DOWN' in where we select the mobile brand]]
[Test worker] WARN net.thucydides.core.steps.BaseStepListener - stepStarted: net.thucydides.core.steps.ExecutedStepDescription@41264920
[Test worker] WARN net.thucydides.core.steps.BaseStepListener - stepFinished: current outcome:Register in uTest community:Given than Evaristo wants to join the uTest community
| strFirstName | strLastName | strEmail | strBirthMonth | strBirthDay | strBirthYear | strLanguage |
| Tom | Petersburg | sampete@example45.com | August | 23 | 1973 | Russian |
| Timo | Kotipelto | timo@stratoex.com | March | 15 | 1969 | Finnish |
|  |  |  |  |  |  |  | [Evaristo open up [Evaristo opens the Utest world page], Evaristo personal information [Evaristo clicks on Button that shows us the registration personal form, Evaristo enters 'Tom' into where we write the first name, Evaristo enters 'Petersburg' into where we write the last name, Evaristo enters 'sampete@example45.com' into where we write the EMAIL ADDRESS, Evaristo select August on where we select the month of birth, Evaristo select 23 on where we select the day of birth, Evaristo select 1973 on where we select the year of birth, Evaristo enters 'Russian' into where we select the year of birth, Evaristo clicks on button to continue to the next form]], When he search for the registration form in the uTest community web page
| strCity | strZipCode | strComputerOS | strOsVersion | strOSLanguage | strMobile | strMobileModel | strMobileOS | strPassword | strConfirmPass |
| Moscow | 102301 | Linux | Manjaro | Russian | AGM | A9 (AGM) | Android 8.1 | mc!E*1dzTIRw | mc!E*1dzTIRw |
| Porvoo | 06530 | Debian | 8.5 64 Bit | Finnish | Nokia | C2 | Android 8.1 | SACLuJ$!u4#z | SACLuJ$!u4#z |
|  |  |  |  |  |  |  |  |  |  | [Evaristo location [Evaristo clicks on where we type the city, Evaristo enters 'Moscow' into where we type the city, Evaristo types 'ARROW_DOWN' in where we type the city, Evaristo types 'ENTER' in where we type the city, Evaristo enters '102301' into where we type the zip or postal code, Evaristo clicks on button to continue to the next form], Evaristo device [Evaristo clicks on where we select the computer OS, Evaristo enters 'Linux' into  we select the computer OS, Evaristo types 'ARROW_DOWN' in  we select the computer OS, Evaristo types 'ENTER' in  we select the computer OS, Evaristo clicks on where we select the computer OS, Evaristo enters 'Manjaro' into where we select the computer OS, Evaristo types 'ARROW_DOWN' in where we select the computer OS, Evaristo types 'ENTER' in where we select the computer OS, Evaristo clicks on where we select the OS language, Evaristo enters 'Russian' into where we select the OS language, Evaristo types 'ARROW_DOWN' in where we select the OS language, Evaristo types 'ENTER' in where we select the OS language, Evaristo clicks on where we select the mobile brand, Evaristo enters 'AGM' into where we select the mobile brand, Evaristo types 'ARROW_DOWN' in where we select the mobile brand, Evaristo types 'ENTER' in where we select the mobile brand, Evaristo clicks on where we select the mobile brand, Evaristo enters 'A9 (AGM)' into where we select the mobile brand, Evaristo types 'ARROW_DOWN' in where we select the mobile brand, Evaristo types 'ENTER' in where we select the mobile brand]]
[Test worker] WARN net.thucydides.core.steps.BaseStepListener - stepStarted: net.thucydides.core.steps.ExecutedStepDescription@6b92f25
[Test worker] WARN net.thucydides.core.steps.BaseStepListener - stepFinished: current outcome:Register in uTest community:Given than Evaristo wants to join the uTest community
| strFirstName | strLastName | strEmail | strBirthMonth | strBirthDay | strBirthYear | strLanguage |
| Tom | Petersburg | sampete@example45.com | August | 23 | 1973 | Russian |
| Timo | Kotipelto | timo@stratoex.com | March | 15 | 1969 | Finnish |
|  |  |  |  |  |  |  | [Evaristo open up [Evaristo opens the Utest world page], Evaristo personal information [Evaristo clicks on Button that shows us the registration personal form, Evaristo enters 'Tom' into where we write the first name, Evaristo enters 'Petersburg' into where we write the last name, Evaristo enters 'sampete@example45.com' into where we write the EMAIL ADDRESS, Evaristo select August on where we select the month of birth, Evaristo select 23 on where we select the day of birth, Evaristo select 1973 on where we select the year of birth, Evaristo enters 'Russian' into where we select the year of birth, Evaristo clicks on button to continue to the next form]], When he search for the registration form in the uTest community web page
| strCity | strZipCode | strComputerOS | strOsVersion | strOSLanguage | strMobile | strMobileModel | strMobileOS | strPassword | strConfirmPass |
| Moscow | 102301 | Linux | Manjaro | Russian | AGM | A9 (AGM) | Android 8.1 | mc!E*1dzTIRw | mc!E*1dzTIRw |
| Porvoo | 06530 | Debian | 8.5 64 Bit | Finnish | Nokia | C2 | Android 8.1 | SACLuJ$!u4#z | SACLuJ$!u4#z |
|  |  |  |  |  |  |  |  |  |  | [Evaristo location [Evaristo clicks on where we type the city, Evaristo enters 'Moscow' into where we type the city, Evaristo types 'ARROW_DOWN' in where we type the city, Evaristo types 'ENTER' in where we type the city, Evaristo enters '102301' into where we type the zip or postal code, Evaristo clicks on button to continue to the next form], Evaristo device [Evaristo clicks on where we select the computer OS, Evaristo enters 'Linux' into  we select the computer OS, Evaristo types 'ARROW_DOWN' in  we select the computer OS, Evaristo types 'ENTER' in  we select the computer OS, Evaristo clicks on where we select the computer OS, Evaristo enters 'Manjaro' into where we select the computer OS, Evaristo types 'ARROW_DOWN' in where we select the computer OS, Evaristo types 'ENTER' in where we select the computer OS, Evaristo clicks on where we select the OS language, Evaristo enters 'Russian' into where we select the OS language, Evaristo types 'ARROW_DOWN' in where we select the OS language, Evaristo types 'ENTER' in where we select the OS language, Evaristo clicks on where we select the mobile brand, Evaristo enters 'AGM' into where we select the mobile brand, Evaristo types 'ARROW_DOWN' in where we select the mobile brand, Evaristo types 'ENTER' in where we select the mobile brand, Evaristo clicks on where we select the mobile brand, Evaristo enters 'A9 (AGM)' into where we select the mobile brand, Evaristo types 'ARROW_DOWN' in where we select the mobile brand, Evaristo types 'ENTER' in where we select the mobile brand, Evaristo clicks on where we select the mobile brand]]
[Test worker] WARN net.thucydides.core.steps.BaseStepListener - stepStarted: net.thucydides.core.steps.ExecutedStepDescription@6e887116
[Test worker] WARN net.thucydides.core.steps.BaseStepListener - stepFinished: current outcome:Register in uTest community:Given than Evaristo wants to join the uTest community
| strFirstName | strLastName | strEmail | strBirthMonth | strBirthDay | strBirthYear | strLanguage |
| Tom | Petersburg | sampete@example45.com | August | 23 | 1973 | Russian |
| Timo | Kotipelto | timo@stratoex.com | March | 15 | 1969 | Finnish |
|  |  |  |  |  |  |  | [Evaristo open up [Evaristo opens the Utest world page], Evaristo personal information [Evaristo clicks on Button that shows us the registration personal form, Evaristo enters 'Tom' into where we write the first name, Evaristo enters 'Petersburg' into where we write the last name, Evaristo enters 'sampete@example45.com' into where we write the EMAIL ADDRESS, Evaristo select August on where we select the month of birth, Evaristo select 23 on where we select the day of birth, Evaristo select 1973 on where we select the year of birth, Evaristo enters 'Russian' into where we select the year of birth, Evaristo clicks on button to continue to the next form]], When he search for the registration form in the uTest community web page
| strCity | strZipCode | strComputerOS | strOsVersion | strOSLanguage | strMobile | strMobileModel | strMobileOS | strPassword | strConfirmPass |
| Moscow | 102301 | Linux | Manjaro | Russian | AGM | A9 (AGM) | Android 8.1 | mc!E*1dzTIRw | mc!E*1dzTIRw |
| Porvoo | 06530 | Debian | 8.5 64 Bit | Finnish | Nokia | C2 | Android 8.1 | SACLuJ$!u4#z | SACLuJ$!u4#z |
|  |  |  |  |  |  |  |  |  |  | [Evaristo location [Evaristo clicks on where we type the city, Evaristo enters 'Moscow' into where we type the city, Evaristo types 'ARROW_DOWN' in where we type the city, Evaristo types 'ENTER' in where we type the city, Evaristo enters '102301' into where we type the zip or postal code, Evaristo clicks on button to continue to the next form], Evaristo device [Evaristo clicks on where we select the computer OS, Evaristo enters 'Linux' into  we select the computer OS, Evaristo types 'ARROW_DOWN' in  we select the computer OS, Evaristo types 'ENTER' in  we select the computer OS, Evaristo clicks on where we select the computer OS, Evaristo enters 'Manjaro' into where we select the computer OS, Evaristo types 'ARROW_DOWN' in where we select the computer OS, Evaristo types 'ENTER' in where we select the computer OS, Evaristo clicks on where we select the OS language, Evaristo enters 'Russian' into where we select the OS language, Evaristo types 'ARROW_DOWN' in where we select the OS language, Evaristo types 'ENTER' in where we select the OS language, Evaristo clicks on where we select the mobile brand, Evaristo enters 'AGM' into where we select the mobile brand, Evaristo types 'ARROW_DOWN' in where we select the mobile brand, Evaristo types 'ENTER' in where we select the mobile brand, Evaristo clicks on where we select the mobile brand, Evaristo enters 'A9 (AGM)' into where we select the mobile brand, Evaristo types 'ARROW_DOWN' in where we select the mobile brand, Evaristo types 'ENTER' in where we select the mobile brand, Evaristo clicks on where we select the mobile brand, Evaristo enters 'Android 8.1' into where we select the mobile brand]]
[Test worker] WARN net.thucydides.core.steps.BaseStepListener - stepStarted: net.thucydides.core.steps.ExecutedStepDescription@26c57f02
[Test worker] WARN net.thucydides.core.steps.BaseStepListener - stepFinished: current outcome:Register in uTest community:Given than Evaristo wants to join the uTest community
| strFirstName | strLastName | strEmail | strBirthMonth | strBirthDay | strBirthYear | strLanguage |
| Tom | Petersburg | sampete@example45.com | August | 23 | 1973 | Russian |
| Timo | Kotipelto | timo@stratoex.com | March | 15 | 1969 | Finnish |
|  |  |  |  |  |  |  | [Evaristo open up [Evaristo opens the Utest world page], Evaristo personal information [Evaristo clicks on Button that shows us the registration personal form, Evaristo enters 'Tom' into where we write the first name, Evaristo enters 'Petersburg' into where we write the last name, Evaristo enters 'sampete@example45.com' into where we write the EMAIL ADDRESS, Evaristo select August on where we select the month of birth, Evaristo select 23 on where we select the day of birth, Evaristo select 1973 on where we select the year of birth, Evaristo enters 'Russian' into where we select the year of birth, Evaristo clicks on button to continue to the next form]], When he search for the registration form in the uTest community web page
| strCity | strZipCode | strComputerOS | strOsVersion | strOSLanguage | strMobile | strMobileModel | strMobileOS | strPassword | strConfirmPass |
| Moscow | 102301 | Linux | Manjaro | Russian | AGM | A9 (AGM) | Android 8.1 | mc!E*1dzTIRw | mc!E*1dzTIRw |
| Porvoo | 06530 | Debian | 8.5 64 Bit | Finnish | Nokia | C2 | Android 8.1 | SACLuJ$!u4#z | SACLuJ$!u4#z |
|  |  |  |  |  |  |  |  |  |  | [Evaristo location [Evaristo clicks on where we type the city, Evaristo enters 'Moscow' into where we type the city, Evaristo types 'ARROW_DOWN' in where we type the city, Evaristo types 'ENTER' in where we type the city, Evaristo enters '102301' into where we type the zip or postal code, Evaristo clicks on button to continue to the next form], Evaristo device [Evaristo clicks on where we select the computer OS, Evaristo enters 'Linux' into  we select the computer OS, Evaristo types 'ARROW_DOWN' in  we select the computer OS, Evaristo types 'ENTER' in  we select the computer OS, Evaristo clicks on where we select the computer OS, Evaristo enters 'Manjaro' into where we select the computer OS, Evaristo types 'ARROW_DOWN' in where we select the computer OS, Evaristo types 'ENTER' in where we select the computer OS, Evaristo clicks on where we select the OS language, Evaristo enters 'Russian' into where we select the OS language, Evaristo types 'ARROW_DOWN' in where we select the OS language, Evaristo types 'ENTER' in where we select the OS language, Evaristo clicks on where we select the mobile brand, Evaristo enters 'AGM' into where we select the mobile brand, Evaristo types 'ARROW_DOWN' in where we select the mobile brand, Evaristo types 'ENTER' in where we select the mobile brand, Evaristo clicks on where we select the mobile brand, Evaristo enters 'A9 (AGM)' into where we select the mobile brand, Evaristo types 'ARROW_DOWN' in where we select the mobile brand, Evaristo types 'ENTER' in where we select the mobile brand, Evaristo clicks on where we select the mobile brand, Evaristo enters 'Android 8.1' into where we select the mobile brand, Evaristo types 'ARROW_DOWN' in where we select the mobile brand]]
[Test worker] WARN net.thucydides.core.steps.BaseStepListener - stepStarted: net.thucydides.core.steps.ExecutedStepDescription@5becdab7
[Test worker] WARN net.thucydides.core.steps.BaseStepListener - stepFinished: current outcome:Register in uTest community:Given than Evaristo wants to join the uTest community
| strFirstName | strLastName | strEmail | strBirthMonth | strBirthDay | strBirthYear | strLanguage |
| Tom | Petersburg | sampete@example45.com | August | 23 | 1973 | Russian |
| Timo | Kotipelto | timo@stratoex.com | March | 15 | 1969 | Finnish |
|  |  |  |  |  |  |  | [Evaristo open up [Evaristo opens the Utest world page], Evaristo personal information [Evaristo clicks on Button that shows us the registration personal form, Evaristo enters 'Tom' into where we write the first name, Evaristo enters 'Petersburg' into where we write the last name, Evaristo enters 'sampete@example45.com' into where we write the EMAIL ADDRESS, Evaristo select August on where we select the month of birth, Evaristo select 23 on where we select the day of birth, Evaristo select 1973 on where we select the year of birth, Evaristo enters 'Russian' into where we select the year of birth, Evaristo clicks on button to continue to the next form]], When he search for the registration form in the uTest community web page
| strCity | strZipCode | strComputerOS | strOsVersion | strOSLanguage | strMobile | strMobileModel | strMobileOS | strPassword | strConfirmPass |
| Moscow | 102301 | Linux | Manjaro | Russian | AGM | A9 (AGM) | Android 8.1 | mc!E*1dzTIRw | mc!E*1dzTIRw |
| Porvoo | 06530 | Debian | 8.5 64 Bit | Finnish | Nokia | C2 | Android 8.1 | SACLuJ$!u4#z | SACLuJ$!u4#z |
|  |  |  |  |  |  |  |  |  |  | [Evaristo location [Evaristo clicks on where we type the city, Evaristo enters 'Moscow' into where we type the city, Evaristo types 'ARROW_DOWN' in where we type the city, Evaristo types 'ENTER' in where we type the city, Evaristo enters '102301' into where we type the zip or postal code, Evaristo clicks on button to continue to the next form], Evaristo device [Evaristo clicks on where we select the computer OS, Evaristo enters 'Linux' into  we select the computer OS, Evaristo types 'ARROW_DOWN' in  we select the computer OS, Evaristo types 'ENTER' in  we select the computer OS, Evaristo clicks on where we select the computer OS, Evaristo enters 'Manjaro' into where we select the computer OS, Evaristo types 'ARROW_DOWN' in where we select the computer OS, Evaristo types 'ENTER' in where we select the computer OS, Evaristo clicks on where we select the OS language, Evaristo enters 'Russian' into where we select the OS language, Evaristo types 'ARROW_DOWN' in where we select the OS language, Evaristo types 'ENTER' in where we select the OS language, Evaristo clicks on where we select the mobile brand, Evaristo enters 'AGM' into where we select the mobile brand, Evaristo types 'ARROW_DOWN' in where we select the mobile brand, Evaristo types 'ENTER' in where we select the mobile brand, Evaristo clicks on where we select the mobile brand, Evaristo enters 'A9 (AGM)' into where we select the mobile brand, Evaristo types 'ARROW_DOWN' in where we select the mobile brand, Evaristo types 'ENTER' in where we select the mobile brand, Evaristo clicks on where we select the mobile brand, Evaristo enters 'Android 8.1' into where we select the mobile brand, Evaristo types 'ARROW_DOWN' in where we select the mobile brand, Evaristo types 'ENTER' in where we select the mobile brand]]
[Test worker] WARN net.thucydides.core.steps.BaseStepListener - stepStarted: net.thucydides.core.steps.ExecutedStepDescription@6f69f805
[Test worker] WARN net.thucydides.core.steps.BaseStepListener - stepFinished: current outcome:Register in uTest community:Given than Evaristo wants to join the uTest community
| strFirstName | strLastName | strEmail | strBirthMonth | strBirthDay | strBirthYear | strLanguage |
| Tom | Petersburg | sampete@example45.com | August | 23 | 1973 | Russian |
| Timo | Kotipelto | timo@stratoex.com | March | 15 | 1969 | Finnish |
|  |  |  |  |  |  |  | [Evaristo open up [Evaristo opens the Utest world page], Evaristo personal information [Evaristo clicks on Button that shows us the registration personal form, Evaristo enters 'Tom' into where we write the first name, Evaristo enters 'Petersburg' into where we write the last name, Evaristo enters 'sampete@example45.com' into where we write the EMAIL ADDRESS, Evaristo select August on where we select the month of birth, Evaristo select 23 on where we select the day of birth, Evaristo select 1973 on where we select the year of birth, Evaristo enters 'Russian' into where we select the year of birth, Evaristo clicks on button to continue to the next form]], When he search for the registration form in the uTest community web page
| strCity | strZipCode | strComputerOS | strOsVersion | strOSLanguage | strMobile | strMobileModel | strMobileOS | strPassword | strConfirmPass |
| Moscow | 102301 | Linux | Manjaro | Russian | AGM | A9 (AGM) | Android 8.1 | mc!E*1dzTIRw | mc!E*1dzTIRw |
| Porvoo | 06530 | Debian | 8.5 64 Bit | Finnish | Nokia | C2 | Android 8.1 | SACLuJ$!u4#z | SACLuJ$!u4#z |
|  |  |  |  |  |  |  |  |  |  | [Evaristo location [Evaristo clicks on where we type the city, Evaristo enters 'Moscow' into where we type the city, Evaristo types 'ARROW_DOWN' in where we type the city, Evaristo types 'ENTER' in where we type the city, Evaristo enters '102301' into where we type the zip or postal code, Evaristo clicks on button to continue to the next form], Evaristo device [Evaristo clicks on where we select the computer OS, Evaristo enters 'Linux' into  we select the computer OS, Evaristo types 'ARROW_DOWN' in  we select the computer OS, Evaristo types 'ENTER' in  we select the computer OS, Evaristo clicks on where we select the computer OS, Evaristo enters 'Manjaro' into where we select the computer OS, Evaristo types 'ARROW_DOWN' in where we select the computer OS, Evaristo types 'ENTER' in where we select the computer OS, Evaristo clicks on where we select the OS language, Evaristo enters 'Russian' into where we select the OS language, Evaristo types 'ARROW_DOWN' in where we select the OS language, Evaristo types 'ENTER' in where we select the OS language, Evaristo clicks on where we select the mobile brand, Evaristo enters 'AGM' into where we select the mobile brand, Evaristo types 'ARROW_DOWN' in where we select the mobile brand, Evaristo types 'ENTER' in where we select the mobile brand, Evaristo clicks on where we select the mobile brand, Evaristo enters 'A9 (AGM)' into where we select the mobile brand, Evaristo types 'ARROW_DOWN' in where we select the mobile brand, Evaristo types 'ENTER' in where we select the mobile brand, Evaristo clicks on where we select the mobile brand, Evaristo enters 'Android 8.1' into where we select the mobile brand, Evaristo types 'ARROW_DOWN' in where we select the mobile brand, Evaristo types 'ENTER' in where we select the mobile brand, Evaristo clicks on button to continue to the next form]]
[Test worker] WARN net.thucydides.core.steps.BaseStepListener - stepFinished: current outcome:Register in uTest community:Given than Evaristo wants to join the uTest community
| strFirstName | strLastName | strEmail | strBirthMonth | strBirthDay | strBirthYear | strLanguage |
| Tom | Petersburg | sampete@example45.com | August | 23 | 1973 | Russian |
| Timo | Kotipelto | timo@stratoex.com | March | 15 | 1969 | Finnish |
|  |  |  |  |  |  |  | [Evaristo open up [Evaristo opens the Utest world page], Evaristo personal information [Evaristo clicks on Button that shows us the registration personal form, Evaristo enters 'Tom' into where we write the first name, Evaristo enters 'Petersburg' into where we write the last name, Evaristo enters 'sampete@example45.com' into where we write the EMAIL ADDRESS, Evaristo select August on where we select the month of birth, Evaristo select 23 on where we select the day of birth, Evaristo select 1973 on where we select the year of birth, Evaristo enters 'Russian' into where we select the year of birth, Evaristo clicks on button to continue to the next form]], When he search for the registration form in the uTest community web page
| strCity | strZipCode | strComputerOS | strOsVersion | strOSLanguage | strMobile | strMobileModel | strMobileOS | strPassword | strConfirmPass |
| Moscow | 102301 | Linux | Manjaro | Russian | AGM | A9 (AGM) | Android 8.1 | mc!E*1dzTIRw | mc!E*1dzTIRw |
| Porvoo | 06530 | Debian | 8.5 64 Bit | Finnish | Nokia | C2 | Android 8.1 | SACLuJ$!u4#z | SACLuJ$!u4#z |
|  |  |  |  |  |  |  |  |  |  | [Evaristo location [Evaristo clicks on where we type the city, Evaristo enters 'Moscow' into where we type the city, Evaristo types 'ARROW_DOWN' in where we type the city, Evaristo types 'ENTER' in where we type the city, Evaristo enters '102301' into where we type the zip or postal code, Evaristo clicks on button to continue to the next form], Evaristo device [Evaristo clicks on where we select the computer OS, Evaristo enters 'Linux' into  we select the computer OS, Evaristo types 'ARROW_DOWN' in  we select the computer OS, Evaristo types 'ENTER' in  we select the computer OS, Evaristo clicks on where we select the computer OS, Evaristo enters 'Manjaro' into where we select the computer OS, Evaristo types 'ARROW_DOWN' in where we select the computer OS, Evaristo types 'ENTER' in where we select the computer OS, Evaristo clicks on where we select the OS language, Evaristo enters 'Russian' into where we select the OS language, Evaristo types 'ARROW_DOWN' in where we select the OS language, Evaristo types 'ENTER' in where we select the OS language, Evaristo clicks on where we select the mobile brand, Evaristo enters 'AGM' into where we select the mobile brand, Evaristo types 'ARROW_DOWN' in where we select the mobile brand, Evaristo types 'ENTER' in where we select the mobile brand, Evaristo clicks on where we select the mobile brand, Evaristo enters 'A9 (AGM)' into where we select the mobile brand, Evaristo types 'ARROW_DOWN' in where we select the mobile brand, Evaristo types 'ENTER' in where we select the mobile brand, Evaristo clicks on where we select the mobile brand, Evaristo enters 'Android 8.1' into where we select the mobile brand, Evaristo types 'ARROW_DOWN' in where we select the mobile brand, Evaristo types 'ENTER' in where we select the mobile brand, Evaristo clicks on button to continue to the next form]]
[Test worker] WARN net.thucydides.core.steps.BaseStepListener - stepStarted: net.thucydides.core.steps.ExecutedStepDescription@479a0401
[Test worker] WARN net.thucydides.core.steps.BaseStepListener - stepStarted: net.thucydides.core.steps.ExecutedStepDescription@b08fa8
[Test worker] WARN net.thucydides.core.steps.BaseStepListener - stepFinished: current outcome:Register in uTest community:Given than Evaristo wants to join the uTest community
| strFirstName | strLastName | strEmail | strBirthMonth | strBirthDay | strBirthYear | strLanguage |
| Tom | Petersburg | sampete@example45.com | August | 23 | 1973 | Russian |
| Timo | Kotipelto | timo@stratoex.com | March | 15 | 1969 | Finnish |
|  |  |  |  |  |  |  | [Evaristo open up [Evaristo opens the Utest world page], Evaristo personal information [Evaristo clicks on Button that shows us the registration personal form, Evaristo enters 'Tom' into where we write the first name, Evaristo enters 'Petersburg' into where we write the last name, Evaristo enters 'sampete@example45.com' into where we write the EMAIL ADDRESS, Evaristo select August on where we select the month of birth, Evaristo select 23 on where we select the day of birth, Evaristo select 1973 on where we select the year of birth, Evaristo enters 'Russian' into where we select the year of birth, Evaristo clicks on button to continue to the next form]], When he search for the registration form in the uTest community web page
| strCity | strZipCode | strComputerOS | strOsVersion | strOSLanguage | strMobile | strMobileModel | strMobileOS | strPassword | strConfirmPass |
| Moscow | 102301 | Linux | Manjaro | Russian | AGM | A9 (AGM) | Android 8.1 | mc!E*1dzTIRw | mc!E*1dzTIRw |
| Porvoo | 06530 | Debian | 8.5 64 Bit | Finnish | Nokia | C2 | Android 8.1 | SACLuJ$!u4#z | SACLuJ$!u4#z |
|  |  |  |  |  |  |  |  |  |  | [Evaristo location [Evaristo clicks on where we type the city, Evaristo enters 'Moscow' into where we type the city, Evaristo types 'ARROW_DOWN' in where we type the city, Evaristo types 'ENTER' in where we type the city, Evaristo enters '102301' into where we type the zip or postal code, Evaristo clicks on button to continue to the next form], Evaristo device [Evaristo clicks on where we select the computer OS, Evaristo enters 'Linux' into  we select the computer OS, Evaristo types 'ARROW_DOWN' in  we select the computer OS, Evaristo types 'ENTER' in  we select the computer OS, Evaristo clicks on where we select the computer OS, Evaristo enters 'Manjaro' into where we select the computer OS, Evaristo types 'ARROW_DOWN' in where we select the computer OS, Evaristo types 'ENTER' in where we select the computer OS, Evaristo clicks on where we select the OS language, Evaristo enters 'Russian' into where we select the OS language, Evaristo types 'ARROW_DOWN' in where we select the OS language, Evaristo types 'ENTER' in where we select the OS language, Evaristo clicks on where we select the mobile brand, Evaristo enters 'AGM' into where we select the mobile brand, Evaristo types 'ARROW_DOWN' in where we select the mobile brand, Evaristo types 'ENTER' in where we select the mobile brand, Evaristo clicks on where we select the mobile brand, Evaristo enters 'A9 (AGM)' into where we select the mobile brand, Evaristo types 'ARROW_DOWN' in where we select the mobile brand, Evaristo types 'ENTER' in where we select the mobile brand, Evaristo clicks on where we select the mobile brand, Evaristo enters 'Android 8.1' into where we select the mobile brand, Evaristo types 'ARROW_DOWN' in where we select the mobile brand, Evaristo types 'ENTER' in where we select the mobile brand, Evaristo clicks on button to continue to the next form], Evaristo security policy [Evaristo enters 'mc!E*1dzTIRw' into where we type the password]]
[Test worker] WARN net.thucydides.core.steps.BaseStepListener - stepStarted: net.thucydides.core.steps.ExecutedStepDescription@26d5cda0
[Test worker] WARN net.thucydides.core.steps.BaseStepListener - stepFinished: current outcome:Register in uTest community:Given than Evaristo wants to join the uTest community
| strFirstName | strLastName | strEmail | strBirthMonth | strBirthDay | strBirthYear | strLanguage |
| Tom | Petersburg | sampete@example45.com | August | 23 | 1973 | Russian |
| Timo | Kotipelto | timo@stratoex.com | March | 15 | 1969 | Finnish |
|  |  |  |  |  |  |  | [Evaristo open up [Evaristo opens the Utest world page], Evaristo personal information [Evaristo clicks on Button that shows us the registration personal form, Evaristo enters 'Tom' into where we write the first name, Evaristo enters 'Petersburg' into where we write the last name, Evaristo enters 'sampete@example45.com' into where we write the EMAIL ADDRESS, Evaristo select August on where we select the month of birth, Evaristo select 23 on where we select the day of birth, Evaristo select 1973 on where we select the year of birth, Evaristo enters 'Russian' into where we select the year of birth, Evaristo clicks on button to continue to the next form]], When he search for the registration form in the uTest community web page
| strCity | strZipCode | strComputerOS | strOsVersion | strOSLanguage | strMobile | strMobileModel | strMobileOS | strPassword | strConfirmPass |
| Moscow | 102301 | Linux | Manjaro | Russian | AGM | A9 (AGM) | Android 8.1 | mc!E*1dzTIRw | mc!E*1dzTIRw |
| Porvoo | 06530 | Debian | 8.5 64 Bit | Finnish | Nokia | C2 | Android 8.1 | SACLuJ$!u4#z | SACLuJ$!u4#z |
|  |  |  |  |  |  |  |  |  |  | [Evaristo location [Evaristo clicks on where we type the city, Evaristo enters 'Moscow' into where we type the city, Evaristo types 'ARROW_DOWN' in where we type the city, Evaristo types 'ENTER' in where we type the city, Evaristo enters '102301' into where we type the zip or postal code, Evaristo clicks on button to continue to the next form], Evaristo device [Evaristo clicks on where we select the computer OS, Evaristo enters 'Linux' into  we select the computer OS, Evaristo types 'ARROW_DOWN' in  we select the computer OS, Evaristo types 'ENTER' in  we select the computer OS, Evaristo clicks on where we select the computer OS, Evaristo enters 'Manjaro' into where we select the computer OS, Evaristo types 'ARROW_DOWN' in where we select the computer OS, Evaristo types 'ENTER' in where we select the computer OS, Evaristo clicks on where we select the OS language, Evaristo enters 'Russian' into where we select the OS language, Evaristo types 'ARROW_DOWN' in where we select the OS language, Evaristo types 'ENTER' in where we select the OS language, Evaristo clicks on where we select the mobile brand, Evaristo enters 'AGM' into where we select the mobile brand, Evaristo types 'ARROW_DOWN' in where we select the mobile brand, Evaristo types 'ENTER' in where we select the mobile brand, Evaristo clicks on where we select the mobile brand, Evaristo enters 'A9 (AGM)' into where we select the mobile brand, Evaristo types 'ARROW_DOWN' in where we select the mobile brand, Evaristo types 'ENTER' in where we select the mobile brand, Evaristo clicks on where we select the mobile brand, Evaristo enters 'Android 8.1' into where we select the mobile brand, Evaristo types 'ARROW_DOWN' in where we select the mobile brand, Evaristo types 'ENTER' in where we select the mobile brand, Evaristo clicks on button to continue to the next form], Evaristo security policy [Evaristo enters 'mc!E*1dzTIRw' into where we type the password, Evaristo enters 'mc!E*1dzTIRw' into where we type the password again]]
[Test worker] WARN net.thucydides.core.steps.BaseStepListener - stepStarted: net.thucydides.core.steps.ExecutedStepDescription@7616196e
[Test worker] WARN net.thucydides.core.steps.BaseStepListener - stepFinished: current outcome:Register in uTest community:Given than Evaristo wants to join the uTest community
| strFirstName | strLastName | strEmail | strBirthMonth | strBirthDay | strBirthYear | strLanguage |
| Tom | Petersburg | sampete@example45.com | August | 23 | 1973 | Russian |
| Timo | Kotipelto | timo@stratoex.com | March | 15 | 1969 | Finnish |
|  |  |  |  |  |  |  | [Evaristo open up [Evaristo opens the Utest world page], Evaristo personal information [Evaristo clicks on Button that shows us the registration personal form, Evaristo enters 'Tom' into where we write the first name, Evaristo enters 'Petersburg' into where we write the last name, Evaristo enters 'sampete@example45.com' into where we write the EMAIL ADDRESS, Evaristo select August on where we select the month of birth, Evaristo select 23 on where we select the day of birth, Evaristo select 1973 on where we select the year of birth, Evaristo enters 'Russian' into where we select the year of birth, Evaristo clicks on button to continue to the next form]], When he search for the registration form in the uTest community web page
| strCity | strZipCode | strComputerOS | strOsVersion | strOSLanguage | strMobile | strMobileModel | strMobileOS | strPassword | strConfirmPass |
| Moscow | 102301 | Linux | Manjaro | Russian | AGM | A9 (AGM) | Android 8.1 | mc!E*1dzTIRw | mc!E*1dzTIRw |
| Porvoo | 06530 | Debian | 8.5 64 Bit | Finnish | Nokia | C2 | Android 8.1 | SACLuJ$!u4#z | SACLuJ$!u4#z |
|  |  |  |  |  |  |  |  |  |  | [Evaristo location [Evaristo clicks on where we type the city, Evaristo enters 'Moscow' into where we type the city, Evaristo types 'ARROW_DOWN' in where we type the city, Evaristo types 'ENTER' in where we type the city, Evaristo enters '102301' into where we type the zip or postal code, Evaristo clicks on button to continue to the next form], Evaristo device [Evaristo clicks on where we select the computer OS, Evaristo enters 'Linux' into  we select the computer OS, Evaristo types 'ARROW_DOWN' in  we select the computer OS, Evaristo types 'ENTER' in  we select the computer OS, Evaristo clicks on where we select the computer OS, Evaristo enters 'Manjaro' into where we select the computer OS, Evaristo types 'ARROW_DOWN' in where we select the computer OS, Evaristo types 'ENTER' in where we select the computer OS, Evaristo clicks on where we select the OS language, Evaristo enters 'Russian' into where we select the OS language, Evaristo types 'ARROW_DOWN' in where we select the OS language, Evaristo types 'ENTER' in where we select the OS language, Evaristo clicks on where we select the mobile brand, Evaristo enters 'AGM' into where we select the mobile brand, Evaristo types 'ARROW_DOWN' in where we select the mobile brand, Evaristo types 'ENTER' in where we select the mobile brand, Evaristo clicks on where we select the mobile brand, Evaristo enters 'A9 (AGM)' into where we select the mobile brand, Evaristo types 'ARROW_DOWN' in where we select the mobile brand, Evaristo types 'ENTER' in where we select the mobile brand, Evaristo clicks on where we select the mobile brand, Evaristo enters 'Android 8.1' into where we select the mobile brand, Evaristo types 'ARROW_DOWN' in where we select the mobile brand, Evaristo types 'ENTER' in where we select the mobile brand, Evaristo clicks on button to continue to the next form], Evaristo security policy [Evaristo enters 'mc!E*1dzTIRw' into where we type the password, Evaristo enters 'mc!E*1dzTIRw' into where we type the password again, Evaristo clicks on where we select the computer OS]]
[Test worker] WARN net.thucydides.core.steps.BaseStepListener - stepStarted: net.thucydides.core.steps.ExecutedStepDescription@1201d1ea
[Test worker] WARN net.thucydides.core.steps.BaseStepListener - stepFinished: current outcome:Register in uTest community:Given than Evaristo wants to join the uTest community
| strFirstName | strLastName | strEmail | strBirthMonth | strBirthDay | strBirthYear | strLanguage |
| Tom | Petersburg | sampete@example45.com | August | 23 | 1973 | Russian |
| Timo | Kotipelto | timo@stratoex.com | March | 15 | 1969 | Finnish |
|  |  |  |  |  |  |  | [Evaristo open up [Evaristo opens the Utest world page], Evaristo personal information [Evaristo clicks on Button that shows us the registration personal form, Evaristo enters 'Tom' into where we write the first name, Evaristo enters 'Petersburg' into where we write the last name, Evaristo enters 'sampete@example45.com' into where we write the EMAIL ADDRESS, Evaristo select August on where we select the month of birth, Evaristo select 23 on where we select the day of birth, Evaristo select 1973 on where we select the year of birth, Evaristo enters 'Russian' into where we select the year of birth, Evaristo clicks on button to continue to the next form]], When he search for the registration form in the uTest community web page
| strCity | strZipCode | strComputerOS | strOsVersion | strOSLanguage | strMobile | strMobileModel | strMobileOS | strPassword | strConfirmPass |
| Moscow | 102301 | Linux | Manjaro | Russian | AGM | A9 (AGM) | Android 8.1 | mc!E*1dzTIRw | mc!E*1dzTIRw |
| Porvoo | 06530 | Debian | 8.5 64 Bit | Finnish | Nokia | C2 | Android 8.1 | SACLuJ$!u4#z | SACLuJ$!u4#z |
|  |  |  |  |  |  |  |  |  |  | [Evaristo location [Evaristo clicks on where we type the city, Evaristo enters 'Moscow' into where we type the city, Evaristo types 'ARROW_DOWN' in where we type the city, Evaristo types 'ENTER' in where we type the city, Evaristo enters '102301' into where we type the zip or postal code, Evaristo clicks on button to continue to the next form], Evaristo device [Evaristo clicks on where we select the computer OS, Evaristo enters 'Linux' into  we select the computer OS, Evaristo types 'ARROW_DOWN' in  we select the computer OS, Evaristo types 'ENTER' in  we select the computer OS, Evaristo clicks on where we select the computer OS, Evaristo enters 'Manjaro' into where we select the computer OS, Evaristo types 'ARROW_DOWN' in where we select the computer OS, Evaristo types 'ENTER' in where we select the computer OS, Evaristo clicks on where we select the OS language, Evaristo enters 'Russian' into where we select the OS language, Evaristo types 'ARROW_DOWN' in where we select the OS language, Evaristo types 'ENTER' in where we select the OS language, Evaristo clicks on where we select the mobile brand, Evaristo enters 'AGM' into where we select the mobile brand, Evaristo types 'ARROW_DOWN' in where we select the mobile brand, Evaristo types 'ENTER' in where we select the mobile brand, Evaristo clicks on where we select the mobile brand, Evaristo enters 'A9 (AGM)' into where we select the mobile brand, Evaristo types 'ARROW_DOWN' in where we select the mobile brand, Evaristo types 'ENTER' in where we select the mobile brand, Evaristo clicks on where we select the mobile brand, Evaristo enters 'Android 8.1' into where we select the mobile brand, Evaristo types 'ARROW_DOWN' in where we select the mobile brand, Evaristo types 'ENTER' in where we select the mobile brand, Evaristo clicks on button to continue to the next form], Evaristo security policy [Evaristo enters 'mc!E*1dzTIRw' into where we type the password, Evaristo enters 'mc!E*1dzTIRw' into where we type the password again, Evaristo clicks on where we select the computer OS, Evaristo clicks on where we select the computer OS]]
[Test worker] WARN net.thucydides.core.steps.BaseStepListener - stepStarted: net.thucydides.core.steps.ExecutedStepDescription@72465010
[Test worker] WARN net.thucydides.core.steps.BaseStepListener - stepFinished: current outcome:Register in uTest community:Given than Evaristo wants to join the uTest community
| strFirstName | strLastName | strEmail | strBirthMonth | strBirthDay | strBirthYear | strLanguage |
| Tom | Petersburg | sampete@example45.com | August | 23 | 1973 | Russian |
| Timo | Kotipelto | timo@stratoex.com | March | 15 | 1969 | Finnish |
|  |  |  |  |  |  |  | [Evaristo open up [Evaristo opens the Utest world page], Evaristo personal information [Evaristo clicks on Button that shows us the registration personal form, Evaristo enters 'Tom' into where we write the first name, Evaristo enters 'Petersburg' into where we write the last name, Evaristo enters 'sampete@example45.com' into where we write the EMAIL ADDRESS, Evaristo select August on where we select the month of birth, Evaristo select 23 on where we select the day of birth, Evaristo select 1973 on where we select the year of birth, Evaristo enters 'Russian' into where we select the year of birth, Evaristo clicks on button to continue to the next form]], When he search for the registration form in the uTest community web page
| strCity | strZipCode | strComputerOS | strOsVersion | strOSLanguage | strMobile | strMobileModel | strMobileOS | strPassword | strConfirmPass |
| Moscow | 102301 | Linux | Manjaro | Russian | AGM | A9 (AGM) | Android 8.1 | mc!E*1dzTIRw | mc!E*1dzTIRw |
| Porvoo | 06530 | Debian | 8.5 64 Bit | Finnish | Nokia | C2 | Android 8.1 | SACLuJ$!u4#z | SACLuJ$!u4#z |
|  |  |  |  |  |  |  |  |  |  | [Evaristo location [Evaristo clicks on where we type the city, Evaristo enters 'Moscow' into where we type the city, Evaristo types 'ARROW_DOWN' in where we type the city, Evaristo types 'ENTER' in where we type the city, Evaristo enters '102301' into where we type the zip or postal code, Evaristo clicks on button to continue to the next form], Evaristo device [Evaristo clicks on where we select the computer OS, Evaristo enters 'Linux' into  we select the computer OS, Evaristo types 'ARROW_DOWN' in  we select the computer OS, Evaristo types 'ENTER' in  we select the computer OS, Evaristo clicks on where we select the computer OS, Evaristo enters 'Manjaro' into where we select the computer OS, Evaristo types 'ARROW_DOWN' in where we select the computer OS, Evaristo types 'ENTER' in where we select the computer OS, Evaristo clicks on where we select the OS language, Evaristo enters 'Russian' into where we select the OS language, Evaristo types 'ARROW_DOWN' in where we select the OS language, Evaristo types 'ENTER' in where we select the OS language, Evaristo clicks on where we select the mobile brand, Evaristo enters 'AGM' into where we select the mobile brand, Evaristo types 'ARROW_DOWN' in where we select the mobile brand, Evaristo types 'ENTER' in where we select the mobile brand, Evaristo clicks on where we select the mobile brand, Evaristo enters 'A9 (AGM)' into where we select the mobile brand, Evaristo types 'ARROW_DOWN' in where we select the mobile brand, Evaristo types 'ENTER' in where we select the mobile brand, Evaristo clicks on where we select the mobile brand, Evaristo enters 'Android 8.1' into where we select the mobile brand, Evaristo types 'ARROW_DOWN' in where we select the mobile brand, Evaristo types 'ENTER' in where we select the mobile brand, Evaristo clicks on button to continue to the next form], Evaristo security policy [Evaristo enters 'mc!E*1dzTIRw' into where we type the password, Evaristo enters 'mc!E*1dzTIRw' into where we type the password again, Evaristo clicks on where we select the computer OS, Evaristo clicks on where we select the computer OS, Evaristo clicks on where we select the computer OS]]
[Test worker] WARN net.thucydides.core.steps.BaseStepListener - stepStarted: net.thucydides.core.steps.ExecutedStepDescription@7005f7c4
[Test worker] WARN net.thucydides.core.steps.BaseStepListener - stepFinished: current outcome:Register in uTest community:Given than Evaristo wants to join the uTest community
| strFirstName | strLastName | strEmail | strBirthMonth | strBirthDay | strBirthYear | strLanguage |
| Tom | Petersburg | sampete@example45.com | August | 23 | 1973 | Russian |
| Timo | Kotipelto | timo@stratoex.com | March | 15 | 1969 | Finnish |
|  |  |  |  |  |  |  | [Evaristo open up [Evaristo opens the Utest world page], Evaristo personal information [Evaristo clicks on Button that shows us the registration personal form, Evaristo enters 'Tom' into where we write the first name, Evaristo enters 'Petersburg' into where we write the last name, Evaristo enters 'sampete@example45.com' into where we write the EMAIL ADDRESS, Evaristo select August on where we select the month of birth, Evaristo select 23 on where we select the day of birth, Evaristo select 1973 on where we select the year of birth, Evaristo enters 'Russian' into where we select the year of birth, Evaristo clicks on button to continue to the next form]], When he search for the registration form in the uTest community web page
| strCity | strZipCode | strComputerOS | strOsVersion | strOSLanguage | strMobile | strMobileModel | strMobileOS | strPassword | strConfirmPass |
| Moscow | 102301 | Linux | Manjaro | Russian | AGM | A9 (AGM) | Android 8.1 | mc!E*1dzTIRw | mc!E*1dzTIRw |
| Porvoo | 06530 | Debian | 8.5 64 Bit | Finnish | Nokia | C2 | Android 8.1 | SACLuJ$!u4#z | SACLuJ$!u4#z |
|  |  |  |  |  |  |  |  |  |  | [Evaristo location [Evaristo clicks on where we type the city, Evaristo enters 'Moscow' into where we type the city, Evaristo types 'ARROW_DOWN' in where we type the city, Evaristo types 'ENTER' in where we type the city, Evaristo enters '102301' into where we type the zip or postal code, Evaristo clicks on button to continue to the next form], Evaristo device [Evaristo clicks on where we select the computer OS, Evaristo enters 'Linux' into  we select the computer OS, Evaristo types 'ARROW_DOWN' in  we select the computer OS, Evaristo types 'ENTER' in  we select the computer OS, Evaristo clicks on where we select the computer OS, Evaristo enters 'Manjaro' into where we select the computer OS, Evaristo types 'ARROW_DOWN' in where we select the computer OS, Evaristo types 'ENTER' in where we select the computer OS, Evaristo clicks on where we select the OS language, Evaristo enters 'Russian' into where we select the OS language, Evaristo types 'ARROW_DOWN' in where we select the OS language, Evaristo types 'ENTER' in where we select the OS language, Evaristo clicks on where we select the mobile brand, Evaristo enters 'AGM' into where we select the mobile brand, Evaristo types 'ARROW_DOWN' in where we select the mobile brand, Evaristo types 'ENTER' in where we select the mobile brand, Evaristo clicks on where we select the mobile brand, Evaristo enters 'A9 (AGM)' into where we select the mobile brand, Evaristo types 'ARROW_DOWN' in where we select the mobile brand, Evaristo types 'ENTER' in where we select the mobile brand, Evaristo clicks on where we select the mobile brand, Evaristo enters 'Android 8.1' into where we select the mobile brand, Evaristo types 'ARROW_DOWN' in where we select the mobile brand, Evaristo types 'ENTER' in where we select the mobile brand, Evaristo clicks on button to continue to the next form], Evaristo security policy [Evaristo enters 'mc!E*1dzTIRw' into where we type the password, Evaristo enters 'mc!E*1dzTIRw' into where we type the password again, Evaristo clicks on where we select the computer OS, Evaristo clicks on where we select the computer OS, Evaristo clicks on where we select the computer OS, Evaristo clicks on where we select the computer OS]]
[Test worker] WARN net.thucydides.core.steps.BaseStepListener - stepFinished: current outcome:Register in uTest community:Given than Evaristo wants to join the uTest community
| strFirstName | strLastName | strEmail | strBirthMonth | strBirthDay | strBirthYear | strLanguage |
| Tom | Petersburg | sampete@example45.com | August | 23 | 1973 | Russian |
| Timo | Kotipelto | timo@stratoex.com | March | 15 | 1969 | Finnish |
|  |  |  |  |  |  |  | [Evaristo open up [Evaristo opens the Utest world page], Evaristo personal information [Evaristo clicks on Button that shows us the registration personal form, Evaristo enters 'Tom' into where we write the first name, Evaristo enters 'Petersburg' into where we write the last name, Evaristo enters 'sampete@example45.com' into where we write the EMAIL ADDRESS, Evaristo select August on where we select the month of birth, Evaristo select 23 on where we select the day of birth, Evaristo select 1973 on where we select the year of birth, Evaristo enters 'Russian' into where we select the year of birth, Evaristo clicks on button to continue to the next form]], When he search for the registration form in the uTest community web page
| strCity | strZipCode | strComputerOS | strOsVersion | strOSLanguage | strMobile | strMobileModel | strMobileOS | strPassword | strConfirmPass |
| Moscow | 102301 | Linux | Manjaro | Russian | AGM | A9 (AGM) | Android 8.1 | mc!E*1dzTIRw | mc!E*1dzTIRw |
| Porvoo | 06530 | Debian | 8.5 64 Bit | Finnish | Nokia | C2 | Android 8.1 | SACLuJ$!u4#z | SACLuJ$!u4#z |
|  |  |  |  |  |  |  |  |  |  | [Evaristo location [Evaristo clicks on where we type the city, Evaristo enters 'Moscow' into where we type the city, Evaristo types 'ARROW_DOWN' in where we type the city, Evaristo types 'ENTER' in where we type the city, Evaristo enters '102301' into where we type the zip or postal code, Evaristo clicks on button to continue to the next form], Evaristo device [Evaristo clicks on where we select the computer OS, Evaristo enters 'Linux' into  we select the computer OS, Evaristo types 'ARROW_DOWN' in  we select the computer OS, Evaristo types 'ENTER' in  we select the computer OS, Evaristo clicks on where we select the computer OS, Evaristo enters 'Manjaro' into where we select the computer OS, Evaristo types 'ARROW_DOWN' in where we select the computer OS, Evaristo types 'ENTER' in where we select the computer OS, Evaristo clicks on where we select the OS language, Evaristo enters 'Russian' into where we select the OS language, Evaristo types 'ARROW_DOWN' in where we select the OS language, Evaristo types 'ENTER' in where we select the OS language, Evaristo clicks on where we select the mobile brand, Evaristo enters 'AGM' into where we select the mobile brand, Evaristo types 'ARROW_DOWN' in where we select the mobile brand, Evaristo types 'ENTER' in where we select the mobile brand, Evaristo clicks on where we select the mobile brand, Evaristo enters 'A9 (AGM)' into where we select the mobile brand, Evaristo types 'ARROW_DOWN' in where we select the mobile brand, Evaristo types 'ENTER' in where we select the mobile brand, Evaristo clicks on where we select the mobile brand, Evaristo enters 'Android 8.1' into where we select the mobile brand, Evaristo types 'ARROW_DOWN' in where we select the mobile brand, Evaristo types 'ENTER' in where we select the mobile brand, Evaristo clicks on button to continue to the next form], Evaristo security policy [Evaristo enters 'mc!E*1dzTIRw' into where we type the password, Evaristo enters 'mc!E*1dzTIRw' into where we type the password again, Evaristo clicks on where we select the computer OS, Evaristo clicks on where we select the computer OS, Evaristo clicks on where we select the computer OS, Evaristo clicks on where we select the computer OS]]
[Test worker] WARN net.thucydides.core.steps.BaseStepListener - stepFinished: current outcome:Register in uTest community:Given than Evaristo wants to join the uTest community
| strFirstName | strLastName | strEmail | strBirthMonth | strBirthDay | strBirthYear | strLanguage |
| Tom | Petersburg | sampete@example45.com | August | 23 | 1973 | Russian |
| Timo | Kotipelto | timo@stratoex.com | March | 15 | 1969 | Finnish |
|  |  |  |  |  |  |  | [Evaristo open up [Evaristo opens the Utest world page], Evaristo personal information [Evaristo clicks on Button that shows us the registration personal form, Evaristo enters 'Tom' into where we write the first name, Evaristo enters 'Petersburg' into where we write the last name, Evaristo enters 'sampete@example45.com' into where we write the EMAIL ADDRESS, Evaristo select August on where we select the month of birth, Evaristo select 23 on where we select the day of birth, Evaristo select 1973 on where we select the year of birth, Evaristo enters 'Russian' into where we select the year of birth, Evaristo clicks on button to continue to the next form]], When he search for the registration form in the uTest community web page
| strCity | strZipCode | strComputerOS | strOsVersion | strOSLanguage | strMobile | strMobileModel | strMobileOS | strPassword | strConfirmPass |
| Moscow | 102301 | Linux | Manjaro | Russian | AGM | A9 (AGM) | Android 8.1 | mc!E*1dzTIRw | mc!E*1dzTIRw |
| Porvoo | 06530 | Debian | 8.5 64 Bit | Finnish | Nokia | C2 | Android 8.1 | SACLuJ$!u4#z | SACLuJ$!u4#z |
|  |  |  |  |  |  |  |  |  |  | [Evaristo location [Evaristo clicks on where we type the city, Evaristo enters 'Moscow' into where we type the city, Evaristo types 'ARROW_DOWN' in where we type the city, Evaristo types 'ENTER' in where we type the city, Evaristo enters '102301' into where we type the zip or postal code, Evaristo clicks on button to continue to the next form], Evaristo device [Evaristo clicks on where we select the computer OS, Evaristo enters 'Linux' into  we select the computer OS, Evaristo types 'ARROW_DOWN' in  we select the computer OS, Evaristo types 'ENTER' in  we select the computer OS, Evaristo clicks on where we select the computer OS, Evaristo enters 'Manjaro' into where we select the computer OS, Evaristo types 'ARROW_DOWN' in where we select the computer OS, Evaristo types 'ENTER' in where we select the computer OS, Evaristo clicks on where we select the OS language, Evaristo enters 'Russian' into where we select the OS language, Evaristo types 'ARROW_DOWN' in where we select the OS language, Evaristo types 'ENTER' in where we select the OS language, Evaristo clicks on where we select the mobile brand, Evaristo enters 'AGM' into where we select the mobile brand, Evaristo types 'ARROW_DOWN' in where we select the mobile brand, Evaristo types 'ENTER' in where we select the mobile brand, Evaristo clicks on where we select the mobile brand, Evaristo enters 'A9 (AGM)' into where we select the mobile brand, Evaristo types 'ARROW_DOWN' in where we select the mobile brand, Evaristo types 'ENTER' in where we select the mobile brand, Evaristo clicks on where we select the mobile brand, Evaristo enters 'Android 8.1' into where we select the mobile brand, Evaristo types 'ARROW_DOWN' in where we select the mobile brand, Evaristo types 'ENTER' in where we select the mobile brand, Evaristo clicks on button to continue to the next form], Evaristo security policy [Evaristo enters 'mc!E*1dzTIRw' into where we type the password, Evaristo enters 'mc!E*1dzTIRw' into where we type the password again, Evaristo clicks on where we select the computer OS, Evaristo clicks on where we select the computer OS, Evaristo clicks on where we select the computer OS, Evaristo clicks on where we select the computer OS]]
[Test worker] WARN net.thucydides.core.steps.BaseStepListener - stepStarted: net.thucydides.core.steps.ExecutedStepDescription@10f184a7
[Test worker] WARN net.thucydides.core.steps.BaseStepListener - stepStarted: net.thucydides.core.steps.ExecutedStepDescription@1a56197c
[Test worker] WARN net.thucydides.core.steps.BaseStepListener - stepFinished: current outcome:Register in uTest community:Given than Evaristo wants to join the uTest community
| strFirstName | strLastName | strEmail | strBirthMonth | strBirthDay | strBirthYear | strLanguage |
| Tom | Petersburg | sampete@example45.com | August | 23 | 1973 | Russian |
| Timo | Kotipelto | timo@stratoex.com | March | 15 | 1969 | Finnish |
|  |  |  |  |  |  |  | [Evaristo open up [Evaristo opens the Utest world page], Evaristo personal information [Evaristo clicks on Button that shows us the registration personal form, Evaristo enters 'Tom' into where we write the first name, Evaristo enters 'Petersburg' into where we write the last name, Evaristo enters 'sampete@example45.com' into where we write the EMAIL ADDRESS, Evaristo select August on where we select the month of birth, Evaristo select 23 on where we select the day of birth, Evaristo select 1973 on where we select the year of birth, Evaristo enters 'Russian' into where we select the year of birth, Evaristo clicks on button to continue to the next form]], When he search for the registration form in the uTest community web page
| strCity | strZipCode | strComputerOS | strOsVersion | strOSLanguage | strMobile | strMobileModel | strMobileOS | strPassword | strConfirmPass |
| Moscow | 102301 | Linux | Manjaro | Russian | AGM | A9 (AGM) | Android 8.1 | mc!E*1dzTIRw | mc!E*1dzTIRw |
| Porvoo | 06530 | Debian | 8.5 64 Bit | Finnish | Nokia | C2 | Android 8.1 | SACLuJ$!u4#z | SACLuJ$!u4#z |
|  |  |  |  |  |  |  |  |  |  | [Evaristo location [Evaristo clicks on where we type the city, Evaristo enters 'Moscow' into where we type the city, Evaristo types 'ARROW_DOWN' in where we type the city, Evaristo types 'ENTER' in where we type the city, Evaristo enters '102301' into where we type the zip or postal code, Evaristo clicks on button to continue to the next form], Evaristo device [Evaristo clicks on where we select the computer OS, Evaristo enters 'Linux' into  we select the computer OS, Evaristo types 'ARROW_DOWN' in  we select the computer OS, Evaristo types 'ENTER' in  we select the computer OS, Evaristo clicks on where we select the computer OS, Evaristo enters 'Manjaro' into where we select the computer OS, Evaristo types 'ARROW_DOWN' in where we select the computer OS, Evaristo types 'ENTER' in where we select the computer OS, Evaristo clicks on where we select the OS language, Evaristo enters 'Russian' into where we select the OS language, Evaristo types 'ARROW_DOWN' in where we select the OS language, Evaristo types 'ENTER' in where we select the OS language, Evaristo clicks on where we select the mobile brand, Evaristo enters 'AGM' into where we select the mobile brand, Evaristo types 'ARROW_DOWN' in where we select the mobile brand, Evaristo types 'ENTER' in where we select the mobile brand, Evaristo clicks on where we select the mobile brand, Evaristo enters 'A9 (AGM)' into where we select the mobile brand, Evaristo types 'ARROW_DOWN' in where we select the mobile brand, Evaristo types 'ENTER' in where we select the mobile brand, Evaristo clicks on where we select the mobile brand, Evaristo enters 'Android 8.1' into where we select the mobile brand, Evaristo types 'ARROW_DOWN' in where we select the mobile brand, Evaristo types 'ENTER' in where we select the mobile brand, Evaristo clicks on button to continue to the next form], Evaristo security policy [Evaristo enters 'mc!E*1dzTIRw' into where we type the password, Evaristo enters 'mc!E*1dzTIRw' into where we type the password again, Evaristo clicks on where we select the computer OS, Evaristo clicks on where we select the computer OS, Evaristo clicks on where we select the computer OS, Evaristo clicks on where we select the computer OS]], Then he registers his information and see the Welcome to the world's largest community of freelance software testers! [Then answer]
[Test worker] WARN net.thucydides.core.steps.BaseStepListener - stepFinished: current outcome:Register in uTest community:Given than Evaristo wants to join the uTest community
| strFirstName | strLastName | strEmail | strBirthMonth | strBirthDay | strBirthYear | strLanguage |
| Tom | Petersburg | sampete@example45.com | August | 23 | 1973 | Russian |
| Timo | Kotipelto | timo@stratoex.com | March | 15 | 1969 | Finnish |
|  |  |  |  |  |  |  | [Evaristo open up [Evaristo opens the Utest world page], Evaristo personal information [Evaristo clicks on Button that shows us the registration personal form, Evaristo enters 'Tom' into where we write the first name, Evaristo enters 'Petersburg' into where we write the last name, Evaristo enters 'sampete@example45.com' into where we write the EMAIL ADDRESS, Evaristo select August on where we select the month of birth, Evaristo select 23 on where we select the day of birth, Evaristo select 1973 on where we select the year of birth, Evaristo enters 'Russian' into where we select the year of birth, Evaristo clicks on button to continue to the next form]], When he search for the registration form in the uTest community web page
| strCity | strZipCode | strComputerOS | strOsVersion | strOSLanguage | strMobile | strMobileModel | strMobileOS | strPassword | strConfirmPass |
| Moscow | 102301 | Linux | Manjaro | Russian | AGM | A9 (AGM) | Android 8.1 | mc!E*1dzTIRw | mc!E*1dzTIRw |
| Porvoo | 06530 | Debian | 8.5 64 Bit | Finnish | Nokia | C2 | Android 8.1 | SACLuJ$!u4#z | SACLuJ$!u4#z |
|  |  |  |  |  |  |  |  |  |  | [Evaristo location [Evaristo clicks on where we type the city, Evaristo enters 'Moscow' into where we type the city, Evaristo types 'ARROW_DOWN' in where we type the city, Evaristo types 'ENTER' in where we type the city, Evaristo enters '102301' into where we type the zip or postal code, Evaristo clicks on button to continue to the next form], Evaristo device [Evaristo clicks on where we select the computer OS, Evaristo enters 'Linux' into  we select the computer OS, Evaristo types 'ARROW_DOWN' in  we select the computer OS, Evaristo types 'ENTER' in  we select the computer OS, Evaristo clicks on where we select the computer OS, Evaristo enters 'Manjaro' into where we select the computer OS, Evaristo types 'ARROW_DOWN' in where we select the computer OS, Evaristo types 'ENTER' in where we select the computer OS, Evaristo clicks on where we select the OS language, Evaristo enters 'Russian' into where we select the OS language, Evaristo types 'ARROW_DOWN' in where we select the OS language, Evaristo types 'ENTER' in where we select the OS language, Evaristo clicks on where we select the mobile brand, Evaristo enters 'AGM' into where we select the mobile brand, Evaristo types 'ARROW_DOWN' in where we select the mobile brand, Evaristo types 'ENTER' in where we select the mobile brand, Evaristo clicks on where we select the mobile brand, Evaristo enters 'A9 (AGM)' into where we select the mobile brand, Evaristo types 'ARROW_DOWN' in where we select the mobile brand, Evaristo types 'ENTER' in where we select the mobile brand, Evaristo clicks on where we select the mobile brand, Evaristo enters 'Android 8.1' into where we select the mobile brand, Evaristo types 'ARROW_DOWN' in where we select the mobile brand, Evaristo types 'ENTER' in where we select the mobile brand, Evaristo clicks on button to continue to the next form], Evaristo security policy [Evaristo enters 'mc!E*1dzTIRw' into where we type the password, Evaristo enters 'mc!E*1dzTIRw' into where we type the password again, Evaristo clicks on where we select the computer OS, Evaristo clicks on where we select the computer OS, Evaristo clicks on where we select the computer OS, Evaristo clicks on where we select the computer OS]], Then he registers his information and see the Welcome to the world's largest community of freelance software testers! [Then answer]
[Test worker] WARN net.thucydides.core.steps.BaseStepListener - testFinished: Register in uTest community:Given than Evaristo wants to join the uTest community
| strFirstName | strLastName | strEmail | strBirthMonth | strBirthDay | strBirthYear | strLanguage |
| Tom | Petersburg | sampete@example45.com | August | 23 | 1973 | Russian |
| Timo | Kotipelto | timo@stratoex.com | March | 15 | 1969 | Finnish |
|  |  |  |  |  |  |  | [Evaristo open up [Evaristo opens the Utest world page], Evaristo personal information [Evaristo clicks on Button that shows us the registration personal form, Evaristo enters 'Tom' into where we write the first name, Evaristo enters 'Petersburg' into where we write the last name, Evaristo enters 'sampete@example45.com' into where we write the EMAIL ADDRESS, Evaristo select August on where we select the month of birth, Evaristo select 23 on where we select the day of birth, Evaristo select 1973 on where we select the year of birth, Evaristo enters 'Russian' into where we select the year of birth, Evaristo clicks on button to continue to the next form]], When he search for the registration form in the uTest community web page
| strCity | strZipCode | strComputerOS | strOsVersion | strOSLanguage | strMobile | strMobileModel | strMobileOS | strPassword | strConfirmPass |
| Moscow | 102301 | Linux | Manjaro | Russian | AGM | A9 (AGM) | Android 8.1 | mc!E*1dzTIRw | mc!E*1dzTIRw |
| Porvoo | 06530 | Debian | 8.5 64 Bit | Finnish | Nokia | C2 | Android 8.1 | SACLuJ$!u4#z | SACLuJ$!u4#z |
|  |  |  |  |  |  |  |  |  |  | [Evaristo location [Evaristo clicks on where we type the city, Evaristo enters 'Moscow' into where we type the city, Evaristo types 'ARROW_DOWN' in where we type the city, Evaristo types 'ENTER' in where we type the city, Evaristo enters '102301' into where we type the zip or postal code, Evaristo clicks on button to continue to the next form], Evaristo device [Evaristo clicks on where we select the computer OS, Evaristo enters 'Linux' into  we select the computer OS, Evaristo types 'ARROW_DOWN' in  we select the computer OS, Evaristo types 'ENTER' in  we select the computer OS, Evaristo clicks on where we select the computer OS, Evaristo enters 'Manjaro' into where we select the computer OS, Evaristo types 'ARROW_DOWN' in where we select the computer OS, Evaristo types 'ENTER' in where we select the computer OS, Evaristo clicks on where we select the OS language, Evaristo enters 'Russian' into where we select the OS language, Evaristo types 'ARROW_DOWN' in where we select the OS language, Evaristo types 'ENTER' in where we select the OS language, Evaristo clicks on where we select the mobile brand, Evaristo enters 'AGM' into where we select the mobile brand, Evaristo types 'ARROW_DOWN' in where we select the mobile brand, Evaristo types 'ENTER' in where we select the mobile brand, Evaristo clicks on where we select the mobile brand, Evaristo enters 'A9 (AGM)' into where we select the mobile brand, Evaristo types 'ARROW_DOWN' in where we select the mobile brand, Evaristo types 'ENTER' in where we select the mobile brand, Evaristo clicks on where we select the mobile brand, Evaristo enters 'Android 8.1' into where we select the mobile brand, Evaristo types 'ARROW_DOWN' in where we select the mobile brand, Evaristo types 'ENTER' in where we select the mobile brand, Evaristo clicks on button to continue to the next form], Evaristo security policy [Evaristo enters 'mc!E*1dzTIRw' into where we type the password, Evaristo enters 'mc!E*1dzTIRw' into where we type the password again, Evaristo clicks on where we select the computer OS, Evaristo clicks on where we select the computer OS, Evaristo clicks on where we select the computer OS, Evaristo clicks on where we select the computer OS]], Then he registers his information and see the Welcome to the world's largest community of freelance software testers! [Then answer]
[Test worker] WARN net.thucydides.core.steps.BaseStepListener - TestOutcomes: [Register in uTest community:Given than Evaristo wants to join the uTest community
| strFirstName | strLastName | strEmail | strBirthMonth | strBirthDay | strBirthYear | strLanguage |
| Tom | Petersburg | sampete@example45.com | August | 23 | 1973 | Russian |
| Timo | Kotipelto | timo@stratoex.com | March | 15 | 1969 | Finnish |
|  |  |  |  |  |  |  | [Evaristo open up [Evaristo opens the Utest world page], Evaristo personal information [Evaristo clicks on Button that shows us the registration personal form, Evaristo enters 'Tom' into where we write the first name, Evaristo enters 'Petersburg' into where we write the last name, Evaristo enters 'sampete@example45.com' into where we write the EMAIL ADDRESS, Evaristo select August on where we select the month of birth, Evaristo select 23 on where we select the day of birth, Evaristo select 1973 on where we select the year of birth, Evaristo enters 'Russian' into where we select the year of birth, Evaristo clicks on button to continue to the next form]], When he search for the registration form in the uTest community web page
| strCity | strZipCode | strComputerOS | strOsVersion | strOSLanguage | strMobile | strMobileModel | strMobileOS | strPassword | strConfirmPass |
| Moscow | 102301 | Linux | Manjaro | Russian | AGM | A9 (AGM) | Android 8.1 | mc!E*1dzTIRw | mc!E*1dzTIRw |
| Porvoo | 06530 | Debian | 8.5 64 Bit | Finnish | Nokia | C2 | Android 8.1 | SACLuJ$!u4#z | SACLuJ$!u4#z |
|  |  |  |  |  |  |  |  |  |  | [Evaristo location [Evaristo clicks on where we type the city, Evaristo enters 'Moscow' into where we type the city, Evaristo types 'ARROW_DOWN' in where we type the city, Evaristo types 'ENTER' in where we type the city, Evaristo enters '102301' into where we type the zip or postal code, Evaristo clicks on button to continue to the next form], Evaristo device [Evaristo clicks on where we select the computer OS, Evaristo enters 'Linux' into  we select the computer OS, Evaristo types 'ARROW_DOWN' in  we select the computer OS, Evaristo types 'ENTER' in  we select the computer OS, Evaristo clicks on where we select the computer OS, Evaristo enters 'Manjaro' into where we select the computer OS, Evaristo types 'ARROW_DOWN' in where we select the computer OS, Evaristo types 'ENTER' in where we select the computer OS, Evaristo clicks on where we select the OS language, Evaristo enters 'Russian' into where we select the OS language, Evaristo types 'ARROW_DOWN' in where we select the OS language, Evaristo types 'ENTER' in where we select the OS language, Evaristo clicks on where we select the mobile brand, Evaristo enters 'AGM' into where we select the mobile brand, Evaristo types 'ARROW_DOWN' in where we select the mobile brand, Evaristo types 'ENTER' in where we select the mobile brand, Evaristo clicks on where we select the mobile brand, Evaristo enters 'A9 (AGM)' into where we select the mobile brand, Evaristo types 'ARROW_DOWN' in where we select the mobile brand, Evaristo types 'ENTER' in where we select the mobile brand, Evaristo clicks on where we select the mobile brand, Evaristo enters 'Android 8.1' into where we select the mobile brand, Evaristo types 'ARROW_DOWN' in where we select the mobile brand, Evaristo types 'ENTER' in where we select the mobile brand, Evaristo clicks on button to continue to the next form], Evaristo security policy [Evaristo enters 'mc!E*1dzTIRw' into where we type the password, Evaristo enters 'mc!E*1dzTIRw' into where we type the password again, Evaristo clicks on where we select the computer OS, Evaristo clicks on where we select the computer OS, Evaristo clicks on where we select the computer OS, Evaristo clicks on where we select the computer OS]], Then he registers his information and see the Welcome to the world's largest community of freelance software testers! [Then answer]]
[Test worker] WARN net.thucydides.core.steps.BaseStepListener - Final testOutcomes: [Register in uTest community:Given than Evaristo wants to join the uTest community
| strFirstName | strLastName | strEmail | strBirthMonth | strBirthDay | strBirthYear | strLanguage |
| Tom | Petersburg | sampete@example45.com | August | 23 | 1973 | Russian |
| Timo | Kotipelto | timo@stratoex.com | March | 15 | 1969 | Finnish |
|  |  |  |  |  |  |  | [Evaristo open up [Evaristo opens the Utest world page], Evaristo personal information [Evaristo clicks on Button that shows us the registration personal form, Evaristo enters 'Tom' into where we write the first name, Evaristo enters 'Petersburg' into where we write the last name, Evaristo enters 'sampete@example45.com' into where we write the EMAIL ADDRESS, Evaristo select August on where we select the month of birth, Evaristo select 23 on where we select the day of birth, Evaristo select 1973 on where we select the year of birth, Evaristo enters 'Russian' into where we select the year of birth, Evaristo clicks on button to continue to the next form]], When he search for the registration form in the uTest community web page
| strCity | strZipCode | strComputerOS | strOsVersion | strOSLanguage | strMobile | strMobileModel | strMobileOS | strPassword | strConfirmPass |
| Moscow | 102301 | Linux | Manjaro | Russian | AGM | A9 (AGM) | Android 8.1 | mc!E*1dzTIRw | mc!E*1dzTIRw |
| Porvoo | 06530 | Debian | 8.5 64 Bit | Finnish | Nokia | C2 | Android 8.1 | SACLuJ$!u4#z | SACLuJ$!u4#z |
|  |  |  |  |  |  |  |  |  |  | [Evaristo location [Evaristo clicks on where we type the city, Evaristo enters 'Moscow' into where we type the city, Evaristo types 'ARROW_DOWN' in where we type the city, Evaristo types 'ENTER' in where we type the city, Evaristo enters '102301' into where we type the zip or postal code, Evaristo clicks on button to continue to the next form], Evaristo device [Evaristo clicks on where we select the computer OS, Evaristo enters 'Linux' into  we select the computer OS, Evaristo types 'ARROW_DOWN' in  we select the computer OS, Evaristo types 'ENTER' in  we select the computer OS, Evaristo clicks on where we select the computer OS, Evaristo enters 'Manjaro' into where we select the computer OS, Evaristo types 'ARROW_DOWN' in where we select the computer OS, Evaristo types 'ENTER' in where we select the computer OS, Evaristo clicks on where we select the OS language, Evaristo enters 'Russian' into where we select the OS language, Evaristo types 'ARROW_DOWN' in where we select the OS language, Evaristo types 'ENTER' in where we select the OS language, Evaristo clicks on where we select the mobile brand, Evaristo enters 'AGM' into where we select the mobile brand, Evaristo types 'ARROW_DOWN' in where we select the mobile brand, Evaristo types 'ENTER' in where we select the mobile brand, Evaristo clicks on where we select the mobile brand, Evaristo enters 'A9 (AGM)' into where we select the mobile brand, Evaristo types 'ARROW_DOWN' in where we select the mobile brand, Evaristo types 'ENTER' in where we select the mobile brand, Evaristo clicks on where we select the mobile brand, Evaristo enters 'Android 8.1' into where we select the mobile brand, Evaristo types 'ARROW_DOWN' in where we select the mobile brand, Evaristo types 'ENTER' in where we select the mobile brand, Evaristo clicks on button to continue to the next form], Evaristo security policy [Evaristo enters 'mc!E*1dzTIRw' into where we type the password, Evaristo enters 'mc!E*1dzTIRw' into where we type the password again, Evaristo clicks on where we select the computer OS, Evaristo clicks on where we select the computer OS, Evaristo clicks on where we select the computer OS, Evaristo clicks on where we select the computer OS]], Then he registers his information and see the Welcome to the world's largest community of freelance software testers! [Then answer]]
[Test worker] INFO net.thucydides.core.steps.ConsoleLoggingListener - 
        __    _____ _____ ____ _____   ____   _    ____  ____  _____ ____  
  _     \ \  |_   _| ____/ ___|_   _| |  _ \ / \  / ___|/ ___|| ____|  _ \ 
 (_)_____| |   | | |  _| \___ \ | |   | |_) / _ \ \___ \\___ \|  _| | | | |
  _|_____| |   | | | |___ ___) || |   |  __/ ___ \ ___) |___) | |___| |_| |
 (_)     | |   |_| |_____|____/ |_|   |_| /_/   \_\____/|____/|_____|____/ 
        /_/                                                                

TEST PASSED: Register in uTest community
----------------------------------------------------------------------------
]]></system-err>
</testsuite>
